#
# There is insufficient memory for the Java Runtime Environment to continue.
# Native memory allocation (malloc) failed to allocate 2713936 bytes for Chunk::new
# Possible reasons:
#   The system is out of physical RAM or swap space
#   The process is running with CompressedOops enabled, and the Java Heap may be blocking the growth of the native heap
# Possible solutions:
#   Reduce memory load on the system
#   Increase physical memory or swap space
#   Check if swap backing store is full
#   Decrease Java heap size (-Xmx/-Xms)
#   Decrease number of Java threads
#   Decrease Java thread stack sizes (-Xss)
#   Set larger code cache with -XX:ReservedCodeCacheSize=
#   JVM is running with Unscaled Compressed Oops mode in which the Java heap is
#     placed in the first 4GB address space. The Java Heap base address is the
#     maximum limit for the native heap growth. Please use -XX:HeapBaseMinAddress
#     to set the Java Heap base and to place the Java Heap above 4GB virtual address.
# This output file may be truncated or incomplete.
#
#  Out of Memory Error (arena.cpp:189), pid=26056, tid=17728
#
# JRE version: OpenJDK Runtime Environment (17.0+35) (build 17+35-2724)
# Java VM: OpenJDK 64-Bit Server VM (17+35-2724, mixed mode, sharing, tiered, compressed oops, compressed class ptrs, g1 gc, windows-amd64)
# No core dump will be written. Minidumps are not enabled by default on client versions of Windows
#

---------------  S U M M A R Y ------------

Command Line: -Dorg.gradle.internal.worker.tmpdir=D:\javaWork\gittest\springBootRestProjectFileUpload_20250909\build\tmp\test\work -agentlib:jdwp=transport=dt_socket,server=n,suspend=y,address=127.0.0.1:63159 -Xmx512m -Dfile.encoding=UTF-8 -Duser.country=KR -Duser.language=ko -Duser.variant -ea worker.org.gradle.process.internal.worker.GradleWorkerMain 'Gradle Test Executor 19'

Host: 13th Gen Intel(R) Core(TM) i5-13500H, 16 cores, 15G,  Windows 10 , 64 bit Build 19041 (10.0.19041.5915)
Time: Wed Sep 10 13:28:22 2025  Windows 10 , 64 bit Build 19041 (10.0.19041.5915) elapsed time: 5.009400 seconds (0d 0h 0m 5s)

---------------  T H R E A D  ---------------

Current thread (0x000002d254b07e60):  JavaThread "C2 CompilerThread0" daemon [_thread_in_native, id=17728, stack(0x000000dc64100000,0x000000dc64200000)]


Current CompileTask:
C2:   5009 6976   !   4       org.springframework.core.annotation.AnnotationsScanner::processMethodHierarchy (276 bytes)

Stack: [0x000000dc64100000,0x000000dc64200000]
Native frames: (J=compiled Java code, j=interpreted, Vv=VM code, C=native code)
V  [jvm.dll+0x66f8ea]
V  [jvm.dll+0x7ce224]
V  [jvm.dll+0x7cf9ce]
V  [jvm.dll+0x7d0033]
V  [jvm.dll+0x242bb5]
V  [jvm.dll+0xaa05b]
V  [jvm.dll+0xaa5ec]
V  [jvm.dll+0x35f9f7]
V  [jvm.dll+0x329f61]
V  [jvm.dll+0x32940a]
V  [jvm.dll+0x215ca1]
V  [jvm.dll+0x2150c1]
V  [jvm.dll+0x1a168d]
V  [jvm.dll+0x2248f8]
V  [jvm.dll+0x222a5c]
V  [jvm.dll+0x78422b]
V  [jvm.dll+0x77e7ea]
V  [jvm.dll+0x66e715]
C  [ucrtbase.dll+0x21bb2]
C  [KERNEL32.DLL+0x17374]
C  [ntdll.dll+0x4cc91]


---------------  P R O C E S S  ---------------

Threads class SMR info:
_java_thread_list=0x000002d25b4439c0, length=24, elements={
0x000002d2397c84c0, 0x000002d254acea00, 0x000002d254acf870, 0x000002d254aede60,
0x000002d254af1d30, 0x000002d254af26e0, 0x000002d254af3090, 0x000002d254b07e60,
0x000002d254b0b630, 0x000002d254b0c860, 0x000002d254b0a700, 0x000002d254b088a0,
0x000002d255596990, 0x000002d2555a5580, 0x000002d2555a8ea0, 0x000002d2555ae3a0,
0x000002d2555b2400, 0x000002d254b0bb40, 0x000002d254b0c050, 0x000002d255b8be00,
0x000002d256829800, 0x000002d256829cd0, 0x000002d256149a20, 0x000002d25614b230
}

Java Threads: ( => current thread )
  0x000002d2397c84c0 JavaThread "Test worker" [_thread_in_Java, id=18448, stack(0x000000dc63400000,0x000000dc63500000)]
  0x000002d254acea00 JavaThread "Reference Handler" daemon [_thread_blocked, id=19500, stack(0x000000dc63b00000,0x000000dc63c00000)]
  0x000002d254acf870 JavaThread "Finalizer" daemon [_thread_blocked, id=25424, stack(0x000000dc63c00000,0x000000dc63d00000)]
  0x000002d254aede60 JavaThread "Signal Dispatcher" daemon [_thread_blocked, id=8116, stack(0x000000dc63d00000,0x000000dc63e00000)]
  0x000002d254af1d30 JavaThread "Attach Listener" daemon [_thread_blocked, id=5028, stack(0x000000dc63e00000,0x000000dc63f00000)]
  0x000002d254af26e0 JavaThread "Service Thread" daemon [_thread_blocked, id=9936, stack(0x000000dc63f00000,0x000000dc64000000)]
  0x000002d254af3090 JavaThread "Monitor Deflation Thread" daemon [_thread_blocked, id=1608, stack(0x000000dc64000000,0x000000dc64100000)]
=>0x000002d254b07e60 JavaThread "C2 CompilerThread0" daemon [_thread_in_native, id=17728, stack(0x000000dc64100000,0x000000dc64200000)]
  0x000002d254b0b630 JavaThread "C1 CompilerThread0" daemon [_thread_blocked, id=15344, stack(0x000000dc64200000,0x000000dc64300000)]
  0x000002d254b0c860 JavaThread "Sweeper thread" daemon [_thread_blocked, id=26540, stack(0x000000dc64300000,0x000000dc64400000)]
  0x000002d254b0a700 JavaThread "C1 CompilerThread1" daemon [_thread_blocked, id=22372, stack(0x000000dc64400000,0x000000dc64500000)]
  0x000002d254b088a0 JavaThread "C1 CompilerThread2" daemon [_thread_blocked, id=20716, stack(0x000000dc64500000,0x000000dc64600000)]
  0x000002d255596990 JavaThread "JDWP Transport Listener: dt_socket" daemon [_thread_blocked, id=14268, stack(0x000000dc64600000,0x000000dc64700000)]
  0x000002d2555a5580 JavaThread "JDWP Event Helper Thread" daemon [_thread_blocked, id=15532, stack(0x000000dc64700000,0x000000dc64800000)]
  0x000002d2555a8ea0 JavaThread "JDWP Command Reader" daemon [_thread_in_native, id=26040, stack(0x000000dc64800000,0x000000dc64900000)]
  0x000002d2555ae3a0 JavaThread "Notification Thread" daemon [_thread_blocked, id=19132, stack(0x000000dc64900000,0x000000dc64a00000)]
  0x000002d2555b2400 JavaThread "Common-Cleaner" daemon [_thread_blocked, id=11616, stack(0x000000dc64b00000,0x000000dc64c00000)]
  0x000002d254b0bb40 JavaThread "C2 CompilerThread1" daemon [_thread_in_native, id=7612, stack(0x000000dc64c00000,0x000000dc64d00000)]
  0x000002d254b0c050 JavaThread "C1 CompilerThread3" daemon [_thread_blocked, id=16016, stack(0x000000dc64d00000,0x000000dc64e00000)]
  0x000002d255b8be00 JavaThread "/127.0.0.1:63163 to /127.0.0.1:63161 workers" [_thread_blocked, id=12580, stack(0x000000dc64f00000,0x000000dc65000000)]
  0x000002d256829800 JavaThread "/127.0.0.1:63163 to /127.0.0.1:63161 workers Thread 2" [_thread_blocked, id=15240, stack(0x000000dc65c00000,0x000000dc65d00000)]
  0x000002d256829cd0 JavaThread "/127.0.0.1:63163 to /127.0.0.1:63161 workers Thread 3" [_thread_in_native, id=26964, stack(0x000000dc65d00000,0x000000dc65e00000)]
  0x000002d256149a20 JavaThread "HikariPool-1:housekeeper" daemon [_thread_blocked, id=10876, stack(0x000000dc65e00000,0x000000dc65f00000)]
  0x000002d25614b230 JavaThread "HikariPool-1:connection-adder" daemon [_thread_blocked, id=16552, stack(0x000000dc66100000,0x000000dc66200000)]

Other Threads:
  0x000002d254ac7130 VMThread "VM Thread" [stack: 0x000000dc63a00000,0x000000dc63b00000] [id=15776]
  0x000002d239851810 WatcherThread [stack: 0x000000dc64a00000,0x000000dc64b00000] [id=18732]
  0x000002d2397f0b30 GCTaskThread "GC Thread#0" [stack: 0x000000dc63500000,0x000000dc63600000] [id=14296]
  0x000002d25694ac50 GCTaskThread "GC Thread#1" [stack: 0x000000dc65000000,0x000000dc65100000] [id=13780]
  0x000002d2561120c0 GCTaskThread "GC Thread#2" [stack: 0x000000dc65100000,0x000000dc65200000] [id=25700]
  0x000002d25674c3d0 GCTaskThread "GC Thread#3" [stack: 0x000000dc65200000,0x000000dc65300000] [id=23240]
  0x000002d25682f000 GCTaskThread "GC Thread#4" [stack: 0x000000dc65300000,0x000000dc65400000] [id=14740]
  0x000002d2567f7360 GCTaskThread "GC Thread#5" [stack: 0x000000dc65400000,0x000000dc65500000] [id=21068]
  0x000002d25613ec90 GCTaskThread "GC Thread#6" [stack: 0x000000dc65500000,0x000000dc65600000] [id=4100]
  0x000002d25613ef40 GCTaskThread "GC Thread#7" [stack: 0x000000dc65600000,0x000000dc65700000] [id=24072]
  0x000002d25613f1f0 GCTaskThread "GC Thread#8" [stack: 0x000000dc65700000,0x000000dc65800000] [id=5556]
  0x000002d25613f8b0 GCTaskThread "GC Thread#9" [stack: 0x000000dc65800000,0x000000dc65900000] [id=27088]
  0x000002d25613fb60 GCTaskThread "GC Thread#10" [stack: 0x000000dc65900000,0x000000dc65a00000] [id=10280]
  0x000002d25613fe10 GCTaskThread "GC Thread#11" [stack: 0x000000dc65a00000,0x000000dc65b00000] [id=27412]
  0x000002d256664010 GCTaskThread "GC Thread#12" [stack: 0x000000dc65b00000,0x000000dc65c00000] [id=11092]
  0x000002d2397f5a70 ConcurrentGCThread "G1 Main Marker" [stack: 0x000000dc63600000,0x000000dc63700000] [id=24708]
  0x000002d2397f6480 ConcurrentGCThread "G1 Conc#0" [stack: 0x000000dc63700000,0x000000dc63800000] [id=26796]
  0x000002d2574d6830 ConcurrentGCThread "G1 Conc#1" [stack: 0x000000dc65f00000,0x000000dc66000000] [id=23336]
  0x000002d2574d75a0 ConcurrentGCThread "G1 Conc#2" [stack: 0x000000dc66000000,0x000000dc66100000] [id=4892]
  0x000002d23988df40 ConcurrentGCThread "G1 Refine#0" [stack: 0x000000dc63800000,0x000000dc63900000] [id=12680]
  0x000002d23988e960 ConcurrentGCThread "G1 Service" [stack: 0x000000dc63900000,0x000000dc63a00000] [id=17500]

Threads with active compile tasks:
C2 CompilerThread0     5023 6976   !   4       org.springframework.core.annotation.AnnotationsScanner::processMethodHierarchy (276 bytes)
C2 CompilerThread1     5023 6256       4       org.antlr.v4.runtime.misc.Array2DHashSet::getOrAddImpl (146 bytes)

VM state: not at safepoint (normal execution)

VM Mutex/Monitor currently owned by a thread: None

Heap address: 0x00000000e0000000, size: 512 MB, Compressed Oops mode: 32-bit

CDS archive(s) mapped at: [0x0000000800000000-0x0000000800bc0000-0x0000000800bc0000), size 12320768, SharedBaseAddress: 0x0000000800000000, ArchiveRelocationMode: 0.
Compressed class space mapped at: 0x0000000800c00000-0x0000000840c00000, reserved size: 1073741824
Narrow klass base: 0x0000000800000000, Narrow klass shift: 0, Narrow klass range: 0x100000000

GC Precious Log:
 CPUs: 16 total, 16 available
 Memory: 16024M
 Large Page Support: Disabled
 NUMA Support: Disabled
 Compressed Oops: Enabled (32-bit)
 Heap Region Size: 1M
 Heap Min Capacity: 8M
 Heap Initial Capacity: 252M
 Heap Max Capacity: 512M
 Pre-touch: Disabled
 Parallel Workers: 13
 Concurrent Workers: 3
 Concurrent Refinement Workers: 13
 Periodic GC: Disabled

Heap:
 garbage-first heap   total 81920K, used 41763K [0x00000000e0000000, 0x0000000100000000)
  region size 1024K, 5 young (5120K), 3 survivors (3072K)
 Metaspace       used 85946K, committed 86656K, reserved 1130496K
  class space    used 12065K, committed 12416K, reserved 1048576K

Heap Regions: E=young(eden), S=young(survivor), O=old, HS=humongous(starts), HC=humongous(continues), CS=collection set, F=free, OA=open archive, CA=closed archive, TAMS=top-at-mark-start (previous, next)
|   0|0x00000000e0000000, 0x00000000e0100000, 0x00000000e0100000|100%|HS|  |TAMS 0x00000000e0100000, 0x00000000e0000000| Complete 
|   1|0x00000000e0100000, 0x00000000e0200000, 0x00000000e0200000|100%|HS|  |TAMS 0x00000000e0200000, 0x00000000e0100000| Complete 
|   2|0x00000000e0200000, 0x00000000e0300000, 0x00000000e0300000|100%| O|  |TAMS 0x00000000e0300000, 0x00000000e0200000| Untracked 
|   3|0x00000000e0300000, 0x00000000e0400000, 0x00000000e0400000|100%| O|  |TAMS 0x00000000e0400000, 0x00000000e0300000| Untracked 
|   4|0x00000000e0400000, 0x00000000e0500000, 0x00000000e0500000|100%| O|  |TAMS 0x00000000e0500000, 0x00000000e0400000| Untracked 
|   5|0x00000000e0500000, 0x00000000e0600000, 0x00000000e0600000|100%| O|  |TAMS 0x00000000e0600000, 0x00000000e0500000| Untracked 
|   6|0x00000000e0600000, 0x00000000e0700000, 0x00000000e0700000|100%| O|  |TAMS 0x00000000e0700000, 0x00000000e0600000| Untracked 
|   7|0x00000000e0700000, 0x00000000e0800000, 0x00000000e0800000|100%| O|  |TAMS 0x00000000e0800000, 0x00000000e0700000| Untracked 
|   8|0x00000000e0800000, 0x00000000e0900000, 0x00000000e0900000|100%| O|  |TAMS 0x00000000e0900000, 0x00000000e0800000| Untracked 
|   9|0x00000000e0900000, 0x00000000e0a00000, 0x00000000e0a00000|100%| O|  |TAMS 0x00000000e0a00000, 0x00000000e0900000| Untracked 
|  10|0x00000000e0a00000, 0x00000000e0b00000, 0x00000000e0b00000|100%| O|  |TAMS 0x00000000e0b00000, 0x00000000e0a00000| Untracked 
|  11|0x00000000e0b00000, 0x00000000e0c00000, 0x00000000e0c00000|100%| O|  |TAMS 0x00000000e0c00000, 0x00000000e0b00000| Untracked 
|  12|0x00000000e0c00000, 0x00000000e0d00000, 0x00000000e0d00000|100%| O|  |TAMS 0x00000000e0d00000, 0x00000000e0c00000| Untracked 
|  13|0x00000000e0d00000, 0x00000000e0e00000, 0x00000000e0e00000|100%| O|  |TAMS 0x00000000e0e00000, 0x00000000e0d00000| Untracked 
|  14|0x00000000e0e00000, 0x00000000e0f00000, 0x00000000e0f00000|100%| O|  |TAMS 0x00000000e0f00000, 0x00000000e0e00000| Untracked 
|  15|0x00000000e0f00000, 0x00000000e1000000, 0x00000000e1000000|100%| O|  |TAMS 0x00000000e1000000, 0x00000000e0f00000| Untracked 
|  16|0x00000000e1000000, 0x00000000e1100000, 0x00000000e1100000|100%| O|  |TAMS 0x00000000e1100000, 0x00000000e1000000| Untracked 
|  17|0x00000000e1100000, 0x00000000e1200000, 0x00000000e1200000|100%| O|  |TAMS 0x00000000e1200000, 0x00000000e1100000| Untracked 
|  18|0x00000000e1200000, 0x00000000e1300000, 0x00000000e1300000|100%| O|  |TAMS 0x00000000e1300000, 0x00000000e1200000| Untracked 
|  19|0x00000000e1300000, 0x00000000e1400000, 0x00000000e1400000|100%| O|  |TAMS 0x00000000e1400000, 0x00000000e1300000| Untracked 
|  20|0x00000000e1400000, 0x00000000e1500000, 0x00000000e1500000|100%| O|  |TAMS 0x00000000e1500000, 0x00000000e1400000| Untracked 
|  21|0x00000000e1500000, 0x00000000e1600000, 0x00000000e1600000|100%| O|  |TAMS 0x00000000e15dda00, 0x00000000e1500000| Untracked 
|  22|0x00000000e1600000, 0x00000000e1700000, 0x00000000e1700000|100%| O|  |TAMS 0x00000000e1600000, 0x00000000e1600000| Untracked 
|  23|0x00000000e1700000, 0x00000000e1800000, 0x00000000e1800000|100%| O|  |TAMS 0x00000000e1800000, 0x00000000e1700000| Untracked 
|  24|0x00000000e1800000, 0x00000000e1900000, 0x00000000e1900000|100%| O|  |TAMS 0x00000000e1900000, 0x00000000e1800000| Untracked 
|  25|0x00000000e1900000, 0x00000000e1a00000, 0x00000000e1a00000|100%| O|  |TAMS 0x00000000e1a00000, 0x00000000e1900000| Untracked 
|  26|0x00000000e1a00000, 0x00000000e1b00000, 0x00000000e1b00000|100%| O|  |TAMS 0x00000000e1a00000, 0x00000000e1a00000| Untracked 
|  27|0x00000000e1b00000, 0x00000000e1c00000, 0x00000000e1c00000|100%| O|  |TAMS 0x00000000e1b00000, 0x00000000e1b00000| Untracked 
|  28|0x00000000e1c00000, 0x00000000e1d00000, 0x00000000e1d00000|100%| O|  |TAMS 0x00000000e1c00000, 0x00000000e1c00000| Untracked 
|  29|0x00000000e1d00000, 0x00000000e1e00000, 0x00000000e1e00000|100%| O|  |TAMS 0x00000000e1d00000, 0x00000000e1d00000| Untracked 
|  30|0x00000000e1e00000, 0x00000000e1f00000, 0x00000000e1f00000|100%| O|  |TAMS 0x00000000e1e00000, 0x00000000e1e00000| Untracked 
|  31|0x00000000e1f00000, 0x00000000e2000000, 0x00000000e2000000|100%| O|  |TAMS 0x00000000e1f00000, 0x00000000e1f00000| Untracked 
|  32|0x00000000e2000000, 0x00000000e2100000, 0x00000000e2100000|100%| O|  |TAMS 0x00000000e2000000, 0x00000000e2000000| Untracked 
|  33|0x00000000e2100000, 0x00000000e2200000, 0x00000000e2200000|100%| O|  |TAMS 0x00000000e2100000, 0x00000000e2100000| Untracked 
|  34|0x00000000e2200000, 0x00000000e2300000, 0x00000000e2300000|100%| O|  |TAMS 0x00000000e2200000, 0x00000000e2200000| Untracked 
|  35|0x00000000e2300000, 0x00000000e2400000, 0x00000000e2400000|100%| O|  |TAMS 0x00000000e2300000, 0x00000000e2300000| Untracked 
|  36|0x00000000e2400000, 0x00000000e24c8c00, 0x00000000e2500000| 78%| O|  |TAMS 0x00000000e2400000, 0x00000000e2400000| Untracked 
|  37|0x00000000e2500000, 0x00000000e2500000, 0x00000000e2600000|  0%| F|  |TAMS 0x00000000e2500000, 0x00000000e2500000| Untracked 
|  38|0x00000000e2600000, 0x00000000e2600000, 0x00000000e2700000|  0%| F|  |TAMS 0x00000000e2600000, 0x00000000e2600000| Untracked 
|  39|0x00000000e2700000, 0x00000000e2700000, 0x00000000e2800000|  0%| F|  |TAMS 0x00000000e2700000, 0x00000000e2700000| Untracked 
|  40|0x00000000e2800000, 0x00000000e2800000, 0x00000000e2900000|  0%| F|  |TAMS 0x00000000e2800000, 0x00000000e2800000| Untracked 
|  41|0x00000000e2900000, 0x00000000e2900000, 0x00000000e2a00000|  0%| F|  |TAMS 0x00000000e2900000, 0x00000000e2900000| Untracked 
|  42|0x00000000e2a00000, 0x00000000e2a00000, 0x00000000e2b00000|  0%| F|  |TAMS 0x00000000e2a00000, 0x00000000e2a00000| Untracked 
|  43|0x00000000e2b00000, 0x00000000e2b00000, 0x00000000e2c00000|  0%| F|  |TAMS 0x00000000e2b00000, 0x00000000e2b00000| Untracked 
|  44|0x00000000e2c00000, 0x00000000e2c00000, 0x00000000e2d00000|  0%| F|  |TAMS 0x00000000e2c00000, 0x00000000e2c00000| Untracked 
|  45|0x00000000e2d00000, 0x00000000e2e00000, 0x00000000e2e00000|100%| S|CS|TAMS 0x00000000e2d00000, 0x00000000e2d00000| Complete 
|  46|0x00000000e2e00000, 0x00000000e2e00000, 0x00000000e2f00000|  0%| F|  |TAMS 0x00000000e2e00000, 0x00000000e2e00000| Untracked 
|  47|0x00000000e2f00000, 0x00000000e2f00000, 0x00000000e3000000|  0%| F|  |TAMS 0x00000000e2f00000, 0x00000000e2f00000| Untracked 
|  48|0x00000000e3000000, 0x00000000e3100000, 0x00000000e3100000|100%| S|CS|TAMS 0x00000000e3000000, 0x00000000e3000000| Complete 
|  49|0x00000000e3100000, 0x00000000e3100000, 0x00000000e3200000|  0%| F|  |TAMS 0x00000000e3100000, 0x00000000e3100000| Untracked 
|  50|0x00000000e3200000, 0x00000000e3200000, 0x00000000e3300000|  0%| F|  |TAMS 0x00000000e3200000, 0x00000000e3200000| Untracked 
|  51|0x00000000e3300000, 0x00000000e3400000, 0x00000000e3400000|100%| S|CS|TAMS 0x00000000e3300000, 0x00000000e3300000| Complete 
|  52|0x00000000e3400000, 0x00000000e3400000, 0x00000000e3500000|  0%| F|  |TAMS 0x00000000e3400000, 0x00000000e3400000| Untracked 
|  53|0x00000000e3500000, 0x00000000e3500000, 0x00000000e3600000|  0%| F|  |TAMS 0x00000000e3500000, 0x00000000e3500000| Untracked 
|  54|0x00000000e3600000, 0x00000000e3600000, 0x00000000e3700000|  0%| F|  |TAMS 0x00000000e3600000, 0x00000000e3600000| Untracked 
|  55|0x00000000e3700000, 0x00000000e3700000, 0x00000000e3800000|  0%| F|  |TAMS 0x00000000e3700000, 0x00000000e3700000| Untracked 
|  56|0x00000000e3800000, 0x00000000e3800000, 0x00000000e3900000|  0%| F|  |TAMS 0x00000000e3800000, 0x00000000e3800000| Untracked 
|  57|0x00000000e3900000, 0x00000000e3900000, 0x00000000e3a00000|  0%| F|  |TAMS 0x00000000e3900000, 0x00000000e3900000| Untracked 
|  58|0x00000000e3a00000, 0x00000000e3a00000, 0x00000000e3b00000|  0%| F|  |TAMS 0x00000000e3a00000, 0x00000000e3a00000| Untracked 
|  59|0x00000000e3b00000, 0x00000000e3b00000, 0x00000000e3c00000|  0%| F|  |TAMS 0x00000000e3b00000, 0x00000000e3b00000| Untracked 
|  60|0x00000000e3c00000, 0x00000000e3c00000, 0x00000000e3d00000|  0%| F|  |TAMS 0x00000000e3c00000, 0x00000000e3c00000| Untracked 
|  61|0x00000000e3d00000, 0x00000000e3d00000, 0x00000000e3e00000|  0%| F|  |TAMS 0x00000000e3d00000, 0x00000000e3d00000| Untracked 
|  62|0x00000000e3e00000, 0x00000000e3e00000, 0x00000000e3f00000|  0%| F|  |TAMS 0x00000000e3e00000, 0x00000000e3e00000| Untracked 
|  63|0x00000000e3f00000, 0x00000000e3f00000, 0x00000000e4000000|  0%| F|  |TAMS 0x00000000e3f00000, 0x00000000e3f00000| Untracked 
|  64|0x00000000e4000000, 0x00000000e4000000, 0x00000000e4100000|  0%| F|  |TAMS 0x00000000e4000000, 0x00000000e4000000| Untracked 
|  65|0x00000000e4100000, 0x00000000e4100000, 0x00000000e4200000|  0%| F|  |TAMS 0x00000000e4100000, 0x00000000e4100000| Untracked 
|  66|0x00000000e4200000, 0x00000000e4200000, 0x00000000e4300000|  0%| F|  |TAMS 0x00000000e4200000, 0x00000000e4200000| Untracked 
|  67|0x00000000e4300000, 0x00000000e4300000, 0x00000000e4400000|  0%| F|  |TAMS 0x00000000e4300000, 0x00000000e4300000| Untracked 
|  68|0x00000000e4400000, 0x00000000e4400000, 0x00000000e4500000|  0%| F|  |TAMS 0x00000000e4400000, 0x00000000e4400000| Untracked 
|  69|0x00000000e4500000, 0x00000000e4500000, 0x00000000e4600000|  0%| F|  |TAMS 0x00000000e4500000, 0x00000000e4500000| Untracked 
|  70|0x00000000e4600000, 0x00000000e4600000, 0x00000000e4700000|  0%| F|  |TAMS 0x00000000e4600000, 0x00000000e4600000| Untracked 
|  71|0x00000000e4700000, 0x00000000e4700000, 0x00000000e4800000|  0%| F|  |TAMS 0x00000000e4700000, 0x00000000e4700000| Untracked 
|  72|0x00000000e4800000, 0x00000000e4800000, 0x00000000e4900000|  0%| F|  |TAMS 0x00000000e4800000, 0x00000000e4800000| Untracked 
|  73|0x00000000e4900000, 0x00000000e4900000, 0x00000000e4a00000|  0%| F|  |TAMS 0x00000000e4900000, 0x00000000e4900000| Untracked 
|  74|0x00000000e4a00000, 0x00000000e4a00000, 0x00000000e4b00000|  0%| F|  |TAMS 0x00000000e4a00000, 0x00000000e4a00000| Untracked 
|  75|0x00000000e4b00000, 0x00000000e4b00000, 0x00000000e4c00000|  0%| F|  |TAMS 0x00000000e4b00000, 0x00000000e4b00000| Untracked 
|  76|0x00000000e4c00000, 0x00000000e4c00000, 0x00000000e4d00000|  0%| F|  |TAMS 0x00000000e4c00000, 0x00000000e4c00000| Untracked 
|  77|0x00000000e4d00000, 0x00000000e4d00000, 0x00000000e4e00000|  0%| F|  |TAMS 0x00000000e4d00000, 0x00000000e4d00000| Untracked 
|  78|0x00000000e4e00000, 0x00000000e4f00000, 0x00000000e4f00000|100%| E|  |TAMS 0x00000000e4e00000, 0x00000000e4e00000| Complete 
| 251|0x00000000efb00000, 0x00000000efc00000, 0x00000000efc00000|100%| E|CS|TAMS 0x00000000efb00000, 0x00000000efb00000| Complete 

Card table byte_map: [0x000002d250940000,0x000002d250a40000] _byte_map_base: 0x000002d250240000

Marking Bits (Prev, Next): (CMBitMap*) 0x000002d2397f1180, (CMBitMap*) 0x000002d2397f1140
 Prev Bits: [0x000002d251340000, 0x000002d251b40000)
 Next Bits: [0x000002d250b40000, 0x000002d251340000)

Polling page: 0x000002d238f90000

Metaspace:

Usage:
  Non-class:     72.15 MB used.
      Class:     11.78 MB used.
       Both:     83.93 MB used.

Virtual space:
  Non-class space:       80.00 MB reserved,      72.50 MB ( 91%) committed,  10 nodes.
      Class space:        1.00 GB reserved,      12.12 MB (  1%) committed,  1 nodes.
             Both:        1.08 GB reserved,      84.62 MB (  8%) committed. 

Chunk freelists:
   Non-Class:  2.61 MB
       Class:  3.94 MB
        Both:  6.54 MB

MaxMetaspaceSize: unlimited
CompressedClassSpaceSize: 1.00 GB
Initial GC threshold: 21.00 MB
Current GC threshold: 98.25 MB
CDS: on
MetaspaceReclaimPolicy: balanced
 - commit_granule_bytes: 65536.
 - commit_granule_words: 8192.
 - virtual_space_node_default_size: 1048576.
 - enlarge_chunks_in_place: 1.
 - new_chunks_are_fully_committed: 0.
 - uncommit_free_chunks: 1.
 - use_allocation_guard: 0.
 - handle_deallocations: 1.


Internal statistics:

num_allocs_failed_limit: 9.
num_arena_births: 886.
num_arena_deaths: 0.
num_vsnodes_births: 11.
num_vsnodes_deaths: 0.
num_space_committed: 1354.
num_space_uncommitted: 0.
num_chunks_returned_to_freelist: 9.
num_chunks_taken_from_freelist: 3979.
num_chunk_merges: 9.
num_chunk_splits: 2983.
num_chunks_enlarged: 2432.
num_purges: 0.
num_inconsistent_stats: 0.

CodeHeap 'non-profiled nmethods': size=119168Kb used=4006Kb max_used=4006Kb free=115161Kb
 bounds [0x000002d248b50000, 0x000002d248f40000, 0x000002d24ffb0000]
CodeHeap 'profiled nmethods': size=119104Kb used=13212Kb max_used=13212Kb free=105891Kb
 bounds [0x000002d241700000, 0x000002d2423f0000, 0x000002d248b50000]
CodeHeap 'non-nmethods': size=7488Kb used=3459Kb max_used=3541Kb free=4028Kb
 bounds [0x000002d240fb0000, 0x000002d241340000, 0x000002d241700000]
 total_blobs=7049 nmethods=6255 adapters=703
 compilation: enabled
              stopped_count=0, restarted_count=0
 full_count=0

Compilation events (20 events):
Event: 4.884 Thread 0x000002d254b0a700 7008       2       java.util.concurrent.ConcurrentHashMap$EntrySetView::iterator (34 bytes)
Event: 4.884 Thread 0x000002d254b0b630 7009       2       java.util.concurrent.ConcurrentHashMap$EntryIterator::<init> (12 bytes)
Event: 4.884 Thread 0x000002d254b088a0 nmethod 7007 0x000002d2423e2e10 code [0x000002d2423e2fc0, 0x000002d2423e3218]
Event: 4.884 Thread 0x000002d254b0b630 nmethod 7009 0x000002d2423e3310 code [0x000002d2423e34a0, 0x000002d2423e3608]
Event: 4.884 Thread 0x000002d254b0c050 nmethod 7010 0x000002d2423e3710 code [0x000002d2423e38c0, 0x000002d2423e3a58]
Event: 4.884 Thread 0x000002d254b0a700 nmethod 7008 0x000002d2423e3b90 code [0x000002d2423e3d40, 0x000002d2423e3f28]
Event: 4.886 Thread 0x000002d254b0a700 7011       2       org.springframework.core.annotation.AnnotationTypeMapping::addConventionAnnotationValues (113 bytes)
Event: 4.886 Thread 0x000002d254b0c050 7012       2       org.springframework.core.annotation.AnnotationTypeMapping::computeSynthesizableFlag (226 bytes)
Event: 4.886 Thread 0x000002d254b0a700 nmethod 7011 0x000002d2423e4090 code [0x000002d2423e4280, 0x000002d2423e46a8]
Event: 4.886 Thread 0x000002d254b0c050 nmethod 7012 0x000002d2423e4a10 code [0x000002d2423e4c60, 0x000002d2423e5338]
Event: 4.887 Thread 0x000002d254b0c050 7013   !   2       jdk.proxy3.$Proxy10::annotationType (29 bytes)
Event: 4.887 Thread 0x000002d254b0c050 nmethod 7013 0x000002d2423e5810 code [0x000002d2423e59e0, 0x000002d2423e5cb8]
Event: 4.888 Thread 0x000002d254b0c050 7014       2       java.lang.Character::hashCode (8 bytes)
Event: 4.888 Thread 0x000002d254b088a0 7015       2       java.lang.Character::hashCode (2 bytes)
Event: 4.888 Thread 0x000002d254b088a0 nmethod 7015 0x000002d2423e5e90 code [0x000002d2423e6020, 0x000002d2423e6118]
Event: 4.888 Thread 0x000002d254b0c050 nmethod 7014 0x000002d2423e6190 code [0x000002d2423e6320, 0x000002d2423e6438]
Event: 4.915 Thread 0x000002d254b07e60 nmethod 5870 0x000002d248f0cc10 code [0x000002d248f0d480, 0x000002d248f1e200]
Event: 4.916 Thread 0x000002d254b07e60 6976   !   4       org.springframework.core.annotation.AnnotationsScanner::processMethodHierarchy (276 bytes)
Event: 4.943 Thread 0x000002d254b0b630 7017       2       java.util.jar.Manifest$FastInputStream::fill (38 bytes)
Event: 4.943 Thread 0x000002d254b0b630 nmethod 7017 0x000002d2423e6510 code [0x000002d2423e66a0, 0x000002d2423e6808]

GC Heap History (20 events):
Event: 2.489 GC heap before
{Heap before GC invocations=13 (full 0):
 garbage-first heap   total 81920K, used 66454K [0x00000000e0000000, 0x0000000100000000)
  region size 1024K, 48 young (49152K), 5 survivors (5120K)
 Metaspace       used 42290K, committed 42752K, reserved 1089536K
  class space    used 5595K, committed 5824K, reserved 1048576K
}
Event: 2.492 GC heap after
{Heap after GC invocations=14 (full 0):
 garbage-first heap   total 81920K, used 25581K [0x00000000e0000000, 0x0000000100000000)
  region size 1024K, 6 young (6144K), 6 survivors (6144K)
 Metaspace       used 42290K, committed 42752K, reserved 1089536K
  class space    used 5595K, committed 5824K, reserved 1048576K
}
Event: 2.550 GC heap before
{Heap before GC invocations=14 (full 0):
 garbage-first heap   total 81920K, used 30701K [0x00000000e0000000, 0x0000000100000000)
  region size 1024K, 11 young (11264K), 6 survivors (6144K)
 Metaspace       used 43150K, committed 43584K, reserved 1089536K
  class space    used 5731K, committed 5952K, reserved 1048576K
}
Event: 2.553 GC heap after
{Heap after GC invocations=15 (full 0):
 garbage-first heap   total 81920K, used 26486K [0x00000000e0000000, 0x0000000100000000)
  region size 1024K, 1 young (1024K), 1 survivors (1024K)
 Metaspace       used 43150K, committed 43584K, reserved 1089536K
  class space    used 5731K, committed 5952K, reserved 1048576K
}
Event: 3.006 GC heap before
{Heap before GC invocations=15 (full 0):
 garbage-first heap   total 81920K, used 65398K [0x00000000e0000000, 0x0000000100000000)
  region size 1024K, 39 young (39936K), 1 survivors (1024K)
 Metaspace       used 53015K, committed 53504K, reserved 1097728K
  class space    used 7112K, committed 7360K, reserved 1048576K
}
Event: 3.008 GC heap after
{Heap after GC invocations=16 (full 0):
 garbage-first heap   total 81920K, used 27735K [0x00000000e0000000, 0x0000000100000000)
  region size 1024K, 3 young (3072K), 3 survivors (3072K)
 Metaspace       used 53015K, committed 53504K, reserved 1097728K
  class space    used 7112K, committed 7360K, reserved 1048576K
}
Event: 3.324 GC heap before
{Heap before GC invocations=16 (full 0):
 garbage-first heap   total 81920K, used 60503K [0x00000000e0000000, 0x0000000100000000)
  region size 1024K, 37 young (37888K), 3 survivors (3072K)
 Metaspace       used 59610K, committed 60160K, reserved 1105920K
  class space    used 7981K, committed 8256K, reserved 1048576K
}
Event: 3.326 GC heap after
{Heap after GC invocations=17 (full 0):
 garbage-first heap   total 81920K, used 29412K [0x00000000e0000000, 0x0000000100000000)
  region size 1024K, 4 young (4096K), 4 survivors (4096K)
 Metaspace       used 59610K, committed 60160K, reserved 1105920K
  class space    used 7981K, committed 8256K, reserved 1048576K
}
Event: 3.693 GC heap before
{Heap before GC invocations=18 (full 0):
 garbage-first heap   total 81920K, used 66276K [0x00000000e0000000, 0x0000000100000000)
  region size 1024K, 40 young (40960K), 4 survivors (4096K)
 Metaspace       used 67997K, committed 68608K, reserved 1114112K
  class space    used 9383K, committed 9664K, reserved 1048576K
}
Event: 3.695 GC heap after
{Heap after GC invocations=19 (full 0):
 garbage-first heap   total 81920K, used 30345K [0x00000000e0000000, 0x0000000100000000)
  region size 1024K, 3 young (3072K), 3 survivors (3072K)
 Metaspace       used 67997K, committed 68608K, reserved 1114112K
  class space    used 9383K, committed 9664K, reserved 1048576K
}
Event: 4.085 GC heap before
{Heap before GC invocations=19 (full 0):
 garbage-first heap   total 81920K, used 67209K [0x00000000e0000000, 0x0000000100000000)
  region size 1024K, 39 young (39936K), 3 survivors (3072K)
 Metaspace       used 74764K, committed 75328K, reserved 1114112K
  class space    used 10429K, committed 10688K, reserved 1048576K
}
Event: 4.088 GC heap after
{Heap after GC invocations=20 (full 0):
 garbage-first heap   total 81920K, used 33275K [0x00000000e0000000, 0x0000000100000000)
  region size 1024K, 5 young (5120K), 5 survivors (5120K)
 Metaspace       used 74764K, committed 75328K, reserved 1114112K
  class space    used 10429K, committed 10688K, reserved 1048576K
}
Event: 4.208 GC heap before
{Heap before GC invocations=20 (full 0):
 garbage-first heap   total 81920K, used 66043K [0x00000000e0000000, 0x0000000100000000)
  region size 1024K, 37 young (37888K), 5 survivors (5120K)
 Metaspace       used 76840K, committed 77440K, reserved 1122304K
  class space    used 10834K, committed 11136K, reserved 1048576K
}
Event: 4.211 GC heap after
{Heap after GC invocations=21 (full 0):
 garbage-first heap   total 81920K, used 35107K [0x00000000e0000000, 0x0000000100000000)
  region size 1024K, 2 young (2048K), 2 survivors (2048K)
 Metaspace       used 76840K, committed 77440K, reserved 1122304K
  class space    used 10834K, committed 11136K, reserved 1048576K
}
Event: 4.345 GC heap before
{Heap before GC invocations=21 (full 0):
 garbage-first heap   total 81920K, used 65827K [0x00000000e0000000, 0x0000000100000000)
  region size 1024K, 33 young (33792K), 2 survivors (2048K)
 Metaspace       used 78992K, committed 79616K, reserved 1122304K
  class space    used 11139K, committed 11392K, reserved 1048576K
}
Event: 4.347 GC heap after
{Heap after GC invocations=22 (full 0):
 garbage-first heap   total 81920K, used 36256K [0x00000000e0000000, 0x0000000100000000)
  region size 1024K, 4 young (4096K), 4 survivors (4096K)
 Metaspace       used 78992K, committed 79616K, reserved 1122304K
  class space    used 11139K, committed 11392K, reserved 1048576K
}
Event: 4.560 GC heap before
{Heap before GC invocations=22 (full 0):
 garbage-first heap   total 81920K, used 65952K [0x00000000e0000000, 0x0000000100000000)
  region size 1024K, 33 young (33792K), 4 survivors (4096K)
 Metaspace       used 81706K, committed 82304K, reserved 1122304K
  class space    used 11484K, committed 11776K, reserved 1048576K
}
Event: 4.562 GC heap after
{Heap after GC invocations=23 (full 0):
 garbage-first heap   total 81920K, used 38012K [0x00000000e0000000, 0x0000000100000000)
  region size 1024K, 4 young (4096K), 4 survivors (4096K)
 Metaspace       used 81706K, committed 82304K, reserved 1122304K
  class space    used 11484K, committed 11776K, reserved 1048576K
}
Event: 4.911 GC heap before
{Heap before GC invocations=23 (full 0):
 garbage-first heap   total 81920K, used 66684K [0x00000000e0000000, 0x0000000100000000)
  region size 1024K, 32 young (32768K), 4 survivors (4096K)
 Metaspace       used 85414K, committed 86080K, reserved 1122304K
  class space    used 11992K, committed 12352K, reserved 1048576K
}
Event: 4.914 GC heap after
{Heap after GC invocations=24 (full 0):
 garbage-first heap   total 81920K, used 40739K [0x00000000e0000000, 0x0000000100000000)
  region size 1024K, 3 young (3072K), 3 survivors (3072K)
 Metaspace       used 85414K, committed 86080K, reserved 1122304K
  class space    used 11992K, committed 12352K, reserved 1048576K
}

Deoptimization events (20 events):
Event: 4.936 Thread 0x000002d2397c84c0 DEOPT PACKING pc=0x000002d24209eae4 sp=0x000000dc634f91b0
Event: 4.936 Thread 0x000002d2397c84c0 DEOPT UNPACKING pc=0x000002d241002b43 sp=0x000000dc634f8650 mode 1
Event: 4.936 Thread 0x000002d2397c84c0 DEOPT PACKING pc=0x000002d24209f1dc sp=0x000000dc634f9200
Event: 4.936 Thread 0x000002d2397c84c0 DEOPT UNPACKING pc=0x000002d241002b43 sp=0x000000dc634f86f0 mode 1
Event: 4.938 Thread 0x000002d2397c84c0 DEOPT PACKING pc=0x000002d24191ba14 sp=0x000000dc634f8340
Event: 4.938 Thread 0x000002d2397c84c0 DEOPT UNPACKING pc=0x000002d241002b43 sp=0x000000dc634f78a8 mode 1
Event: 4.940 Thread 0x000002d2397c84c0 DEOPT PACKING pc=0x000002d2420f7244 sp=0x000000dc634f8f30
Event: 4.940 Thread 0x000002d2397c84c0 DEOPT UNPACKING pc=0x000002d241002b43 sp=0x000000dc634f8458 mode 1
Event: 4.940 Thread 0x000002d2397c84c0 DEOPT PACKING pc=0x000002d24209eae4 sp=0x000000dc634f9010
Event: 4.940 Thread 0x000002d2397c84c0 DEOPT UNPACKING pc=0x000002d241002b43 sp=0x000000dc634f84b0 mode 1
Event: 4.940 Thread 0x000002d2397c84c0 DEOPT PACKING pc=0x000002d24209f1dc sp=0x000000dc634f9060
Event: 4.940 Thread 0x000002d2397c84c0 DEOPT UNPACKING pc=0x000002d241002b43 sp=0x000000dc634f8550 mode 1
Event: 4.943 Thread 0x000002d2397c84c0 Uncommon trap: trap_request=0xffffffde fr.pc=0x000002d248c835bc relative=0x00000000000017dc
Event: 4.943 Thread 0x000002d2397c84c0 Uncommon trap: reason=class_check action=maybe_recompile pc=0x000002d248c835bc method=java.util.zip.InflaterInputStream.read([BII)I @ 100 c2
Event: 4.943 Thread 0x000002d2397c84c0 DEOPT PACKING pc=0x000002d248c835bc sp=0x000000dc634f8bc0
Event: 4.943 Thread 0x000002d2397c84c0 DEOPT UNPACKING pc=0x000002d2410023a3 sp=0x000000dc634f8c20 mode 2
Event: 4.943 Thread 0x000002d2397c84c0 Uncommon trap: trap_request=0xffffffde fr.pc=0x000002d248c835bc relative=0x00000000000017dc
Event: 4.943 Thread 0x000002d2397c84c0 Uncommon trap: reason=class_check action=maybe_recompile pc=0x000002d248c835bc method=java.util.zip.InflaterInputStream.read([BII)I @ 100 c2
Event: 4.943 Thread 0x000002d2397c84c0 DEOPT PACKING pc=0x000002d248c835bc sp=0x000000dc634f8bc0
Event: 4.943 Thread 0x000002d2397c84c0 DEOPT UNPACKING pc=0x000002d2410023a3 sp=0x000000dc634f8c20 mode 2

Classes unloaded (0 events):
No events

Classes redefined (0 events):
No events

Internal exceptions (20 events):
Event: 4.604 Thread 0x000002d2397c84c0 Exception <a 'sun/nio/fs/WindowsException'{0x00000000e4c81aa0}> (0x00000000e4c81aa0) 
thrown [t:\workspace\open\src\hotspot\share\prims\jni.cpp, line 516]
Event: 4.604 Thread 0x000002d2397c84c0 Exception <a 'sun/nio/fs/WindowsException'{0x00000000e4c8f2c8}> (0x00000000e4c8f2c8) 
thrown [t:\workspace\open\src\hotspot\share\prims\jni.cpp, line 516]
Event: 4.652 Thread 0x000002d2397c84c0 Exception <a 'java/lang/IncompatibleClassChangeError'{0x00000000e475cee0}: Found class java.lang.Object, but interface was expected> (0x00000000e475cee0) 
thrown [t:\workspace\open\src\hotspot\share\interpreter\linkResolver.cpp, line 833]
Event: 4.665 Thread 0x000002d2397c84c0 Implicit null exception at 0x000002d248d12c41 to 0x000002d248d130a3
Event: 4.734 Thread 0x000002d2397c84c0 Exception <a 'java/lang/ClassNotFoundException'{0x00000000e4022f70}: nz/net/ultraq/thymeleaf/layoutdialect/decorators/strategies/AppendingStrategyBeanInfo> (0x00000000e4022f70) 
thrown [t:\workspace\open\src\hotspot\share\classfile\systemDictionary.cpp, line 256]
Event: 4.734 Thread 0x000002d2397c84c0 Exception <a 'java/lang/ClassNotFoundException'{0x00000000e402c228}: nz/net/ultraq/thymeleaf/layoutdialect/decorators/strategies/AppendingStrategyCustomizer> (0x00000000e402c228) 
thrown [t:\workspace\open\src\hotspot\share\classfile\systemDictionary.cpp, line 256]
Event: 4.738 Thread 0x000002d2397c84c0 Exception <a 'java/lang/ClassNotFoundException'{0x00000000e4092c00}: nz/net/ultraq/thymeleaf/layoutdialect/LayoutDialectBeanInfo> (0x00000000e4092c00) 
thrown [t:\workspace\open\src\hotspot\share\classfile\systemDictionary.cpp, line 256]
Event: 4.738 Thread 0x000002d2397c84c0 Exception <a 'java/lang/ClassNotFoundException'{0x00000000e409b630}: org/thymeleaf/dialect/AbstractProcessorDialectBeanInfo> (0x00000000e409b630) 
thrown [t:\workspace\open\src\hotspot\share\classfile\systemDictionary.cpp, line 256]
Event: 4.738 Thread 0x000002d2397c84c0 Exception <a 'java/lang/ClassNotFoundException'{0x00000000e40a3d58}: org/thymeleaf/dialect/AbstractDialectBeanInfo> (0x00000000e40a3d58) 
thrown [t:\workspace\open\src\hotspot\share\classfile\systemDictionary.cpp, line 256]
Event: 4.738 Thread 0x000002d2397c84c0 Exception <a 'java/lang/ClassNotFoundException'{0x00000000e40ac880}: org/thymeleaf/dialect/AbstractDialectCustomizer> (0x00000000e40ac880) 
thrown [t:\workspace\open\src\hotspot\share\classfile\systemDictionary.cpp, line 256]
Event: 4.739 Thread 0x000002d2397c84c0 Exception <a 'java/lang/ClassNotFoundException'{0x00000000e40b78c0}: org/thymeleaf/dialect/AbstractProcessorDialectCustomizer> (0x00000000e40b78c0) 
thrown [t:\workspace\open\src\hotspot\share\classfile\systemDictionary.cpp, line 256]
Event: 4.739 Thread 0x000002d2397c84c0 Exception <a 'java/lang/ClassNotFoundException'{0x00000000e40c35b8}: nz/net/ultraq/thymeleaf/layoutdialect/LayoutDialectCustomizer> (0x00000000e40c35b8) 
thrown [t:\workspace\open\src\hotspot\share\classfile\systemDictionary.cpp, line 256]
Event: 4.809 Thread 0x000002d2397c84c0 Exception <a 'java/lang/IncompatibleClassChangeError'{0x00000000e3a51e70}: Found class java.lang.Object, but interface was expected> (0x00000000e3a51e70) 
thrown [t:\workspace\open\src\hotspot\share\interpreter\linkResolver.cpp, line 833]
Event: 4.816 Thread 0x000002d2397c84c0 Implicit null exception at 0x000002d248d7be14 to 0x000002d248d7be88
Event: 4.829 Thread 0x000002d2397c84c0 Exception <a 'java/lang/NoSuchMethodError'{0x00000000e39e9490}: 'java.lang.Object java.lang.invoke.DirectMethodHandle$Holder.invokeSpecial(java.lang.Object, java.lang.Object, java.lang.Object, java.lang.Object, java.lang.Object, java.lang.Object, java.lang.Object, java.lang.Object, java.lang.Object, java.lang.Object, java.lang.Object)'> (0x00000000e39e9490) 
thrown [t:\workspace\open\src\hotspot\share\interpreter\linkResolver.cpp, line 766]
Event: 4.830 Thread 0x000002d2397c84c0 Exception <a 'java/lang/NoSuchMethodError'{0x00000000e39ee0b8}: 'java.lang.Object java.lang.invoke.Invokers$Holder.invoke_MT(java.lang.Object, java.lang.Object, java.lang.Object, java.lang.Object, java.lang.Object, java.lang.Object, java.lang.Object, java.lang.Object, java.lang.Object, java.lang.Object, java.lang.Object)'> (0x00000000e39ee0b8) 
thrown [t:\workspace\open\src\hotspot\share\interpreter\linkResolver.cpp, line 766]
Event: 4.858 Thread 0x000002d2397c84c0 Exception <a 'java/lang/NoSuchMethodError'{0x00000000e36ea218}: 'java.lang.Object java.lang.invoke.DirectMethodHandle$Holder.newInvokeSpecial(java.lang.Object, java.lang.Object, int, java.lang.Object, java.lang.Object)'> (0x00000000e36ea218) 
thrown [t:\workspace\open\src\hotspot\share\interpreter\linkResolver.cpp, line 766]
Event: 4.936 Thread 0x000002d2397c84c0 Exception <a 'java/lang/reflect/InvocationTargetException'{0x00000000efbab868}> (0x00000000efbab868) 
thrown [t:\workspace\open\src\hotspot\share\runtime\reflection.cpp, line 1121]
Event: 4.940 Thread 0x000002d2397c84c0 Exception <a 'java/lang/reflect/InvocationTargetException'{0x00000000e4e04650}> (0x00000000e4e04650) 
thrown [t:\workspace\open\src\hotspot\share\runtime\reflection.cpp, line 1121]
Event: 4.955 Thread 0x000002d2397c84c0 Exception <a 'java/lang/NoSuchMethodError'{0x00000000e4e2a108}: 'void java.lang.invoke.DirectMethodHandle$Holder.invokeStatic(java.lang.Object, long)'> (0x00000000e4e2a108) 
thrown [t:\workspace\open\src\hotspot\share\interpreter\linkResolver.cpp, line 766]

VM Operations (20 events):
Event: 4.345 Executing VM operation: G1CollectForAllocation
Event: 4.347 Executing VM operation: G1CollectForAllocation done
Event: 4.392 Executing VM operation: HandshakeAllThreads
Event: 4.392 Executing VM operation: HandshakeAllThreads done
Event: 4.539 Executing VM operation: HandshakeAllThreads
Event: 4.539 Executing VM operation: HandshakeAllThreads done
Event: 4.558 Executing VM operation: HandshakeAllThreads
Event: 4.558 Executing VM operation: HandshakeAllThreads done
Event: 4.558 Executing VM operation: HandshakeAllThreads
Event: 4.558 Executing VM operation: HandshakeAllThreads done
Event: 4.560 Executing VM operation: G1CollectForAllocation
Event: 4.562 Executing VM operation: G1CollectForAllocation done
Event: 4.690 Executing VM operation: HandshakeAllThreads
Event: 4.690 Executing VM operation: HandshakeAllThreads done
Event: 4.718 Executing VM operation: HandshakeAllThreads
Event: 4.718 Executing VM operation: HandshakeAllThreads done
Event: 4.887 Executing VM operation: ICBufferFull
Event: 4.887 Executing VM operation: ICBufferFull done
Event: 4.911 Executing VM operation: G1CollectForAllocation
Event: 4.914 Executing VM operation: G1CollectForAllocation done

Events (20 events):
Event: 4.938 loading class java/security/DomainCombiner
Event: 4.938 loading class java/security/DomainCombiner done
Event: 4.942 loading class java/util/jar/JarInputStream
Event: 4.942 loading class java/util/zip/ZipInputStream
Event: 4.943 loading class java/util/zip/ZipInputStream done
Event: 4.943 loading class java/util/jar/JarInputStream done
Event: 4.943 loading class java/io/PushbackInputStream
Event: 4.943 loading class java/io/PushbackInputStream done
Event: 4.943 loading class sun/security/util/ManifestEntryVerifier
Event: 4.944 loading class sun/security/util/ManifestEntryVerifier done
Event: 4.945 loading class java/lang/ProcessBuilder
Event: 4.946 loading class java/lang/ProcessBuilder done
Event: 4.946 loading class java/lang/ProcessImpl
Event: 4.946 loading class java/lang/ProcessImpl done
Event: 4.955 loading class java/lang/ProcessImpl$2
Event: 4.955 loading class java/lang/ProcessImpl$2 done
Event: 4.955 loading class java/lang/Process$PipeInputStream
Event: 4.955 loading class java/lang/Process$PipeInputStream done
Event: 4.955 loading class jdk/internal/event/ProcessStartEvent
Event: 4.955 loading class jdk/internal/event/ProcessStartEvent done


Dynamic libraries:
0x00007ff62f4f0000 - 0x00007ff62f4fe000 	C:\Program Files\Java\jdk17\jdk-17\bin\java.exe
0x00007ff80a670000 - 0x00007ff80a868000 	C:\WINDOWS\SYSTEM32\ntdll.dll
0x00007ff809740000 - 0x00007ff809802000 	C:\WINDOWS\System32\KERNEL32.DLL
0x00007ff807db0000 - 0x00007ff8080a7000 	C:\WINDOWS\System32\KERNELBASE.dll
0x00007ff8083e0000 - 0x00007ff8084e0000 	C:\WINDOWS\System32\ucrtbase.dll
0x00007fffc94d0000 - 0x00007fffc94e8000 	C:\Program Files\Java\jdk17\jdk-17\bin\jli.dll
0x00007fffc8330000 - 0x00007fffc834a000 	C:\Program Files\Java\jdk17\jdk-17\bin\VCRUNTIME140.dll
0x00007ff80a230000 - 0x00007ff80a3cd000 	C:\WINDOWS\System32\USER32.dll
0x00007ff807d80000 - 0x00007ff807da2000 	C:\WINDOWS\System32\win32u.dll
0x00007ffff0f20000 - 0x00007ffff11ba000 	C:\WINDOWS\WinSxS\amd64_microsoft.windows.common-controls_6595b64144ccf1df_6.0.19041.5915_none_60b4b9d171f9c7c7\COMCTL32.dll
0x00007ff8089b0000 - 0x00007ff8089db000 	C:\WINDOWS\System32\GDI32.dll
0x00007ff8087c0000 - 0x00007ff80885e000 	C:\WINDOWS\System32\msvcrt.dll
0x00007ff808290000 - 0x00007ff8083a9000 	C:\WINDOWS\System32\gdi32full.dll
0x00007ff8080b0000 - 0x00007ff80814d000 	C:\WINDOWS\System32\msvcp_win.dll
0x00007ff808980000 - 0x00007ff8089af000 	C:\WINDOWS\System32\IMM32.DLL
0x00007fffd7760000 - 0x00007fffd776c000 	C:\Program Files\Java\jdk17\jdk-17\bin\vcruntime140_1.dll
0x00007fffb1e80000 - 0x00007fffb1f0d000 	C:\Program Files\Java\jdk17\jdk-17\bin\msvcp140.dll
0x00007fffa6070000 - 0x00007fffa6c2e000 	C:\Program Files\Java\jdk17\jdk-17\bin\server\jvm.dll
0x00007ff808fc0000 - 0x00007ff809071000 	C:\WINDOWS\System32\ADVAPI32.dll
0x00007ff809810000 - 0x00007ff8098af000 	C:\WINDOWS\System32\sechost.dll
0x00007ff808b30000 - 0x00007ff808c56000 	C:\WINDOWS\System32\RPCRT4.dll
0x00007ff8083b0000 - 0x00007ff8083d7000 	C:\WINDOWS\System32\bcrypt.dll
0x00007ff8098b0000 - 0x00007ff8098b8000 	C:\WINDOWS\System32\PSAPI.DLL
0x00007ffff5af0000 - 0x00007ffff5b17000 	C:\WINDOWS\SYSTEM32\WINMM.dll
0x00007ffff9740000 - 0x00007ffff9749000 	C:\WINDOWS\SYSTEM32\WSOCK32.dll
0x00007ff809100000 - 0x00007ff80916b000 	C:\WINDOWS\System32\WS2_32.dll
0x00007ffffc6b0000 - 0x00007ffffc6ba000 	C:\WINDOWS\SYSTEM32\VERSION.dll
0x00007ff806520000 - 0x00007ff806532000 	C:\WINDOWS\SYSTEM32\kernel.appcore.dll
0x00007fffcee30000 - 0x00007fffcee3a000 	C:\Program Files\Java\jdk17\jdk-17\bin\jimage.dll
0x00007ff805070000 - 0x00007ff805271000 	C:\WINDOWS\SYSTEM32\DBGHELP.DLL
0x00007ffffb970000 - 0x00007ffffb9a4000 	C:\WINDOWS\SYSTEM32\dbgcore.DLL
0x00007ff808200000 - 0x00007ff808282000 	C:\WINDOWS\System32\bcryptPrimitives.dll
0x00007fffb3ad0000 - 0x00007fffb3b0b000 	C:\Program Files\Java\jdk17\jdk-17\bin\jdwp.dll
0x00007fffb8920000 - 0x00007fffb8945000 	C:\Program Files\Java\jdk17\jdk-17\bin\java.dll
0x00007fffadca0000 - 0x00007fffadd76000 	C:\Program Files\Java\jdk17\jdk-17\bin\svml.dll
0x00007ff809a60000 - 0x00007ff80a1ce000 	C:\WINDOWS\System32\SHELL32.dll
0x00007ff805d60000 - 0x00007ff806504000 	C:\WINDOWS\SYSTEM32\windows.storage.dll
0x00007ff808c60000 - 0x00007ff808fb3000 	C:\WINDOWS\System32\combase.dll
0x00007ff807730000 - 0x00007ff80775b000 	C:\WINDOWS\SYSTEM32\Wldp.dll
0x00007ff808a60000 - 0x00007ff808b2d000 	C:\WINDOWS\System32\OLEAUT32.dll
0x00007ff80a580000 - 0x00007ff80a62d000 	C:\WINDOWS\System32\SHCORE.dll
0x00007ff8096d0000 - 0x00007ff80972b000 	C:\WINDOWS\System32\shlwapi.dll
0x00007ff807c30000 - 0x00007ff807c54000 	C:\WINDOWS\SYSTEM32\profapi.dll
0x00007fffc83b0000 - 0x00007fffc83bc000 	C:\Program Files\Java\jdk17\jdk-17\bin\dt_socket.dll
0x00007ff807120000 - 0x00007ff80715b000 	C:\WINDOWS\SYSTEM32\IPHLPAPI.DLL
0x00007ff807490000 - 0x00007ff8074fa000 	C:\WINDOWS\system32\mswsock.dll
0x00007fffc0110000 - 0x00007fffc0129000 	C:\Program Files\Java\jdk17\jdk-17\bin\net.dll
0x00007ff801530000 - 0x00007ff80163a000 	C:\WINDOWS\SYSTEM32\WINHTTP.dll
0x00007fffbf160000 - 0x00007fffbf175000 	C:\Program Files\Java\jdk17\jdk-17\bin\nio.dll
0x00007fffbefc0000 - 0x00007fffbefd8000 	C:\Program Files\Java\jdk17\jdk-17\bin\zip.dll
0x00007fffc9d30000 - 0x00007fffc9d40000 	C:\Program Files\Java\jdk17\jdk-17\bin\verify.dll
0x00007fffc8e60000 - 0x00007fffc8e6e000 	C:\Program Files\Java\jdk17\jdk-17\bin\sunmscapi.dll
0x00007ff8084e0000 - 0x00007ff80863d000 	C:\WINDOWS\System32\CRYPT32.dll
0x00007ff8077a0000 - 0x00007ff8077c7000 	C:\WINDOWS\SYSTEM32\ncrypt.dll
0x00007ff807760000 - 0x00007ff80779b000 	C:\WINDOWS\SYSTEM32\NTASN1.dll
0x00007fffefcf0000 - 0x00007fffefcf7000 	C:\WINDOWS\system32\wshunix.dll
0x00007ff807690000 - 0x00007ff8076a8000 	C:\WINDOWS\SYSTEM32\CRYPTSP.dll
0x00007ff806d40000 - 0x00007ff806d78000 	C:\WINDOWS\system32\rsaenh.dll
0x00007ff807bf0000 - 0x00007ff807c1e000 	C:\WINDOWS\SYSTEM32\USERENV.dll
0x00007ff807680000 - 0x00007ff80768c000 	C:\WINDOWS\SYSTEM32\CRYPTBASE.dll
0x00007ff809730000 - 0x00007ff809738000 	C:\WINDOWS\System32\NSI.dll
0x00007ff800030000 - 0x00007ff800047000 	C:\WINDOWS\SYSTEM32\dhcpcsvc6.DLL
0x00007ff800010000 - 0x00007ff80002d000 	C:\WINDOWS\SYSTEM32\dhcpcsvc.DLL
0x00007ff807160000 - 0x00007ff80722a000 	C:\WINDOWS\SYSTEM32\DNSAPI.dll
0x00007fffc94c0000 - 0x00007fffc94c9000 	C:\Program Files\Java\jdk17\jdk-17\bin\management.dll
0x00007fffc91d0000 - 0x00007fffc91db000 	C:\Program Files\Java\jdk17\jdk-17\bin\management_ext.dll
0x00007ffffe4b0000 - 0x00007ffffe4ba000 	C:\Windows\System32\rasadhlp.dll
0x00007ffffd3b0000 - 0x00007ffffd430000 	C:\WINDOWS\System32\fwpuclnt.dll

dbghelp: loaded successfully - version: 4.0.5 - missing functions: none
symbol engine: initialized successfully - sym options: 0x614 - pdb path: .;C:\Program Files\Java\jdk17\jdk-17\bin;C:\WINDOWS\SYSTEM32;C:\WINDOWS\WinSxS\amd64_microsoft.windows.common-controls_6595b64144ccf1df_6.0.19041.5915_none_60b4b9d171f9c7c7;C:\Program Files\Java\jdk17\jdk-17\bin\server

VM Arguments:
jvm_args: -Dorg.gradle.internal.worker.tmpdir=D:\javaWork\gittest\springBootRestProjectFileUpload_20250909\build\tmp\test\work -agentlib:jdwp=transport=dt_socket,server=n,suspend=y,address=127.0.0.1:63159 -Xmx512m -Dfile.encoding=UTF-8 -Duser.country=KR -Duser.language=ko -Duser.variant -ea 
java_command: worker.org.gradle.process.internal.worker.GradleWorkerMain 'Gradle Test Executor 19'
java_class_path (initial): C:\\Users\\ysw\\.gradle\\caches\\8.14.3\\workerMain\\gradle-worker.jar;D:\\javaWork\\gittest\\springBootRestProjectFileUpload_20250909\\build\\classes\\java\\test;D:\\javaWork\\gittest\\springBootRestProjectFileUpload_20250909\\build\\classes\\java\\main;D:\\javaWork\\gittest\\springBootRestProjectFileUpload_20250909\\build\\resources\\main;C:\\Users\\ysw\\.gradle\\caches\\modules-2\\files-2.1\\org.springframework.boot\\spring-boot-starter-data-jpa\\3.5.5\\1b0c807e0f584dcf2c8fe7360c07ff18faeacf30\\spring-boot-starter-data-jpa-3.5.5.jar;C:\\Users\\ysw\\.gradle\\caches\\modules-2\\files-2.1\\org.springframework.boot\\spring-boot-starter-thymeleaf\\3.5.5\\c29eca2ec435a68ff89db1b2effba18ff513c7e7\\spring-boot-starter-thymeleaf-3.5.5.jar;C:\\Users\\ysw\\.gradle\\caches\\modules-2\\files-2.1\\org.springframework.boot\\spring-boot-starter-web\\3.5.5\\b9039cd5aa1feda2cfbd487233e343f66627f78f\\spring-boot-starter-web-3.5.5.jar;C:\\Users\\ysw\\.gradle\\caches\\modules-2\\files-2.1\\nz.net.ultraq.thymeleaf\\thymeleaf-layout-dialect\\3.1.0\\a3f0e5a1c458b104c0e90efb1cb513e3eaf99d71\\thymeleaf-layout-dialect-3.1.0.jar;C:\\Users\\ysw\\.gradle\\caches\\modules-2\\files-2.1\\com.querydsl\\querydsl-jpa\\5.0.0\\2a653852848dee41b967d3520be3339f0f92f1ea\\querydsl-jpa-5.0.0-jakarta.jar;C:\\Users\\ysw\\.gradle\\caches\\modules-2\\files-2.1\\org.modelmapper\\modelmapper\\3.1.1\\6636e94590e9d98e5e7db7e4fafcc15e9390e18d\\modelmapper-3.1.1.jar;C:\\Users\\ysw\\.gradle\\caches\\modules-2\\files-2.1\\org.springframework.boot\\spring-boot-starter-validation\\3.5.5\\5510bd155652ef231976f1ff1ca1bb1d9698829c\\spring-boot-starter-validation-3.5.5.jar;C:\\Users\\ysw\\.gradle\\caches\\modules-2\\files-2.1\\org.springdoc\\springdoc-openapi-starter-webmvc-ui\\2.8.4\\f96c8341b77ed4a113bdbf8a525dccefb53495d4\\springdoc-openapi-starter-webmvc-ui-2.8.4.jar;C:\\Users\\ysw\\.gradle\\caches\\modules-2\\files-2.1\\net.coobird\\thumbnailator\\0.4.20\\fe6fe3fe8606c44ecd1832c77d30345212
Launcher Type: SUN_STANDARD

[Global flags]
     intx CICompilerCount                          = 12                                        {product} {ergonomic}
     uint ConcGCThreads                            = 3                                         {product} {ergonomic}
     uint G1ConcRefinementThreads                  = 13                                        {product} {ergonomic}
   size_t G1HeapRegionSize                         = 1048576                                   {product} {ergonomic}
    uintx GCDrainStackTargetSize                   = 64                                        {product} {ergonomic}
   size_t InitialHeapSize                          = 264241152                                 {product} {ergonomic}
   size_t MarkStackSize                            = 4194304                                   {product} {ergonomic}
   size_t MaxHeapSize                              = 536870912                                 {product} {command line}
   size_t MaxNewSize                               = 321912832                                 {product} {ergonomic}
   size_t MinHeapDeltaBytes                        = 1048576                                   {product} {ergonomic}
   size_t MinHeapSize                              = 8388608                                   {product} {ergonomic}
    uintx NonNMethodCodeHeapSize                   = 7602480                                {pd product} {ergonomic}
    uintx NonProfiledCodeHeapSize                  = 122027880                              {pd product} {ergonomic}
    uintx ProfiledCodeHeapSize                     = 122027880                              {pd product} {ergonomic}
    uintx ReservedCodeCacheSize                    = 251658240                              {pd product} {ergonomic}
     bool SegmentedCodeCache                       = true                                      {product} {ergonomic}
   size_t SoftMaxHeapSize                          = 536870912                              {manageable} {ergonomic}
     bool UseCompressedClassPointers               = true                           {product lp64_product} {ergonomic}
     bool UseCompressedOops                        = true                           {product lp64_product} {ergonomic}
     bool UseG1GC                                  = true                                      {product} {ergonomic}
     bool UseLargePagesIndividualAllocation        = false                                  {pd product} {ergonomic}

Logging:
Log output configuration:
 #0: stdout all=warning uptime,level,tags
 #1: stderr all=off uptime,level,tags

Environment Variables:
JAVA_HOME=C:\Program Files\Java\jdk-11.0.0.2
CLASSPATH=.;C:\PROGRA~1\IBM\IBMDAT~1\java\db2jcc4.jar;C:\PROGRA~1\IBM\IBMDAT~1\java\sqlj4.zip;C:\PROGRA~1\IBM\IBMDAT~1\bin
PATH=C:\Program Files (x86)\VMware\VMware Player\bin\;C:\app\ysw\product\11.2.0\client_1\bin;D:\NST\jdk\jdk.1.7.0_80\bin%;C:\program\WINDOWS.X64_193000_db_home\bin;C:\Program Files\Microsoft\jdk-11.0.16.101-hotspot\bin;C:\Program Files (x86)\Common Files\Oracle\Java\javapath;C:\Windows\system32;C:\Windows;C:\Windows\System32\Wbem;C:\Windows\System32\WindowsPowerShell\v1.0\;C:\Windows\System32\OpenSSH\;C:\Program Files (x86)\NVIDIA Corporation\PhysX\Common;C:\Program Files\NVIDIA Corporation\NVIDIA NvDLISR;C:\WINDOWS\system32;C:\WINDOWS;C:\WINDOWS\System32\Wbem;C:\WINDOWS\System32\WindowsPowerShell\v1.0\;C:\WINDOWS\System32\OpenSSH\;c:\Program Files (x86)\Microsoft SQL Server\100\Tools\Binn\;c:\Program Files\Microsoft SQL Server\100\Tools\Binn\;c:\Program Files\Microsoft SQL Server\100\DTS\Binn\;c:\Program Files (x86)\Microsoft SQL Server\100\Tools\Binn\VSShell\Common7\IDE\;c:\Program Files (x86)\Microsoft SQL Server\100\DTS\Binn\;c:\Program Files (x86)\Microsoft SQL Server\90\Tools\binn\;C:\Program Files\Bandizip\;C:\Program Files\TortoiseSVN\bin;C:\Program Files (x86)\Microsoft SQL Server\Client SDK\ODBC\130\Tools\Binn\;C:\Program Files (x86)\Microsoft SQL Server\140\Tools\Binn\;C:\Program Files (x86)\Microsoft SQL Server\140\DTS\Binn\;C:\Program Files (x86)\Microsoft SQL Server\140\Tools\Binn\ManagementStudio\;C:\Program Files\Microsoft SQL Server\150\Tools\Binn\;C:\Program Files\dotnet\;C:\Program Files\VisualSVN Server\bin;C:\PROGRA~1\IBM\IBMDAT~1\BIN;C:\Program Files (x86)\Microsoft SQL Server\160\DTS\Binn\;C:\Program Files\Azure Data Studio\bin;C:\Program Files\Git\cmd;C:\Users\ysw\AppData\Local\Microsoft\WindowsApps;C:\Users\ysw\AppData\Local\Programs\Microsoft VS Code\bin;C:\Program Files\Azure Data Studio\bin;C:\Program Files\JetBrains\IntelliJ IDEA 2023.1.6\bin;;D:\Programs\cursor\resources\app\bin
USERNAME=ysw
OS=Windows_NT
PROCESSOR_IDENTIFIER=Intel64 Family 6 Model 186 Stepping 2, GenuineIntel



---------------  S Y S T E M  ---------------

OS:
 Windows 10 , 64 bit Build 19041 (10.0.19041.5915)
OS uptime: 19 days 4:32 hours

CPU: total 16 (initial active 16) (8 cores per cpu, 2 threads per core) family 6 model 186 stepping 2 microcode 0x4119, cx8, cmov, fxsr, ht, mmx, 3dnowpref, sse, sse2, sse3, ssse3, sse4.1, sse4.2, popcnt, lzcnt, tsc, tscinvbit, avx, avx2, aes, erms, clmul, bmi1, bmi2, adx, sha, fma, vzeroupper, clflush, clflushopt, clwb

Memory: 4k page, system-wide physical 16024M (477M free)
TotalPageFile size 28824M (AvailPageFile size 18M)
current process WorkingSet (physical memory assigned to process): 415M, peak: 427M
current process commit charge ("private bytes"): 464M, peak: 474M

vm_info: OpenJDK 64-Bit Server VM (17+35-2724) for windows-amd64 JRE (17+35-2724), built on Aug  5 2021 23:26:02 by "mach5one" with MS VC++ 16.8 (VS2019)

END.
