#
# There is insufficient memory for the Java Runtime Environment to continue.
# Native memory allocation (malloc) failed to allocate 2216496 bytes for Chunk::new
# Possible reasons:
#   The system is out of physical RAM or swap space
#   The process is running with CompressedOops enabled, and the Java Heap may be blocking the growth of the native heap
# Possible solutions:
#   Reduce memory load on the system
#   Increase physical memory or swap space
#   Check if swap backing store is full
#   Decrease Java heap size (-Xmx/-Xms)
#   Decrease number of Java threads
#   Decrease Java thread stack sizes (-Xss)
#   Set larger code cache with -XX:ReservedCodeCacheSize=
#   JVM is running with Unscaled Compressed Oops mode in which the Java heap is
#     placed in the first 4GB address space. The Java Heap base address is the
#     maximum limit for the native heap growth. Please use -XX:HeapBaseMinAddress
#     to set the Java Heap base and to place the Java Heap above 4GB virtual address.
# This output file may be truncated or incomplete.
#
#  Out of Memory Error (arena.cpp:189), pid=27460, tid=26392
#
# JRE version: OpenJDK Runtime Environment (17.0+35) (build 17+35-2724)
# Java VM: OpenJDK 64-Bit Server VM (17+35-2724, mixed mode, sharing, tiered, compressed oops, compressed class ptrs, g1 gc, windows-amd64)
# No core dump will be written. Minidumps are not enabled by default on client versions of Windows
#

---------------  S U M M A R Y ------------

Command Line: --add-opens=java.base/java.lang=ALL-UNNAMED --add-opens=java.base/java.lang.invoke=ALL-UNNAMED --add-opens=java.base/java.util=ALL-UNNAMED --add-opens=java.prefs/java.util.prefs=ALL-UNNAMED --add-exports=jdk.compiler/com.sun.tools.javac.api=ALL-UNNAMED --add-exports=jdk.compiler/com.sun.tools.javac.util=ALL-UNNAMED --add-opens=java.base/java.util=ALL-UNNAMED --add-opens=java.prefs/java.util.prefs=ALL-UNNAMED --add-opens=java.base/java.nio.charset=ALL-UNNAMED --add-opens=java.base/java.net=ALL-UNNAMED --add-opens=java.base/java.util.concurrent.atomic=ALL-UNNAMED --add-opens=java.xml/javax.xml.namespace=ALL-UNNAMED -XX:MaxMetaspaceSize=384m -XX:+HeapDumpOnOutOfMemoryError -Xms256m -Xmx512m -Dfile.encoding=UTF-8 -Duser.country=KR -Duser.language=ko -Duser.variant -javaagent:C:\Users\ysw\.gradle\wrapper\dists\gradle-8.14.3-bin\cv11ve7ro1n3o1j4so8xd9n66\gradle-8.14.3\lib\agents\gradle-instrumentation-agent-8.14.3.jar org.gradle.launcher.daemon.bootstrap.GradleDaemon 8.14.3

Host: 13th Gen Intel(R) Core(TM) i5-13500H, 16 cores, 15G,  Windows 10 , 64 bit Build 19041 (10.0.19041.5915)
Time: Wed Sep 10 13:30:08 2025  Windows 10 , 64 bit Build 19041 (10.0.19041.5915) elapsed time: 5.596698 seconds (0d 0h 0m 5s)

---------------  T H R E A D  ---------------

Current thread (0x000002b154557ed0):  JavaThread "C2 CompilerThread1" daemon [_thread_in_native, id=26392, stack(0x000000b77b600000,0x000000b77b700000)]


Current CompileTask:
C2:   5596 7184       4       java.beans.Introspector::addMethod (196 bytes)

Stack: [0x000000b77b600000,0x000000b77b700000]
Native frames: (J=compiled Java code, j=interpreted, Vv=VM code, C=native code)
V  [jvm.dll+0x66f8ea]
V  [jvm.dll+0x7ce224]
V  [jvm.dll+0x7cf9ce]
V  [jvm.dll+0x7d0033]
V  [jvm.dll+0x242bb5]
V  [jvm.dll+0xaa05b]
V  [jvm.dll+0xaa5ec]
V  [jvm.dll+0x35f9a2]
V  [jvm.dll+0x329f61]
V  [jvm.dll+0x32940a]
V  [jvm.dll+0x215ca1]
V  [jvm.dll+0x2150c1]
V  [jvm.dll+0x1a168d]
V  [jvm.dll+0x2248f8]
V  [jvm.dll+0x222a5c]
V  [jvm.dll+0x78422b]
V  [jvm.dll+0x77e7ea]
V  [jvm.dll+0x66e715]
C  [ucrtbase.dll+0x21bb2]
C  [KERNEL32.DLL+0x17374]
C  [ntdll.dll+0x4cc91]


---------------  P R O C E S S  ---------------

Threads class SMR info:
_java_thread_list=0x000002b15792e550, length=114, elements={
0x000002b1345abc30, 0x000002b1517ef4e0, 0x000002b1517f0260, 0x000002b1518094e0,
0x000002b151809f00, 0x000002b15180ede0, 0x000002b151810e50, 0x000002b151818e50,
0x000002b151820920, 0x000002b151821650, 0x000002b152478310, 0x000002b1524b9580,
0x000002b1524bb030, 0x000002b1524cb7a0, 0x000002b152655920, 0x000002b154557ed0,
0x000002b1545d80a0, 0x000002b15458e860, 0x000002b1546fd830, 0x000002b1546b7b50,
0x000002b1547afdf0, 0x000002b154614f20, 0x000002b1546b1670, 0x000002b154690910,
0x000002b154692120, 0x000002b15468ff70, 0x000002b154690de0, 0x000002b1546925f0,
0x000002b154692f90, 0x000002b154bbcce0, 0x000002b1546912b0, 0x000002b154693460,
0x000002b154690440, 0x000002b154693930, 0x000002b154691c50, 0x000002b154691780,
0x000002b15b27eb60, 0x000002b15b27f030, 0x000002b15b27fea0, 0x000002b15b27dcf0,
0x000002b15b27f9d0, 0x000002b15b278b20, 0x000002b15b27c4e0, 0x000002b15b27a800,
0x000002b15b27c9b0, 0x000002b15b278ff0, 0x000002b15b27b1a0, 0x000002b15b279e60,
0x000002b15b2794c0, 0x000002b15b279990, 0x000002b15b27a330, 0x000002b15b27b670,
0x000002b15b27d350, 0x000002b15b27bb40, 0x000002b15b27c010, 0x000002b15b27ce80,
0x000002b15b27d820, 0x000002b15b27e1c0, 0x000002b157a67530, 0x000002b157a6a550,
0x000002b157a6a080, 0x000002b157a69bb0, 0x000002b157a6da40, 0x000002b157a6d0a0,
0x000002b157a6e8b0, 0x000002b157a67a00, 0x000002b157a67060, 0x000002b157a68d40,
0x000002b157a6d570, 0x000002b157a6b3c0, 0x000002b157a67ed0, 0x000002b157a683a0,
0x000002b157a6aa20, 0x000002b157a6e3e0, 0x000002b157a696e0, 0x000002b157a6aef0,
0x000002b157a69210, 0x000002b157a6b890, 0x000002b157a6bd60, 0x000002b157a6df10,
0x000002b157a68870, 0x000002b157a6c230, 0x000002b157a6cbd0, 0x000002b157a6c700,
0x000002b155c035c0, 0x000002b155c03a90, 0x000002b155c00f40, 0x000002b155c02c20,
0x000002b155c01410, 0x000002b155c030f0, 0x000002b155c00a70, 0x000002b155c018e0,
0x000002b155c000d0, 0x000002b155c005a0, 0x000002b155c02750, 0x000002b156815390,
0x000002b154bbd700, 0x000002b154bbc7d0, 0x000002b156814ec0, 0x000002b15681b3d0,
0x000002b156815d30, 0x000002b15681a560, 0x000002b15681af00, 0x000002b15681b8a0,
0x000002b1568196f0, 0x000002b156818880, 0x000002b156817ee0, 0x000002b1568149f0,
0x000002b15681aa30, 0x000002b156817a10, 0x000002b156817540, 0x000002b1568166d0,
0x000002b156816ba0, 0x000002b15681bd70
}

Java Threads: ( => current thread )
  0x000002b1345abc30 JavaThread "main" [_thread_blocked, id=15688, stack(0x000000b77a200000,0x000000b77a300000)]
  0x000002b1517ef4e0 JavaThread "Reference Handler" daemon [_thread_blocked, id=26380, stack(0x000000b77a900000,0x000000b77aa00000)]
  0x000002b1517f0260 JavaThread "Finalizer" daemon [_thread_blocked, id=1164, stack(0x000000b77aa00000,0x000000b77ab00000)]
  0x000002b1518094e0 JavaThread "Signal Dispatcher" daemon [_thread_blocked, id=18972, stack(0x000000b77ab00000,0x000000b77ac00000)]
  0x000002b151809f00 JavaThread "Attach Listener" daemon [_thread_blocked, id=8612, stack(0x000000b77ac00000,0x000000b77ad00000)]
  0x000002b15180ede0 JavaThread "Service Thread" daemon [_thread_blocked, id=24516, stack(0x000000b77ad00000,0x000000b77ae00000)]
  0x000002b151810e50 JavaThread "Monitor Deflation Thread" daemon [_thread_blocked, id=21004, stack(0x000000b77ae00000,0x000000b77af00000)]
  0x000002b151818e50 JavaThread "C2 CompilerThread0" daemon [_thread_blocked, id=13156, stack(0x000000b77af00000,0x000000b77b000000)]
  0x000002b151820920 JavaThread "C1 CompilerThread0" daemon [_thread_blocked, id=20488, stack(0x000000b77b000000,0x000000b77b100000)]
  0x000002b151821650 JavaThread "Sweeper thread" daemon [_thread_blocked, id=1088, stack(0x000000b77b100000,0x000000b77b200000)]
  0x000002b152478310 JavaThread "C1 CompilerThread1" daemon [_thread_blocked, id=21320, stack(0x000000b77b200000,0x000000b77b300000)]
  0x000002b1524b9580 JavaThread "Common-Cleaner" daemon [_thread_blocked, id=19276, stack(0x000000b77b300000,0x000000b77b400000)]
  0x000002b1524bb030 JavaThread "C1 CompilerThread2" daemon [_thread_blocked, id=12892, stack(0x000000b77b400000,0x000000b77b500000)]
  0x000002b1524cb7a0 JavaThread "C1 CompilerThread3" daemon [_thread_blocked, id=24664, stack(0x000000b77b500000,0x000000b77b600000)]
  0x000002b152655920 JavaThread "Notification Thread" daemon [_thread_blocked, id=11716, stack(0x000000b77b700000,0x000000b77b800000)]
=>0x000002b154557ed0 JavaThread "C2 CompilerThread1" daemon [_thread_in_native, id=26392, stack(0x000000b77b600000,0x000000b77b700000)]
  0x000002b1545d80a0 JavaThread "Daemon health stats" [_thread_blocked, id=22780, stack(0x000000b77be00000,0x000000b77bf00000)]
  0x000002b15458e860 JavaThread "Incoming local TCP Connector on port 63296" [_thread_in_native, id=20072, stack(0x000000b77bf00000,0x000000b77c000000)]
  0x000002b1546fd830 JavaThread "Daemon periodic checks" [_thread_blocked, id=24140, stack(0x000000b77c000000,0x000000b77c100000)]
  0x000002b1546b7b50 JavaThread "Daemon" [_thread_blocked, id=26784, stack(0x000000b77c100000,0x000000b77c200000)]
  0x000002b1547afdf0 JavaThread "Handler for socket connection from /127.0.0.1:63296 to /127.0.0.1:63297" [_thread_in_native, id=17116, stack(0x000000b77c200000,0x000000b77c300000)]
  0x000002b154614f20 JavaThread "Cancel handler" [_thread_blocked, id=6616, stack(0x000000b77c300000,0x000000b77c400000)]
  0x000002b1546b1670 JavaThread "Daemon worker" [_thread_blocked, id=26984, stack(0x000000b77c400000,0x000000b77c500000)]
  0x000002b154690910 JavaThread "Asynchronous log dispatcher for DefaultDaemonConnection: socket connection from /127.0.0.1:63296 to /127.0.0.1:63297" [_thread_blocked, id=2824, stack(0x000000b77c500000,0x000000b77c600000)]
  0x000002b154692120 JavaThread "Stdin handler" [_thread_blocked, id=21080, stack(0x000000b77c600000,0x000000b77c700000)]
  0x000002b15468ff70 JavaThread "Daemon client event forwarder" [_thread_blocked, id=24936, stack(0x000000b77c700000,0x000000b77c800000)]
  0x000002b154690de0 JavaThread "Cache worker for journal cache (C:\Users\ysw\.gradle\caches\journal-1)" [_thread_blocked, id=7236, stack(0x000000b77c800000,0x000000b77c900000)]
  0x000002b1546925f0 JavaThread "File lock request listener" [_thread_in_native, id=13960, stack(0x000000b77c900000,0x000000b77ca00000)]
  0x000002b154692f90 JavaThread "Cache worker for file hash cache (C:\Users\ysw\.gradle\caches\8.14.3\fileHashes)" [_thread_blocked, id=20184, stack(0x000000b77ca00000,0x000000b77cb00000)]
  0x000002b154bbcce0 JavaThread "C2 CompilerThread2" daemon [_thread_in_native, id=26980, stack(0x000000b77d200000,0x000000b77d300000)]
  0x000002b1546912b0 JavaThread "Cache worker for file hash cache (D:\javaWork\gittest\springBootRestProjectFileUpload_20250909\.gradle\8.14.3\fileHashes)" [_thread_blocked, id=23464, stack(0x000000b77d300000,0x000000b77d400000)]
  0x000002b154693460 JavaThread "Cache worker for Build Output Cleanup Cache (D:\javaWork\gittest\springBootRestProjectFileUpload_20250909\.gradle\buildOutputCleanup)" [_thread_blocked, id=2864, stack(0x000000b77d400000,0x000000b77d500000)]
  0x000002b154690440 JavaThread "File watcher server" daemon [_thread_in_native, id=2752, stack(0x000000b77d700000,0x000000b77d800000)]
  0x000002b154693930 JavaThread "File watcher consumer" daemon [_thread_blocked, id=24316, stack(0x000000b77d800000,0x000000b77d900000)]
  0x000002b154691c50 JavaThread "jar transforms" [_thread_blocked, id=25716, stack(0x000000b77d900000,0x000000b77da00000)]
  0x000002b154691780 JavaThread "jar transforms Thread 2" [_thread_blocked, id=17440, stack(0x000000b77da00000,0x000000b77db00000)]
  0x000002b15b27eb60 JavaThread "Cache worker for checksums cache (D:\javaWork\gittest\springBootRestProjectFileUpload_20250909\.gradle\8.14.3\checksums)" [_thread_blocked, id=18988, stack(0x000000b77de00000,0x000000b77df00000)]
  0x000002b15b27f030 JavaThread "Cache worker for file content cache (C:\Users\ysw\.gradle\caches\8.14.3\fileContent)" [_thread_blocked, id=4084, stack(0x000000b77df00000,0x000000b77e000000)]
  0x000002b15b27fea0 JavaThread "jar transforms Thread 3" [_thread_blocked, id=22068, stack(0x000000b77e000000,0x000000b77e100000)]
  0x000002b15b27dcf0 JavaThread "Cache worker for cache directory md-supplier (C:\Users\ysw\.gradle\caches\8.14.3\md-supplier)" [_thread_blocked, id=320, stack(0x000000b77e100000,0x000000b77e200000)]
  0x000002b15b27f9d0 JavaThread "Cache worker for cache directory md-rule (C:\Users\ysw\.gradle\caches\8.14.3\md-rule)" [_thread_blocked, id=25788, stack(0x000000b77e200000,0x000000b77e300000)]
  0x000002b15b278b20 JavaThread "Unconstrained build operations" [_thread_blocked, id=26644, stack(0x000000b77e300000,0x000000b77e400000)]
  0x000002b15b27c4e0 JavaThread "Unconstrained build operations Thread 2" [_thread_blocked, id=4252, stack(0x000000b77e400000,0x000000b77e500000)]
  0x000002b15b27a800 JavaThread "jar transforms Thread 4" [_thread_blocked, id=12188, stack(0x000000b77e500000,0x000000b77e600000)]
  0x000002b15b27c9b0 JavaThread "jar transforms Thread 5" [_thread_blocked, id=25644, stack(0x000000b77e600000,0x000000b77e700000)]
  0x000002b15b278ff0 JavaThread "jar transforms Thread 6" [_thread_blocked, id=23868, stack(0x000000b77e700000,0x000000b77e800000)]
  0x000002b15b27b1a0 JavaThread "jar transforms Thread 7" [_thread_blocked, id=12496, stack(0x000000b77e800000,0x000000b77e900000)]
  0x000002b15b279e60 JavaThread "jar transforms Thread 8" [_thread_blocked, id=20944, stack(0x000000b77e900000,0x000000b77ea00000)]
  0x000002b15b2794c0 JavaThread "jar transforms Thread 9" [_thread_blocked, id=13696, stack(0x000000b77ea00000,0x000000b77eb00000)]
  0x000002b15b279990 JavaThread "Unconstrained build operations Thread 3" [_thread_blocked, id=22860, stack(0x000000b77eb00000,0x000000b77ec00000)]
  0x000002b15b27a330 JavaThread "Unconstrained build operations Thread 4" [_thread_blocked, id=2656, stack(0x000000b77ec00000,0x000000b77ed00000)]
  0x000002b15b27b670 JavaThread "Unconstrained build operations Thread 5" [_thread_blocked, id=10824, stack(0x000000b77ed00000,0x000000b77ee00000)]
  0x000002b15b27d350 JavaThread "Unconstrained build operations Thread 6" [_thread_blocked, id=16076, stack(0x000000b77ee00000,0x000000b77ef00000)]
  0x000002b15b27bb40 JavaThread "Unconstrained build operations Thread 7" [_thread_blocked, id=23320, stack(0x000000b77ef00000,0x000000b77f000000)]
  0x000002b15b27c010 JavaThread "Unconstrained build operations Thread 8" [_thread_blocked, id=1268, stack(0x000000b77f000000,0x000000b77f100000)]
  0x000002b15b27ce80 JavaThread "Unconstrained build operations Thread 9" [_thread_blocked, id=19272, stack(0x000000b77f100000,0x000000b77f200000)]
  0x000002b15b27d820 JavaThread "Unconstrained build operations Thread 10" [_thread_blocked, id=18000, stack(0x000000b77f200000,0x000000b77f300000)]
  0x000002b15b27e1c0 JavaThread "Unconstrained build operations Thread 11" [_thread_blocked, id=19852, stack(0x000000b77f300000,0x000000b77f400000)]
  0x000002b157a67530 JavaThread "Unconstrained build operations Thread 12" [_thread_blocked, id=15308, stack(0x000000b77f400000,0x000000b77f500000)]
  0x000002b157a6a550 JavaThread "Unconstrained build operations Thread 13" [_thread_blocked, id=26652, stack(0x000000b77f500000,0x000000b77f600000)]
  0x000002b157a6a080 JavaThread "Unconstrained build operations Thread 14" [_thread_blocked, id=16400, stack(0x000000b77f600000,0x000000b77f700000)]
  0x000002b157a69bb0 JavaThread "Unconstrained build operations Thread 15" [_thread_blocked, id=15664, stack(0x000000b77f700000,0x000000b77f800000)]
  0x000002b157a6da40 JavaThread "Unconstrained build operations Thread 16" [_thread_blocked, id=19700, stack(0x000000b77f800000,0x000000b77f900000)]
  0x000002b157a6d0a0 JavaThread "Unconstrained build operations Thread 17" [_thread_blocked, id=16476, stack(0x000000b77f900000,0x000000b77fa00000)]
  0x000002b157a6e8b0 JavaThread "Unconstrained build operations Thread 18" [_thread_blocked, id=16348, stack(0x000000b77fa00000,0x000000b77fb00000)]
  0x000002b157a67a00 JavaThread "Unconstrained build operations Thread 19" [_thread_blocked, id=16340, stack(0x000000b77fb00000,0x000000b77fc00000)]
  0x000002b157a67060 JavaThread "Unconstrained build operations Thread 20" [_thread_blocked, id=5728, stack(0x000000b77fc00000,0x000000b77fd00000)]
  0x000002b157a68d40 JavaThread "Unconstrained build operations Thread 21" [_thread_blocked, id=9360, stack(0x000000b77fd00000,0x000000b77fe00000)]
  0x000002b157a6d570 JavaThread "Unconstrained build operations Thread 22" [_thread_blocked, id=19292, stack(0x000000b77fe00000,0x000000b77ff00000)]
  0x000002b157a6b3c0 JavaThread "Unconstrained build operations Thread 23" [_thread_blocked, id=25636, stack(0x000000b77ff00000,0x000000b780000000)]
  0x000002b157a67ed0 JavaThread "Unconstrained build operations Thread 24" [_thread_blocked, id=25956, stack(0x000000b700000000,0x000000b700100000)]
  0x000002b157a683a0 JavaThread "Unconstrained build operations Thread 25" [_thread_blocked, id=26708, stack(0x000000b700100000,0x000000b700200000)]
  0x000002b157a6aa20 JavaThread "Unconstrained build operations Thread 26" [_thread_blocked, id=11228, stack(0x000000b700200000,0x000000b700300000)]
  0x000002b157a6e3e0 JavaThread "Unconstrained build operations Thread 27" [_thread_blocked, id=13240, stack(0x000000b700300000,0x000000b700400000)]
  0x000002b157a696e0 JavaThread "Unconstrained build operations Thread 28" [_thread_blocked, id=24428, stack(0x000000b700400000,0x000000b700500000)]
  0x000002b157a6aef0 JavaThread "Unconstrained build operations Thread 29" [_thread_blocked, id=19520, stack(0x000000b700500000,0x000000b700600000)]
  0x000002b157a69210 JavaThread "Unconstrained build operations Thread 30" [_thread_blocked, id=2420, stack(0x000000b700600000,0x000000b700700000)]
  0x000002b157a6b890 JavaThread "Unconstrained build operations Thread 31" [_thread_blocked, id=23388, stack(0x000000b700700000,0x000000b700800000)]
  0x000002b157a6bd60 JavaThread "Unconstrained build operations Thread 32" [_thread_blocked, id=6472, stack(0x000000b700800000,0x000000b700900000)]
  0x000002b157a6df10 JavaThread "Unconstrained build operations Thread 33" [_thread_blocked, id=17100, stack(0x000000b700900000,0x000000b700a00000)]
  0x000002b157a68870 JavaThread "Unconstrained build operations Thread 34" [_thread_blocked, id=12572, stack(0x000000b700a00000,0x000000b700b00000)]
  0x000002b157a6c230 JavaThread "Unconstrained build operations Thread 35" [_thread_blocked, id=1056, stack(0x000000b700b00000,0x000000b700c00000)]
  0x000002b157a6cbd0 JavaThread "Unconstrained build operations Thread 36" [_thread_blocked, id=15592, stack(0x000000b700c00000,0x000000b700d00000)]
  0x000002b157a6c700 JavaThread "Unconstrained build operations Thread 37" [_thread_blocked, id=11972, stack(0x000000b700d00000,0x000000b700e00000)]
  0x000002b155c035c0 JavaThread "Unconstrained build operations Thread 38" [_thread_blocked, id=8884, stack(0x000000b700e00000,0x000000b700f00000)]
  0x000002b155c03a90 JavaThread "Unconstrained build operations Thread 39" [_thread_blocked, id=26632, stack(0x000000b700f00000,0x000000b701000000)]
  0x000002b155c00f40 JavaThread "Unconstrained build operations Thread 40" [_thread_blocked, id=6964, stack(0x000000b701000000,0x000000b701100000)]
  0x000002b155c02c20 JavaThread "Unconstrained build operations Thread 41" [_thread_blocked, id=22144, stack(0x000000b701100000,0x000000b701200000)]
  0x000002b155c01410 JavaThread "Unconstrained build operations Thread 42" [_thread_blocked, id=10212, stack(0x000000b701200000,0x000000b701300000)]
  0x000002b155c030f0 JavaThread "Unconstrained build operations Thread 43" [_thread_blocked, id=11052, stack(0x000000b701300000,0x000000b701400000)]
  0x000002b155c00a70 JavaThread "Unconstrained build operations Thread 44" [_thread_blocked, id=12044, stack(0x000000b701400000,0x000000b701500000)]
  0x000002b155c018e0 JavaThread "Unconstrained build operations Thread 45" [_thread_blocked, id=23960, stack(0x000000b701500000,0x000000b701600000)]
  0x000002b155c000d0 JavaThread "Unconstrained build operations Thread 46" [_thread_blocked, id=23280, stack(0x000000b701600000,0x000000b701700000)]
  0x000002b155c005a0 JavaThread "Unconstrained build operations Thread 47" [_thread_blocked, id=23200, stack(0x000000b701700000,0x000000b701800000)]
  0x000002b155c02750 JavaThread "Memory manager" [_thread_blocked, id=12500, stack(0x000000b701800000,0x000000b701900000)]
  0x000002b156815390 JavaThread "jar transforms Thread 10" [_thread_blocked, id=9756, stack(0x000000b701900000,0x000000b701a00000)]
  0x000002b154bbd700 JavaThread "C2 CompilerThread3" daemon [_thread_in_native, id=12144, stack(0x000000b701a00000,0x000000b701b00000)]
  0x000002b154bbc7d0 JavaThread "C2 CompilerThread4" daemon [_thread_in_native, id=15740, stack(0x000000b701b00000,0x000000b701c00000)]
  0x000002b156814ec0 JavaThread "ForkJoinPool.commonPool-worker-1" daemon [_thread_blocked, id=21608, stack(0x000000b701c00000,0x000000b701d00000)]
  0x000002b15681b3d0 JavaThread "ForkJoinPool.commonPool-worker-2" daemon [_thread_blocked, id=27076, stack(0x000000b701d00000,0x000000b701e00000)]
  0x000002b156815d30 JavaThread "ForkJoinPool.commonPool-worker-3" daemon [_thread_blocked, id=14480, stack(0x000000b701e00000,0x000000b701f00000)]
  0x000002b15681a560 JavaThread "ForkJoinPool.commonPool-worker-4" daemon [_thread_blocked, id=624, stack(0x000000b701f00000,0x000000b702000000)]
  0x000002b15681af00 JavaThread "ForkJoinPool.commonPool-worker-5" daemon [_thread_blocked, id=26712, stack(0x000000b702000000,0x000000b702100000)]
  0x000002b15681b8a0 JavaThread "ForkJoinPool.commonPool-worker-6" daemon [_thread_blocked, id=6804, stack(0x000000b702100000,0x000000b702200000)]
  0x000002b1568196f0 JavaThread "ForkJoinPool.commonPool-worker-7" daemon [_thread_blocked, id=25616, stack(0x000000b702200000,0x000000b702300000)]
  0x000002b156818880 JavaThread "ForkJoinPool.commonPool-worker-8" daemon [_thread_blocked, id=27504, stack(0x000000b702300000,0x000000b702400000)]
  0x000002b156817ee0 JavaThread "ForkJoinPool.commonPool-worker-9" daemon [_thread_blocked, id=26252, stack(0x000000b702400000,0x000000b702500000)]
  0x000002b1568149f0 JavaThread "ForkJoinPool.commonPool-worker-10" daemon [_thread_blocked, id=3812, stack(0x000000b702500000,0x000000b702600000)]
  0x000002b15681aa30 JavaThread "ForkJoinPool.commonPool-worker-11" daemon [_thread_blocked, id=8268, stack(0x000000b702600000,0x000000b702700000)]
  0x000002b156817a10 JavaThread "Exec process" daemon [_thread_in_native, id=11568, stack(0x000000b702700000,0x000000b702800000)]
  0x000002b156817540 JavaThread "ForkJoinPool.commonPool-worker-12" daemon [_thread_blocked, id=21168, stack(0x000000b702800000,0x000000b702900000)]
  0x000002b1568166d0 JavaThread "Exec process Thread 2" daemon [_thread_in_native, id=980, stack(0x000000b702900000,0x000000b702a00000)]
  0x000002b156816ba0 JavaThread "ForkJoinPool.commonPool-worker-13" daemon [_thread_blocked, id=25792, stack(0x000000b702a00000,0x000000b702b00000)]
  0x000002b15681bd70 JavaThread "Exec process Thread 3" daemon [_thread_in_native, id=14324, stack(0x000000b702b00000,0x000000b702c00000)]

Other Threads:
  0x000002b1517e5960 VMThread "VM Thread" [stack: 0x000000b77a800000,0x000000b77a900000] [id=25052]
  0x000002b1345acaf0 WatcherThread [stack: 0x000000b77b800000,0x000000b77b900000] [id=14072]
  0x000002b1345da310 GCTaskThread "GC Thread#0" [stack: 0x000000b77a300000,0x000000b77a400000] [id=13952]
  0x000002b15268a4c0 GCTaskThread "GC Thread#1" [stack: 0x000000b77b900000,0x000000b77ba00000] [id=27136]
  0x000002b15268a770 GCTaskThread "GC Thread#2" [stack: 0x000000b77ba00000,0x000000b77bb00000] [id=13632]
  0x000002b152931ec0 GCTaskThread "GC Thread#3" [stack: 0x000000b77bb00000,0x000000b77bc00000] [id=1452]
  0x000002b1526a12e0 GCTaskThread "GC Thread#4" [stack: 0x000000b77bc00000,0x000000b77bd00000] [id=24076]
  0x000002b15277bd30 GCTaskThread "GC Thread#5" [stack: 0x000000b77bd00000,0x000000b77be00000] [id=17512]
  0x000002b1566daa90 GCTaskThread "GC Thread#6" [stack: 0x000000b77cb00000,0x000000b77cc00000] [id=6536]
  0x000002b1536d3800 GCTaskThread "GC Thread#7" [stack: 0x000000b77cc00000,0x000000b77cd00000] [id=27324]
  0x000002b154b36040 GCTaskThread "GC Thread#8" [stack: 0x000000b77cd00000,0x000000b77ce00000] [id=26692]
  0x000002b1549a1160 GCTaskThread "GC Thread#9" [stack: 0x000000b77ce00000,0x000000b77cf00000] [id=23788]
  0x000002b154a639f0 GCTaskThread "GC Thread#10" [stack: 0x000000b77cf00000,0x000000b77d000000] [id=12920]
  0x000002b154c2b790 GCTaskThread "GC Thread#11" [stack: 0x000000b77d000000,0x000000b77d100000] [id=8276]
  0x000002b154c2ba40 GCTaskThread "GC Thread#12" [stack: 0x000000b77d100000,0x000000b77d200000] [id=604]
  0x000002b1345df160 ConcurrentGCThread "G1 Main Marker" [stack: 0x000000b77a400000,0x000000b77a500000] [id=19996]
  0x000002b1345dfa80 ConcurrentGCThread "G1 Conc#0" [stack: 0x000000b77a500000,0x000000b77a600000] [id=7188]
  0x000002b15666ee80 ConcurrentGCThread "G1 Conc#1" [stack: 0x000000b77d500000,0x000000b77d600000] [id=26656]
  0x000002b157ae8bc0 ConcurrentGCThread "G1 Conc#2" [stack: 0x000000b77d600000,0x000000b77d700000] [id=23820]
  0x000002b13467da30 ConcurrentGCThread "G1 Refine#0" [stack: 0x000000b77a600000,0x000000b77a700000] [id=17600]
  0x000002b13467e360 ConcurrentGCThread "G1 Service" [stack: 0x000000b77a700000,0x000000b77a800000] [id=25024]

Threads with active compile tasks:
C2 CompilerThread1     5610 7184       4       java.beans.Introspector::addMethod (196 bytes)
C2 CompilerThread2     5610 7229       4       java.lang.invoke.MethodType::makeImpl (109 bytes)
C2 CompilerThread3     5610 7183       4       sun.reflect.generics.visitor.Reifier::visitClassTypeSignature (381 bytes)
C2 CompilerThread4     5610 7188       4       java.beans.MethodRef::set (58 bytes)

VM state: not at safepoint (normal execution)

VM Mutex/Monitor currently owned by a thread: None

Heap address: 0x00000000e0000000, size: 512 MB, Compressed Oops mode: 32-bit

CDS archive(s) mapped at: [0x0000000800000000-0x0000000800bc0000-0x0000000800bc0000), size 12320768, SharedBaseAddress: 0x0000000800000000, ArchiveRelocationMode: 0.
Compressed class space mapped at: 0x0000000800c00000-0x0000000814000000, reserved size: 322961408
Narrow klass base: 0x0000000800000000, Narrow klass shift: 0, Narrow klass range: 0x100000000

GC Precious Log:
 CPUs: 16 total, 16 available
 Memory: 16024M
 Large Page Support: Disabled
 NUMA Support: Disabled
 Compressed Oops: Enabled (32-bit)
 Heap Region Size: 1M
 Heap Min Capacity: 256M
 Heap Initial Capacity: 256M
 Heap Max Capacity: 512M
 Pre-touch: Disabled
 Parallel Workers: 13
 Concurrent Workers: 3
 Concurrent Refinement Workers: 13
 Periodic GC: Disabled

Heap:
 garbage-first heap   total 262144K, used 124682K [0x00000000e0000000, 0x0000000100000000)
  region size 1024K, 101 young (103424K), 16 survivors (16384K)
 Metaspace       used 52558K, committed 53184K, reserved 364544K
  class space    used 7464K, committed 7744K, reserved 315392K

Heap Regions: E=young(eden), S=young(survivor), O=old, HS=humongous(starts), HC=humongous(continues), CS=collection set, F=free, OA=open archive, CA=closed archive, TAMS=top-at-mark-start (previous, next)
|   0|0x00000000e0000000, 0x00000000e0100000, 0x00000000e0100000|100%|HS|  |TAMS 0x00000000e0100000, 0x00000000e0000000| Complete 
|   1|0x00000000e0100000, 0x00000000e0200000, 0x00000000e0200000|100%|HC|  |TAMS 0x00000000e0200000, 0x00000000e0100000| Complete 
|   2|0x00000000e0200000, 0x00000000e0300000, 0x00000000e0300000|100%|HC|  |TAMS 0x00000000e0300000, 0x00000000e0200000| Complete 
|   3|0x00000000e0300000, 0x00000000e0400000, 0x00000000e0400000|100%| O|  |TAMS 0x00000000e0400000, 0x00000000e0300000| Untracked 
|   4|0x00000000e0400000, 0x00000000e0500000, 0x00000000e0500000|100%| O|  |TAMS 0x00000000e0500000, 0x00000000e0400000| Untracked 
|   5|0x00000000e0500000, 0x00000000e0600000, 0x00000000e0600000|100%| O|  |TAMS 0x00000000e0600000, 0x00000000e0500000| Untracked 
|   6|0x00000000e0600000, 0x00000000e0700000, 0x00000000e0700000|100%|HS|  |TAMS 0x00000000e0700000, 0x00000000e0600000| Complete 
|   7|0x00000000e0700000, 0x00000000e0800000, 0x00000000e0800000|100%| O|  |TAMS 0x00000000e0800000, 0x00000000e0700000| Untracked 
|   8|0x00000000e0800000, 0x00000000e0900000, 0x00000000e0900000|100%| O|  |TAMS 0x00000000e0900000, 0x00000000e0800000| Untracked 
|   9|0x00000000e0900000, 0x00000000e0a00000, 0x00000000e0a00000|100%| O|  |TAMS 0x00000000e0a00000, 0x00000000e0900000| Untracked 
|  10|0x00000000e0a00000, 0x00000000e0b00000, 0x00000000e0b00000|100%| O|  |TAMS 0x00000000e0b00000, 0x00000000e0a00000| Untracked 
|  11|0x00000000e0b00000, 0x00000000e0c00000, 0x00000000e0c00000|100%| O|  |TAMS 0x00000000e0b6f600, 0x00000000e0b00000| Untracked 
|  12|0x00000000e0c00000, 0x00000000e0c00000, 0x00000000e0d00000|  0%| F|  |TAMS 0x00000000e0c00000, 0x00000000e0c00000| Untracked 
|  13|0x00000000e0d00000, 0x00000000e0d00000, 0x00000000e0e00000|  0%| F|  |TAMS 0x00000000e0d00000, 0x00000000e0d00000| Untracked 
|  14|0x00000000e0e00000, 0x00000000e0f00000, 0x00000000e0f00000|100%| O|  |TAMS 0x00000000e0e00000, 0x00000000e0e00000| Untracked 
|  15|0x00000000e0f00000, 0x00000000e1000000, 0x00000000e1000000|100%| O|  |TAMS 0x00000000e0f00000, 0x00000000e0f00000| Untracked 
|  16|0x00000000e1000000, 0x00000000e1028800, 0x00000000e1100000| 15%| O|  |TAMS 0x00000000e1000000, 0x00000000e1000000| Untracked 
|  17|0x00000000e1100000, 0x00000000e1200000, 0x00000000e1200000|100%| O|  |TAMS 0x00000000e1100000, 0x00000000e1100000| Untracked 
|  18|0x00000000e1200000, 0x00000000e1300000, 0x00000000e1300000|100%| O|  |TAMS 0x00000000e1200000, 0x00000000e1200000| Untracked 
|  19|0x00000000e1300000, 0x00000000e1400000, 0x00000000e1400000|100%| O|  |TAMS 0x00000000e1300000, 0x00000000e1300000| Untracked 
|  20|0x00000000e1400000, 0x00000000e1500000, 0x00000000e1500000|100%| O|  |TAMS 0x00000000e1400000, 0x00000000e1400000| Untracked 
|  21|0x00000000e1500000, 0x00000000e1600000, 0x00000000e1600000|100%| O|  |TAMS 0x00000000e1500000, 0x00000000e1500000| Untracked 
|  22|0x00000000e1600000, 0x00000000e1700000, 0x00000000e1700000|100%| O|  |TAMS 0x00000000e1600000, 0x00000000e1600000| Untracked 
|  23|0x00000000e1700000, 0x00000000e1800000, 0x00000000e1800000|100%| O|  |TAMS 0x00000000e1700000, 0x00000000e1700000| Untracked 
|  24|0x00000000e1800000, 0x00000000e1900000, 0x00000000e1900000|100%| O|  |TAMS 0x00000000e1800000, 0x00000000e1800000| Untracked 
|  25|0x00000000e1900000, 0x00000000e1a00000, 0x00000000e1a00000|100%| O|  |TAMS 0x00000000e1900000, 0x00000000e1900000| Untracked 
|  26|0x00000000e1a00000, 0x00000000e1a00000, 0x00000000e1b00000|  0%| F|  |TAMS 0x00000000e1a00000, 0x00000000e1a00000| Untracked 
|  27|0x00000000e1b00000, 0x00000000e1b00000, 0x00000000e1c00000|  0%| F|  |TAMS 0x00000000e1b00000, 0x00000000e1b00000| Untracked 
|  28|0x00000000e1c00000, 0x00000000e1c00000, 0x00000000e1d00000|  0%| F|  |TAMS 0x00000000e1c00000, 0x00000000e1c00000| Untracked 
|  29|0x00000000e1d00000, 0x00000000e1d00000, 0x00000000e1e00000|  0%| F|  |TAMS 0x00000000e1d00000, 0x00000000e1d00000| Untracked 
|  30|0x00000000e1e00000, 0x00000000e1e00000, 0x00000000e1f00000|  0%| F|  |TAMS 0x00000000e1e00000, 0x00000000e1e00000| Untracked 
|  31|0x00000000e1f00000, 0x00000000e1f00000, 0x00000000e2000000|  0%| F|  |TAMS 0x00000000e1f00000, 0x00000000e1f00000| Untracked 
|  32|0x00000000e2000000, 0x00000000e2000000, 0x00000000e2100000|  0%| F|  |TAMS 0x00000000e2000000, 0x00000000e2000000| Untracked 
|  33|0x00000000e2100000, 0x00000000e2100000, 0x00000000e2200000|  0%| F|  |TAMS 0x00000000e2100000, 0x00000000e2100000| Untracked 
|  34|0x00000000e2200000, 0x00000000e2200000, 0x00000000e2300000|  0%| F|  |TAMS 0x00000000e2200000, 0x00000000e2200000| Untracked 
|  35|0x00000000e2300000, 0x00000000e2300000, 0x00000000e2400000|  0%| F|  |TAMS 0x00000000e2300000, 0x00000000e2300000| Untracked 
|  36|0x00000000e2400000, 0x00000000e2400000, 0x00000000e2500000|  0%| F|  |TAMS 0x00000000e2400000, 0x00000000e2400000| Untracked 
|  37|0x00000000e2500000, 0x00000000e2500000, 0x00000000e2600000|  0%| F|  |TAMS 0x00000000e2500000, 0x00000000e2500000| Untracked 
|  38|0x00000000e2600000, 0x00000000e2600000, 0x00000000e2700000|  0%| F|  |TAMS 0x00000000e2600000, 0x00000000e2600000| Untracked 
|  39|0x00000000e2700000, 0x00000000e2700000, 0x00000000e2800000|  0%| F|  |TAMS 0x00000000e2700000, 0x00000000e2700000| Untracked 
|  40|0x00000000e2800000, 0x00000000e2800000, 0x00000000e2900000|  0%| F|  |TAMS 0x00000000e2800000, 0x00000000e2800000| Untracked 
|  41|0x00000000e2900000, 0x00000000e2900000, 0x00000000e2a00000|  0%| F|  |TAMS 0x00000000e2900000, 0x00000000e2900000| Untracked 
|  42|0x00000000e2a00000, 0x00000000e2a00000, 0x00000000e2b00000|  0%| F|  |TAMS 0x00000000e2a00000, 0x00000000e2a00000| Untracked 
|  43|0x00000000e2b00000, 0x00000000e2b00000, 0x00000000e2c00000|  0%| F|  |TAMS 0x00000000e2b00000, 0x00000000e2b00000| Untracked 
|  44|0x00000000e2c00000, 0x00000000e2c00000, 0x00000000e2d00000|  0%| F|  |TAMS 0x00000000e2c00000, 0x00000000e2c00000| Untracked 
|  45|0x00000000e2d00000, 0x00000000e2d00000, 0x00000000e2e00000|  0%| F|  |TAMS 0x00000000e2d00000, 0x00000000e2d00000| Untracked 
|  46|0x00000000e2e00000, 0x00000000e2e00000, 0x00000000e2f00000|  0%| F|  |TAMS 0x00000000e2e00000, 0x00000000e2e00000| Untracked 
|  47|0x00000000e2f00000, 0x00000000e2f00000, 0x00000000e3000000|  0%| F|  |TAMS 0x00000000e2f00000, 0x00000000e2f00000| Untracked 
|  48|0x00000000e3000000, 0x00000000e3000000, 0x00000000e3100000|  0%| F|  |TAMS 0x00000000e3000000, 0x00000000e3000000| Untracked 
|  49|0x00000000e3100000, 0x00000000e3100000, 0x00000000e3200000|  0%| F|  |TAMS 0x00000000e3100000, 0x00000000e3100000| Untracked 
|  50|0x00000000e3200000, 0x00000000e3200000, 0x00000000e3300000|  0%| F|  |TAMS 0x00000000e3200000, 0x00000000e3200000| Untracked 
|  51|0x00000000e3300000, 0x00000000e3300000, 0x00000000e3400000|  0%| F|  |TAMS 0x00000000e3300000, 0x00000000e3300000| Untracked 
|  52|0x00000000e3400000, 0x00000000e3400000, 0x00000000e3500000|  0%| F|  |TAMS 0x00000000e3400000, 0x00000000e3400000| Untracked 
|  53|0x00000000e3500000, 0x00000000e3500000, 0x00000000e3600000|  0%| F|  |TAMS 0x00000000e3500000, 0x00000000e3500000| Untracked 
|  54|0x00000000e3600000, 0x00000000e3600000, 0x00000000e3700000|  0%| F|  |TAMS 0x00000000e3600000, 0x00000000e3600000| Untracked 
|  55|0x00000000e3700000, 0x00000000e3700000, 0x00000000e3800000|  0%| F|  |TAMS 0x00000000e3700000, 0x00000000e3700000| Untracked 
|  56|0x00000000e3800000, 0x00000000e3800000, 0x00000000e3900000|  0%| F|  |TAMS 0x00000000e3800000, 0x00000000e3800000| Untracked 
|  57|0x00000000e3900000, 0x00000000e3900000, 0x00000000e3a00000|  0%| F|  |TAMS 0x00000000e3900000, 0x00000000e3900000| Untracked 
|  58|0x00000000e3a00000, 0x00000000e3a00000, 0x00000000e3b00000|  0%| F|  |TAMS 0x00000000e3a00000, 0x00000000e3a00000| Untracked 
|  59|0x00000000e3b00000, 0x00000000e3b00000, 0x00000000e3c00000|  0%| F|  |TAMS 0x00000000e3b00000, 0x00000000e3b00000| Untracked 
|  60|0x00000000e3c00000, 0x00000000e3c00000, 0x00000000e3d00000|  0%| F|  |TAMS 0x00000000e3c00000, 0x00000000e3c00000| Untracked 
|  61|0x00000000e3d00000, 0x00000000e3d00000, 0x00000000e3e00000|  0%| F|  |TAMS 0x00000000e3d00000, 0x00000000e3d00000| Untracked 
|  62|0x00000000e3e00000, 0x00000000e3e00000, 0x00000000e3f00000|  0%| F|  |TAMS 0x00000000e3e00000, 0x00000000e3e00000| Untracked 
|  63|0x00000000e3f00000, 0x00000000e3f00000, 0x00000000e4000000|  0%| F|  |TAMS 0x00000000e3f00000, 0x00000000e3f00000| Untracked 
|  64|0x00000000e4000000, 0x00000000e4000000, 0x00000000e4100000|  0%| F|  |TAMS 0x00000000e4000000, 0x00000000e4000000| Untracked 
|  65|0x00000000e4100000, 0x00000000e4100000, 0x00000000e4200000|  0%| F|  |TAMS 0x00000000e4100000, 0x00000000e4100000| Untracked 
|  66|0x00000000e4200000, 0x00000000e4200000, 0x00000000e4300000|  0%| F|  |TAMS 0x00000000e4200000, 0x00000000e4200000| Untracked 
|  67|0x00000000e4300000, 0x00000000e4300000, 0x00000000e4400000|  0%| F|  |TAMS 0x00000000e4300000, 0x00000000e4300000| Untracked 
|  68|0x00000000e4400000, 0x00000000e4400000, 0x00000000e4500000|  0%| F|  |TAMS 0x00000000e4400000, 0x00000000e4400000| Untracked 
|  69|0x00000000e4500000, 0x00000000e4500000, 0x00000000e4600000|  0%| F|  |TAMS 0x00000000e4500000, 0x00000000e4500000| Untracked 
|  70|0x00000000e4600000, 0x00000000e4600000, 0x00000000e4700000|  0%| F|  |TAMS 0x00000000e4600000, 0x00000000e4600000| Untracked 
|  71|0x00000000e4700000, 0x00000000e4700000, 0x00000000e4800000|  0%| F|  |TAMS 0x00000000e4700000, 0x00000000e4700000| Untracked 
|  72|0x00000000e4800000, 0x00000000e4800000, 0x00000000e4900000|  0%| F|  |TAMS 0x00000000e4800000, 0x00000000e4800000| Untracked 
|  73|0x00000000e4900000, 0x00000000e4900000, 0x00000000e4a00000|  0%| F|  |TAMS 0x00000000e4900000, 0x00000000e4900000| Untracked 
|  74|0x00000000e4a00000, 0x00000000e4a00000, 0x00000000e4b00000|  0%| F|  |TAMS 0x00000000e4a00000, 0x00000000e4a00000| Untracked 
|  75|0x00000000e4b00000, 0x00000000e4b00000, 0x00000000e4c00000|  0%| F|  |TAMS 0x00000000e4b00000, 0x00000000e4b00000| Untracked 
|  76|0x00000000e4c00000, 0x00000000e4c00000, 0x00000000e4d00000|  0%| F|  |TAMS 0x00000000e4c00000, 0x00000000e4c00000| Untracked 
|  77|0x00000000e4d00000, 0x00000000e4d00000, 0x00000000e4e00000|  0%| F|  |TAMS 0x00000000e4d00000, 0x00000000e4d00000| Untracked 
|  78|0x00000000e4e00000, 0x00000000e4e00000, 0x00000000e4f00000|  0%| F|  |TAMS 0x00000000e4e00000, 0x00000000e4e00000| Untracked 
|  79|0x00000000e4f00000, 0x00000000e4f00000, 0x00000000e5000000|  0%| F|  |TAMS 0x00000000e4f00000, 0x00000000e4f00000| Untracked 
|  80|0x00000000e5000000, 0x00000000e5000000, 0x00000000e5100000|  0%| F|  |TAMS 0x00000000e5000000, 0x00000000e5000000| Untracked 
|  81|0x00000000e5100000, 0x00000000e5100000, 0x00000000e5200000|  0%| F|  |TAMS 0x00000000e5100000, 0x00000000e5100000| Untracked 
|  82|0x00000000e5200000, 0x00000000e5200000, 0x00000000e5300000|  0%| F|  |TAMS 0x00000000e5200000, 0x00000000e5200000| Untracked 
|  83|0x00000000e5300000, 0x00000000e5300000, 0x00000000e5400000|  0%| F|  |TAMS 0x00000000e5300000, 0x00000000e5300000| Untracked 
|  84|0x00000000e5400000, 0x00000000e5400000, 0x00000000e5500000|  0%| F|  |TAMS 0x00000000e5400000, 0x00000000e5400000| Untracked 
|  85|0x00000000e5500000, 0x00000000e5500000, 0x00000000e5600000|  0%| F|  |TAMS 0x00000000e5500000, 0x00000000e5500000| Untracked 
|  86|0x00000000e5600000, 0x00000000e5600000, 0x00000000e5700000|  0%| F|  |TAMS 0x00000000e5600000, 0x00000000e5600000| Untracked 
|  87|0x00000000e5700000, 0x00000000e579a220, 0x00000000e5800000| 60%| S|CS|TAMS 0x00000000e5700000, 0x00000000e5700000| Complete 
|  88|0x00000000e5800000, 0x00000000e5900000, 0x00000000e5900000|100%| S|CS|TAMS 0x00000000e5800000, 0x00000000e5800000| Complete 
|  89|0x00000000e5900000, 0x00000000e5a00000, 0x00000000e5a00000|100%| S|CS|TAMS 0x00000000e5900000, 0x00000000e5900000| Complete 
|  90|0x00000000e5a00000, 0x00000000e5b00000, 0x00000000e5b00000|100%| S|CS|TAMS 0x00000000e5a00000, 0x00000000e5a00000| Complete 
|  91|0x00000000e5b00000, 0x00000000e5c00000, 0x00000000e5c00000|100%| S|CS|TAMS 0x00000000e5b00000, 0x00000000e5b00000| Complete 
|  92|0x00000000e5c00000, 0x00000000e5d00000, 0x00000000e5d00000|100%| S|CS|TAMS 0x00000000e5c00000, 0x00000000e5c00000| Complete 
|  93|0x00000000e5d00000, 0x00000000e5e00000, 0x00000000e5e00000|100%| S|CS|TAMS 0x00000000e5d00000, 0x00000000e5d00000| Complete 
|  94|0x00000000e5e00000, 0x00000000e5f00000, 0x00000000e5f00000|100%| S|CS|TAMS 0x00000000e5e00000, 0x00000000e5e00000| Complete 
|  95|0x00000000e5f00000, 0x00000000e6000000, 0x00000000e6000000|100%| S|CS|TAMS 0x00000000e5f00000, 0x00000000e5f00000| Complete 
|  96|0x00000000e6000000, 0x00000000e6100000, 0x00000000e6100000|100%| S|CS|TAMS 0x00000000e6000000, 0x00000000e6000000| Complete 
|  97|0x00000000e6100000, 0x00000000e6200000, 0x00000000e6200000|100%| S|CS|TAMS 0x00000000e6100000, 0x00000000e6100000| Complete 
|  98|0x00000000e6200000, 0x00000000e6300000, 0x00000000e6300000|100%| S|CS|TAMS 0x00000000e6200000, 0x00000000e6200000| Complete 
|  99|0x00000000e6300000, 0x00000000e6400000, 0x00000000e6400000|100%| S|CS|TAMS 0x00000000e6300000, 0x00000000e6300000| Complete 
| 100|0x00000000e6400000, 0x00000000e6500000, 0x00000000e6500000|100%| S|CS|TAMS 0x00000000e6400000, 0x00000000e6400000| Complete 
| 101|0x00000000e6500000, 0x00000000e6600000, 0x00000000e6600000|100%| S|CS|TAMS 0x00000000e6500000, 0x00000000e6500000| Complete 
| 102|0x00000000e6600000, 0x00000000e6700000, 0x00000000e6700000|100%| S|CS|TAMS 0x00000000e6600000, 0x00000000e6600000| Complete 
| 103|0x00000000e6700000, 0x00000000e6700000, 0x00000000e6800000|  0%| F|  |TAMS 0x00000000e6700000, 0x00000000e6700000| Untracked 
| 104|0x00000000e6800000, 0x00000000e6800000, 0x00000000e6900000|  0%| F|  |TAMS 0x00000000e6800000, 0x00000000e6800000| Untracked 
| 105|0x00000000e6900000, 0x00000000e6900000, 0x00000000e6a00000|  0%| F|  |TAMS 0x00000000e6900000, 0x00000000e6900000| Untracked 
| 106|0x00000000e6a00000, 0x00000000e6a00000, 0x00000000e6b00000|  0%| F|  |TAMS 0x00000000e6a00000, 0x00000000e6a00000| Untracked 
| 107|0x00000000e6b00000, 0x00000000e6b00000, 0x00000000e6c00000|  0%| F|  |TAMS 0x00000000e6b00000, 0x00000000e6b00000| Untracked 
| 108|0x00000000e6c00000, 0x00000000e6c00000, 0x00000000e6d00000|  0%| F|  |TAMS 0x00000000e6c00000, 0x00000000e6c00000| Untracked 
| 109|0x00000000e6d00000, 0x00000000e6d00000, 0x00000000e6e00000|  0%| F|  |TAMS 0x00000000e6d00000, 0x00000000e6d00000| Untracked 
| 110|0x00000000e6e00000, 0x00000000e6e00000, 0x00000000e6f00000|  0%| F|  |TAMS 0x00000000e6e00000, 0x00000000e6e00000| Untracked 
| 111|0x00000000e6f00000, 0x00000000e6f00000, 0x00000000e7000000|  0%| F|  |TAMS 0x00000000e6f00000, 0x00000000e6f00000| Untracked 
| 112|0x00000000e7000000, 0x00000000e7000000, 0x00000000e7100000|  0%| F|  |TAMS 0x00000000e7000000, 0x00000000e7000000| Untracked 
| 113|0x00000000e7100000, 0x00000000e7100000, 0x00000000e7200000|  0%| F|  |TAMS 0x00000000e7100000, 0x00000000e7100000| Untracked 
| 114|0x00000000e7200000, 0x00000000e7200000, 0x00000000e7300000|  0%| F|  |TAMS 0x00000000e7200000, 0x00000000e7200000| Untracked 
| 115|0x00000000e7300000, 0x00000000e7300000, 0x00000000e7400000|  0%| F|  |TAMS 0x00000000e7300000, 0x00000000e7300000| Untracked 
| 116|0x00000000e7400000, 0x00000000e7400000, 0x00000000e7500000|  0%| F|  |TAMS 0x00000000e7400000, 0x00000000e7400000| Untracked 
| 117|0x00000000e7500000, 0x00000000e7500000, 0x00000000e7600000|  0%| F|  |TAMS 0x00000000e7500000, 0x00000000e7500000| Untracked 
| 118|0x00000000e7600000, 0x00000000e7600000, 0x00000000e7700000|  0%| F|  |TAMS 0x00000000e7600000, 0x00000000e7600000| Untracked 
| 119|0x00000000e7700000, 0x00000000e7700000, 0x00000000e7800000|  0%| F|  |TAMS 0x00000000e7700000, 0x00000000e7700000| Untracked 
| 120|0x00000000e7800000, 0x00000000e7800000, 0x00000000e7900000|  0%| F|  |TAMS 0x00000000e7800000, 0x00000000e7800000| Untracked 
| 121|0x00000000e7900000, 0x00000000e7900000, 0x00000000e7a00000|  0%| F|  |TAMS 0x00000000e7900000, 0x00000000e7900000| Untracked 
| 122|0x00000000e7a00000, 0x00000000e7a00000, 0x00000000e7b00000|  0%| F|  |TAMS 0x00000000e7a00000, 0x00000000e7a00000| Untracked 
| 123|0x00000000e7b00000, 0x00000000e7b00000, 0x00000000e7c00000|  0%| F|  |TAMS 0x00000000e7b00000, 0x00000000e7b00000| Untracked 
| 124|0x00000000e7c00000, 0x00000000e7c00000, 0x00000000e7d00000|  0%| F|  |TAMS 0x00000000e7c00000, 0x00000000e7c00000| Untracked 
| 125|0x00000000e7d00000, 0x00000000e7d00000, 0x00000000e7e00000|  0%| F|  |TAMS 0x00000000e7d00000, 0x00000000e7d00000| Untracked 
| 126|0x00000000e7e00000, 0x00000000e7e00000, 0x00000000e7f00000|  0%| F|  |TAMS 0x00000000e7e00000, 0x00000000e7e00000| Untracked 
| 127|0x00000000e7f00000, 0x00000000e7f00000, 0x00000000e8000000|  0%| F|  |TAMS 0x00000000e7f00000, 0x00000000e7f00000| Untracked 
| 128|0x00000000e8000000, 0x00000000e8000000, 0x00000000e8100000|  0%| F|  |TAMS 0x00000000e8000000, 0x00000000e8000000| Untracked 
| 129|0x00000000e8100000, 0x00000000e8100000, 0x00000000e8200000|  0%| F|  |TAMS 0x00000000e8100000, 0x00000000e8100000| Untracked 
| 130|0x00000000e8200000, 0x00000000e8200000, 0x00000000e8300000|  0%| F|  |TAMS 0x00000000e8200000, 0x00000000e8200000| Untracked 
| 131|0x00000000e8300000, 0x00000000e8300000, 0x00000000e8400000|  0%| F|  |TAMS 0x00000000e8300000, 0x00000000e8300000| Untracked 
| 132|0x00000000e8400000, 0x00000000e8400000, 0x00000000e8500000|  0%| F|  |TAMS 0x00000000e8400000, 0x00000000e8400000| Untracked 
| 133|0x00000000e8500000, 0x00000000e8500000, 0x00000000e8600000|  0%| F|  |TAMS 0x00000000e8500000, 0x00000000e8500000| Untracked 
| 134|0x00000000e8600000, 0x00000000e8600000, 0x00000000e8700000|  0%| F|  |TAMS 0x00000000e8600000, 0x00000000e8600000| Untracked 
| 135|0x00000000e8700000, 0x00000000e8700000, 0x00000000e8800000|  0%| F|  |TAMS 0x00000000e8700000, 0x00000000e8700000| Untracked 
| 136|0x00000000e8800000, 0x00000000e8800000, 0x00000000e8900000|  0%| F|  |TAMS 0x00000000e8800000, 0x00000000e8800000| Untracked 
| 137|0x00000000e8900000, 0x00000000e8900000, 0x00000000e8a00000|  0%| F|  |TAMS 0x00000000e8900000, 0x00000000e8900000| Untracked 
| 138|0x00000000e8a00000, 0x00000000e8a00000, 0x00000000e8b00000|  0%| F|  |TAMS 0x00000000e8a00000, 0x00000000e8a00000| Untracked 
| 139|0x00000000e8b00000, 0x00000000e8b00000, 0x00000000e8c00000|  0%| F|  |TAMS 0x00000000e8b00000, 0x00000000e8b00000| Untracked 
| 140|0x00000000e8c00000, 0x00000000e8c00000, 0x00000000e8d00000|  0%| F|  |TAMS 0x00000000e8c00000, 0x00000000e8c00000| Untracked 
| 141|0x00000000e8d00000, 0x00000000e8d00000, 0x00000000e8e00000|  0%| F|  |TAMS 0x00000000e8d00000, 0x00000000e8d00000| Untracked 
| 142|0x00000000e8e00000, 0x00000000e8e00000, 0x00000000e8f00000|  0%| F|  |TAMS 0x00000000e8e00000, 0x00000000e8e00000| Untracked 
| 143|0x00000000e8f00000, 0x00000000e8f00000, 0x00000000e9000000|  0%| F|  |TAMS 0x00000000e8f00000, 0x00000000e8f00000| Untracked 
| 144|0x00000000e9000000, 0x00000000e9000000, 0x00000000e9100000|  0%| F|  |TAMS 0x00000000e9000000, 0x00000000e9000000| Untracked 
| 145|0x00000000e9100000, 0x00000000e9100000, 0x00000000e9200000|  0%| F|  |TAMS 0x00000000e9100000, 0x00000000e9100000| Untracked 
| 146|0x00000000e9200000, 0x00000000e9200000, 0x00000000e9300000|  0%| F|  |TAMS 0x00000000e9200000, 0x00000000e9200000| Untracked 
| 147|0x00000000e9300000, 0x00000000e9300000, 0x00000000e9400000|  0%| F|  |TAMS 0x00000000e9300000, 0x00000000e9300000| Untracked 
| 148|0x00000000e9400000, 0x00000000e9400000, 0x00000000e9500000|  0%| F|  |TAMS 0x00000000e9400000, 0x00000000e9400000| Untracked 
| 149|0x00000000e9500000, 0x00000000e9500000, 0x00000000e9600000|  0%| F|  |TAMS 0x00000000e9500000, 0x00000000e9500000| Untracked 
| 150|0x00000000e9600000, 0x00000000e9600000, 0x00000000e9700000|  0%| F|  |TAMS 0x00000000e9600000, 0x00000000e9600000| Untracked 
| 151|0x00000000e9700000, 0x00000000e9700000, 0x00000000e9800000|  0%| F|  |TAMS 0x00000000e9700000, 0x00000000e9700000| Untracked 
| 152|0x00000000e9800000, 0x00000000e9800000, 0x00000000e9900000|  0%| F|  |TAMS 0x00000000e9800000, 0x00000000e9800000| Untracked 
| 153|0x00000000e9900000, 0x00000000e9900000, 0x00000000e9a00000|  0%| F|  |TAMS 0x00000000e9900000, 0x00000000e9900000| Untracked 
| 154|0x00000000e9a00000, 0x00000000e9a00000, 0x00000000e9b00000|  0%| F|  |TAMS 0x00000000e9a00000, 0x00000000e9a00000| Untracked 
| 155|0x00000000e9b00000, 0x00000000e9b00000, 0x00000000e9c00000|  0%| F|  |TAMS 0x00000000e9b00000, 0x00000000e9b00000| Untracked 
| 156|0x00000000e9c00000, 0x00000000e9c00000, 0x00000000e9d00000|  0%| F|  |TAMS 0x00000000e9c00000, 0x00000000e9c00000| Untracked 
| 157|0x00000000e9d00000, 0x00000000e9d00000, 0x00000000e9e00000|  0%| F|  |TAMS 0x00000000e9d00000, 0x00000000e9d00000| Untracked 
| 158|0x00000000e9e00000, 0x00000000e9e00000, 0x00000000e9f00000|  0%| F|  |TAMS 0x00000000e9e00000, 0x00000000e9e00000| Untracked 
| 159|0x00000000e9f00000, 0x00000000e9f00000, 0x00000000ea000000|  0%| F|  |TAMS 0x00000000e9f00000, 0x00000000e9f00000| Untracked 
| 160|0x00000000ea000000, 0x00000000ea000000, 0x00000000ea100000|  0%| F|  |TAMS 0x00000000ea000000, 0x00000000ea000000| Untracked 
| 161|0x00000000ea100000, 0x00000000ea100000, 0x00000000ea200000|  0%| F|  |TAMS 0x00000000ea100000, 0x00000000ea100000| Untracked 
| 162|0x00000000ea200000, 0x00000000ea200000, 0x00000000ea300000|  0%| F|  |TAMS 0x00000000ea200000, 0x00000000ea200000| Untracked 
| 163|0x00000000ea300000, 0x00000000ea300000, 0x00000000ea400000|  0%| F|  |TAMS 0x00000000ea300000, 0x00000000ea300000| Untracked 
| 164|0x00000000ea400000, 0x00000000ea400000, 0x00000000ea500000|  0%| F|  |TAMS 0x00000000ea400000, 0x00000000ea400000| Untracked 
| 165|0x00000000ea500000, 0x00000000ea500000, 0x00000000ea600000|  0%| F|  |TAMS 0x00000000ea500000, 0x00000000ea500000| Untracked 
| 166|0x00000000ea600000, 0x00000000ea600000, 0x00000000ea700000|  0%| F|  |TAMS 0x00000000ea600000, 0x00000000ea600000| Untracked 
| 167|0x00000000ea700000, 0x00000000ea700000, 0x00000000ea800000|  0%| F|  |TAMS 0x00000000ea700000, 0x00000000ea700000| Untracked 
| 168|0x00000000ea800000, 0x00000000ea800000, 0x00000000ea900000|  0%| F|  |TAMS 0x00000000ea800000, 0x00000000ea800000| Untracked 
| 169|0x00000000ea900000, 0x00000000ea900000, 0x00000000eaa00000|  0%| F|  |TAMS 0x00000000ea900000, 0x00000000ea900000| Untracked 
| 170|0x00000000eaa00000, 0x00000000eaa00000, 0x00000000eab00000|  0%| F|  |TAMS 0x00000000eaa00000, 0x00000000eaa00000| Untracked 
| 171|0x00000000eab00000, 0x00000000eac00000, 0x00000000eac00000|100%| E|  |TAMS 0x00000000eab00000, 0x00000000eab00000| Complete 
| 172|0x00000000eac00000, 0x00000000ead00000, 0x00000000ead00000|100%| E|CS|TAMS 0x00000000eac00000, 0x00000000eac00000| Complete 
| 173|0x00000000ead00000, 0x00000000eae00000, 0x00000000eae00000|100%| E|CS|TAMS 0x00000000ead00000, 0x00000000ead00000| Complete 
| 174|0x00000000eae00000, 0x00000000eaf00000, 0x00000000eaf00000|100%| E|CS|TAMS 0x00000000eae00000, 0x00000000eae00000| Complete 
| 175|0x00000000eaf00000, 0x00000000eb000000, 0x00000000eb000000|100%| E|CS|TAMS 0x00000000eaf00000, 0x00000000eaf00000| Complete 
| 176|0x00000000eb000000, 0x00000000eb100000, 0x00000000eb100000|100%| E|CS|TAMS 0x00000000eb000000, 0x00000000eb000000| Complete 
| 177|0x00000000eb100000, 0x00000000eb200000, 0x00000000eb200000|100%| E|CS|TAMS 0x00000000eb100000, 0x00000000eb100000| Complete 
| 178|0x00000000eb200000, 0x00000000eb300000, 0x00000000eb300000|100%| E|CS|TAMS 0x00000000eb200000, 0x00000000eb200000| Complete 
| 179|0x00000000eb300000, 0x00000000eb400000, 0x00000000eb400000|100%| E|CS|TAMS 0x00000000eb300000, 0x00000000eb300000| Complete 
| 180|0x00000000eb400000, 0x00000000eb500000, 0x00000000eb500000|100%| E|CS|TAMS 0x00000000eb400000, 0x00000000eb400000| Complete 
| 181|0x00000000eb500000, 0x00000000eb600000, 0x00000000eb600000|100%| E|CS|TAMS 0x00000000eb500000, 0x00000000eb500000| Complete 
| 182|0x00000000eb600000, 0x00000000eb700000, 0x00000000eb700000|100%| E|CS|TAMS 0x00000000eb600000, 0x00000000eb600000| Complete 
| 183|0x00000000eb700000, 0x00000000eb800000, 0x00000000eb800000|100%| E|CS|TAMS 0x00000000eb700000, 0x00000000eb700000| Complete 
| 184|0x00000000eb800000, 0x00000000eb900000, 0x00000000eb900000|100%| E|CS|TAMS 0x00000000eb800000, 0x00000000eb800000| Complete 
| 185|0x00000000eb900000, 0x00000000eba00000, 0x00000000eba00000|100%| E|CS|TAMS 0x00000000eb900000, 0x00000000eb900000| Complete 
| 186|0x00000000eba00000, 0x00000000ebb00000, 0x00000000ebb00000|100%| E|CS|TAMS 0x00000000eba00000, 0x00000000eba00000| Complete 
| 187|0x00000000ebb00000, 0x00000000ebc00000, 0x00000000ebc00000|100%| E|CS|TAMS 0x00000000ebb00000, 0x00000000ebb00000| Complete 
| 188|0x00000000ebc00000, 0x00000000ebd00000, 0x00000000ebd00000|100%| E|CS|TAMS 0x00000000ebc00000, 0x00000000ebc00000| Complete 
| 189|0x00000000ebd00000, 0x00000000ebe00000, 0x00000000ebe00000|100%| E|CS|TAMS 0x00000000ebd00000, 0x00000000ebd00000| Complete 
| 190|0x00000000ebe00000, 0x00000000ebf00000, 0x00000000ebf00000|100%| E|CS|TAMS 0x00000000ebe00000, 0x00000000ebe00000| Complete 
| 191|0x00000000ebf00000, 0x00000000ec000000, 0x00000000ec000000|100%| E|CS|TAMS 0x00000000ebf00000, 0x00000000ebf00000| Complete 
| 192|0x00000000ec000000, 0x00000000ec100000, 0x00000000ec100000|100%| E|CS|TAMS 0x00000000ec000000, 0x00000000ec000000| Complete 
| 193|0x00000000ec100000, 0x00000000ec200000, 0x00000000ec200000|100%| E|CS|TAMS 0x00000000ec100000, 0x00000000ec100000| Complete 
| 194|0x00000000ec200000, 0x00000000ec300000, 0x00000000ec300000|100%| E|CS|TAMS 0x00000000ec200000, 0x00000000ec200000| Complete 
| 195|0x00000000ec300000, 0x00000000ec400000, 0x00000000ec400000|100%| E|CS|TAMS 0x00000000ec300000, 0x00000000ec300000| Complete 
| 196|0x00000000ec400000, 0x00000000ec500000, 0x00000000ec500000|100%| E|CS|TAMS 0x00000000ec400000, 0x00000000ec400000| Complete 
| 197|0x00000000ec500000, 0x00000000ec600000, 0x00000000ec600000|100%| E|CS|TAMS 0x00000000ec500000, 0x00000000ec500000| Complete 
| 198|0x00000000ec600000, 0x00000000ec700000, 0x00000000ec700000|100%| E|CS|TAMS 0x00000000ec600000, 0x00000000ec600000| Complete 
| 199|0x00000000ec700000, 0x00000000ec800000, 0x00000000ec800000|100%| E|CS|TAMS 0x00000000ec700000, 0x00000000ec700000| Complete 
| 200|0x00000000ec800000, 0x00000000ec900000, 0x00000000ec900000|100%| E|CS|TAMS 0x00000000ec800000, 0x00000000ec800000| Complete 
| 201|0x00000000ec900000, 0x00000000eca00000, 0x00000000eca00000|100%| E|CS|TAMS 0x00000000ec900000, 0x00000000ec900000| Complete 
| 202|0x00000000eca00000, 0x00000000ecb00000, 0x00000000ecb00000|100%| E|CS|TAMS 0x00000000eca00000, 0x00000000eca00000| Complete 
| 203|0x00000000ecb00000, 0x00000000ecc00000, 0x00000000ecc00000|100%| E|CS|TAMS 0x00000000ecb00000, 0x00000000ecb00000| Complete 
| 204|0x00000000ecc00000, 0x00000000ecd00000, 0x00000000ecd00000|100%| E|CS|TAMS 0x00000000ecc00000, 0x00000000ecc00000| Complete 
| 205|0x00000000ecd00000, 0x00000000ece00000, 0x00000000ece00000|100%| E|CS|TAMS 0x00000000ecd00000, 0x00000000ecd00000| Complete 
| 206|0x00000000ece00000, 0x00000000ecf00000, 0x00000000ecf00000|100%| E|CS|TAMS 0x00000000ece00000, 0x00000000ece00000| Complete 
| 207|0x00000000ecf00000, 0x00000000ed000000, 0x00000000ed000000|100%| E|CS|TAMS 0x00000000ecf00000, 0x00000000ecf00000| Complete 
| 208|0x00000000ed000000, 0x00000000ed100000, 0x00000000ed100000|100%| E|CS|TAMS 0x00000000ed000000, 0x00000000ed000000| Complete 
| 209|0x00000000ed100000, 0x00000000ed200000, 0x00000000ed200000|100%| E|CS|TAMS 0x00000000ed100000, 0x00000000ed100000| Complete 
| 210|0x00000000ed200000, 0x00000000ed300000, 0x00000000ed300000|100%| E|CS|TAMS 0x00000000ed200000, 0x00000000ed200000| Complete 
| 211|0x00000000ed300000, 0x00000000ed400000, 0x00000000ed400000|100%| E|CS|TAMS 0x00000000ed300000, 0x00000000ed300000| Complete 
| 212|0x00000000ed400000, 0x00000000ed500000, 0x00000000ed500000|100%| E|CS|TAMS 0x00000000ed400000, 0x00000000ed400000| Complete 
| 213|0x00000000ed500000, 0x00000000ed600000, 0x00000000ed600000|100%| E|CS|TAMS 0x00000000ed500000, 0x00000000ed500000| Complete 
| 214|0x00000000ed600000, 0x00000000ed700000, 0x00000000ed700000|100%| E|CS|TAMS 0x00000000ed600000, 0x00000000ed600000| Complete 
| 215|0x00000000ed700000, 0x00000000ed800000, 0x00000000ed800000|100%| E|CS|TAMS 0x00000000ed700000, 0x00000000ed700000| Complete 
| 216|0x00000000ed800000, 0x00000000ed900000, 0x00000000ed900000|100%| E|CS|TAMS 0x00000000ed800000, 0x00000000ed800000| Complete 
| 217|0x00000000ed900000, 0x00000000eda00000, 0x00000000eda00000|100%| E|CS|TAMS 0x00000000ed900000, 0x00000000ed900000| Complete 
| 218|0x00000000eda00000, 0x00000000edb00000, 0x00000000edb00000|100%| E|CS|TAMS 0x00000000eda00000, 0x00000000eda00000| Complete 
| 219|0x00000000edb00000, 0x00000000edc00000, 0x00000000edc00000|100%| E|CS|TAMS 0x00000000edb00000, 0x00000000edb00000| Complete 
| 220|0x00000000edc00000, 0x00000000edd00000, 0x00000000edd00000|100%| E|CS|TAMS 0x00000000edc00000, 0x00000000edc00000| Complete 
| 221|0x00000000edd00000, 0x00000000ede00000, 0x00000000ede00000|100%| E|CS|TAMS 0x00000000edd00000, 0x00000000edd00000| Complete 
| 222|0x00000000ede00000, 0x00000000edf00000, 0x00000000edf00000|100%| E|CS|TAMS 0x00000000ede00000, 0x00000000ede00000| Complete 
| 223|0x00000000edf00000, 0x00000000ee000000, 0x00000000ee000000|100%| E|CS|TAMS 0x00000000edf00000, 0x00000000edf00000| Complete 
| 224|0x00000000ee000000, 0x00000000ee100000, 0x00000000ee100000|100%| E|CS|TAMS 0x00000000ee000000, 0x00000000ee000000| Complete 
| 225|0x00000000ee100000, 0x00000000ee200000, 0x00000000ee200000|100%| E|CS|TAMS 0x00000000ee100000, 0x00000000ee100000| Complete 
| 226|0x00000000ee200000, 0x00000000ee300000, 0x00000000ee300000|100%| E|CS|TAMS 0x00000000ee200000, 0x00000000ee200000| Complete 
| 227|0x00000000ee300000, 0x00000000ee400000, 0x00000000ee400000|100%| E|CS|TAMS 0x00000000ee300000, 0x00000000ee300000| Complete 
| 228|0x00000000ee400000, 0x00000000ee500000, 0x00000000ee500000|100%| E|CS|TAMS 0x00000000ee400000, 0x00000000ee400000| Complete 
| 229|0x00000000ee500000, 0x00000000ee600000, 0x00000000ee600000|100%| E|CS|TAMS 0x00000000ee500000, 0x00000000ee500000| Complete 
| 230|0x00000000ee600000, 0x00000000ee700000, 0x00000000ee700000|100%| E|CS|TAMS 0x00000000ee600000, 0x00000000ee600000| Complete 
| 231|0x00000000ee700000, 0x00000000ee800000, 0x00000000ee800000|100%| E|CS|TAMS 0x00000000ee700000, 0x00000000ee700000| Complete 
| 232|0x00000000ee800000, 0x00000000ee900000, 0x00000000ee900000|100%| E|CS|TAMS 0x00000000ee800000, 0x00000000ee800000| Complete 
| 233|0x00000000ee900000, 0x00000000eea00000, 0x00000000eea00000|100%| E|CS|TAMS 0x00000000ee900000, 0x00000000ee900000| Complete 
| 234|0x00000000eea00000, 0x00000000eeb00000, 0x00000000eeb00000|100%| E|  |TAMS 0x00000000eea00000, 0x00000000eea00000| Complete 
| 235|0x00000000eeb00000, 0x00000000eec00000, 0x00000000eec00000|100%| E|CS|TAMS 0x00000000eeb00000, 0x00000000eeb00000| Complete 
| 236|0x00000000eec00000, 0x00000000eed00000, 0x00000000eed00000|100%| E|CS|TAMS 0x00000000eec00000, 0x00000000eec00000| Complete 
| 237|0x00000000eed00000, 0x00000000eee00000, 0x00000000eee00000|100%| E|CS|TAMS 0x00000000eed00000, 0x00000000eed00000| Complete 
| 238|0x00000000eee00000, 0x00000000eef00000, 0x00000000eef00000|100%| E|CS|TAMS 0x00000000eee00000, 0x00000000eee00000| Complete 
| 239|0x00000000eef00000, 0x00000000ef000000, 0x00000000ef000000|100%| E|CS|TAMS 0x00000000eef00000, 0x00000000eef00000| Complete 
| 240|0x00000000ef000000, 0x00000000ef100000, 0x00000000ef100000|100%| E|CS|TAMS 0x00000000ef000000, 0x00000000ef000000| Complete 
| 241|0x00000000ef100000, 0x00000000ef200000, 0x00000000ef200000|100%| E|CS|TAMS 0x00000000ef100000, 0x00000000ef100000| Complete 
| 242|0x00000000ef200000, 0x00000000ef300000, 0x00000000ef300000|100%| E|CS|TAMS 0x00000000ef200000, 0x00000000ef200000| Complete 
| 243|0x00000000ef300000, 0x00000000ef400000, 0x00000000ef400000|100%| E|CS|TAMS 0x00000000ef300000, 0x00000000ef300000| Complete 
| 244|0x00000000ef400000, 0x00000000ef500000, 0x00000000ef500000|100%| E|CS|TAMS 0x00000000ef400000, 0x00000000ef400000| Complete 
| 245|0x00000000ef500000, 0x00000000ef600000, 0x00000000ef600000|100%| E|CS|TAMS 0x00000000ef500000, 0x00000000ef500000| Complete 
| 246|0x00000000ef600000, 0x00000000ef700000, 0x00000000ef700000|100%| E|CS|TAMS 0x00000000ef600000, 0x00000000ef600000| Complete 
| 247|0x00000000ef700000, 0x00000000ef800000, 0x00000000ef800000|100%| E|CS|TAMS 0x00000000ef700000, 0x00000000ef700000| Complete 
| 248|0x00000000ef800000, 0x00000000ef900000, 0x00000000ef900000|100%| E|CS|TAMS 0x00000000ef800000, 0x00000000ef800000| Complete 
| 249|0x00000000ef900000, 0x00000000efa00000, 0x00000000efa00000|100%| E|CS|TAMS 0x00000000ef900000, 0x00000000ef900000| Complete 
| 250|0x00000000efa00000, 0x00000000efb00000, 0x00000000efb00000|100%| E|CS|TAMS 0x00000000efa00000, 0x00000000efa00000| Complete 
| 251|0x00000000efb00000, 0x00000000efc00000, 0x00000000efc00000|100%| E|CS|TAMS 0x00000000efb00000, 0x00000000efb00000| Complete 
| 252|0x00000000efc00000, 0x00000000efd00000, 0x00000000efd00000|100%| E|CS|TAMS 0x00000000efc00000, 0x00000000efc00000| Complete 
| 253|0x00000000efd00000, 0x00000000efe00000, 0x00000000efe00000|100%| E|CS|TAMS 0x00000000efd00000, 0x00000000efd00000| Complete 
| 254|0x00000000efe00000, 0x00000000eff00000, 0x00000000eff00000|100%| E|CS|TAMS 0x00000000efe00000, 0x00000000efe00000| Complete 
| 255|0x00000000eff00000, 0x00000000f0000000, 0x00000000f0000000|100%| E|CS|TAMS 0x00000000eff00000, 0x00000000eff00000| Complete 

Card table byte_map: [0x000002b14d640000,0x000002b14d740000] _byte_map_base: 0x000002b14cf40000

Marking Bits (Prev, Next): (CMBitMap*) 0x000002b1345da830, (CMBitMap*) 0x000002b1345da870
 Prev Bits: [0x000002b14d840000, 0x000002b14e040000)
 Next Bits: [0x000002b14e040000, 0x000002b14e840000)

Polling page: 0x000002b134680000

Metaspace:

Usage:
  Non-class:     44.04 MB used.
      Class:      7.29 MB used.
       Both:     51.33 MB used.

Virtual space:
  Non-class space:       48.00 MB reserved,      44.38 MB ( 92%) committed,  6 nodes.
      Class space:      308.00 MB reserved,       7.56 MB (  2%) committed,  1 nodes.
             Both:      356.00 MB reserved,      51.94 MB ( 15%) committed. 

Chunk freelists:
   Non-Class:  3.53 MB
       Class:  429.00 KB
        Both:  3.95 MB

MaxMetaspaceSize: 384.00 MB
CompressedClassSpaceSize: 308.00 MB
Initial GC threshold: 21.00 MB
Current GC threshold: 58.69 MB
CDS: on
MetaspaceReclaimPolicy: balanced
 - commit_granule_bytes: 65536.
 - commit_granule_words: 8192.
 - virtual_space_node_default_size: 1048576.
 - enlarge_chunks_in_place: 1.
 - new_chunks_are_fully_committed: 0.
 - uncommit_free_chunks: 1.
 - use_allocation_guard: 0.
 - handle_deallocations: 1.


Internal statistics:

num_allocs_failed_limit: 6.
num_arena_births: 636.
num_arena_deaths: 0.
num_vsnodes_births: 7.
num_vsnodes_deaths: 0.
num_space_committed: 831.
num_space_uncommitted: 0.
num_chunks_returned_to_freelist: 6.
num_chunks_taken_from_freelist: 2817.
num_chunk_merges: 6.
num_chunk_splits: 1830.
num_chunks_enlarged: 1208.
num_purges: 0.
num_inconsistent_stats: 0.

CodeHeap 'non-profiled nmethods': size=119168Kb used=3972Kb max_used=3972Kb free=115195Kb
 bounds [0x000002b145130000, 0x000002b145520000, 0x000002b14c590000]
CodeHeap 'profiled nmethods': size=119104Kb used=13182Kb max_used=13182Kb free=105921Kb
 bounds [0x000002b13dce0000, 0x000002b13e9c0000, 0x000002b145130000]
CodeHeap 'non-nmethods': size=7488Kb used=4023Kb max_used=4085Kb free=3464Kb
 bounds [0x000002b13d590000, 0x000002b13d9b0000, 0x000002b13dce0000]
 total_blobs=7348 nmethods=6495 adapters=762
 compilation: enabled
              stopped_count=0, restarted_count=0
 full_count=0

Compilation events (20 events):
Event: 5.555 Thread 0x000002b152478310 7234       3       java.lang.ProcessEnvironment$CheckedEntrySet$1::next (5 bytes)
Event: 5.555 Thread 0x000002b1524bb030 7236       3       java.lang.ProcessEnvironment$CheckedEntry::<init> (10 bytes)
Event: 5.555 Thread 0x000002b151820920 7235       3       java.lang.ProcessEnvironment$CheckedEntrySet$1::next (20 bytes)
Event: 5.555 Thread 0x000002b1524cb7a0 7237       3       java.lang.ProcessEnvironment$CheckedEntry::getKey (5 bytes)
Event: 5.555 Thread 0x000002b1524bb030 nmethod 7236 0x000002b13e9b8010 code [0x000002b13e9b81a0, 0x000002b13e9b8358]
Event: 5.555 Thread 0x000002b1524bb030 7238       3       java.lang.ProcessEnvironment$CheckedEntry::getKey (13 bytes)
Event: 5.555 Thread 0x000002b151820920 nmethod 7235 0x000002b13e9b8410 code [0x000002b13e9b85e0, 0x000002b13e9b8a48]
Event: 5.555 Thread 0x000002b1524cb7a0 nmethod 7237 0x000002b13e9b8b90 code [0x000002b13e9b8d40, 0x000002b13e9b9068]
Event: 5.555 Thread 0x000002b152478310 nmethod 7234 0x000002b13e9b9190 code [0x000002b13e9b9360, 0x000002b13e9b9848]
Event: 5.555 Thread 0x000002b1524bb030 nmethod 7238 0x000002b13e9b9a10 code [0x000002b13e9b9bc0, 0x000002b13e9b9e88]
Event: 5.556 Thread 0x000002b154bbd700 nmethod 7190 0x000002b1454e6890 code [0x000002b1454e6b60, 0x000002b1454e8d70]
Event: 5.556 Thread 0x000002b154bbd700 7183       4       sun.reflect.generics.visitor.Reifier::visitClassTypeSignature (381 bytes)
Event: 5.569 Thread 0x000002b1524bb030 7240   !   3       java.lang.invoke.DirectMethodHandle::makePreparedLambdaForm (798 bytes)
Event: 5.569 Thread 0x000002b151820920 7242       3       java.lang.invoke.DirectMethodHandle::getFunction (53 bytes)
Event: 5.569 Thread 0x000002b151820920 nmethod 7242 0x000002b13e9b9f90 code [0x000002b13e9ba160, 0x000002b13e9ba4c8]
Event: 5.571 Thread 0x000002b1524bb030 nmethod 7240 0x000002b13e9ba610 code [0x000002b13e9babc0, 0x000002b13e9be948]
Event: 5.589 Thread 0x000002b154bbc7d0 nmethod 7050% 0x000002b1454ea790 code [0x000002b1454eb060, 0x000002b1454f5a28]
Event: 5.589 Thread 0x000002b154bbc7d0 7191       4       java.util.regex.Pattern$Node::<init> (12 bytes)
Event: 5.590 Thread 0x000002b154bbc7d0 nmethod 7191 0x000002b1454f9610 code [0x000002b1454f9780, 0x000002b1454f98b8]
Event: 5.590 Thread 0x000002b154bbc7d0 7168       4       java.util.stream.Nodes$SpinedNodeBuilder::accept (29 bytes)

GC Heap History (12 events):
Event: 0.554 GC heap before
{Heap before GC invocations=0 (full 0):
 garbage-first heap   total 262144K, used 22528K [0x00000000e0000000, 0x0000000100000000)
  region size 1024K, 23 young (23552K), 0 survivors (0K)
 Metaspace       used 866K, committed 960K, reserved 323584K
  class space    used 66K, committed 128K, reserved 315392K
}
Event: 0.556 GC heap after
{Heap after GC invocations=1 (full 0):
 garbage-first heap   total 262144K, used 1790K [0x00000000e0000000, 0x0000000100000000)
  region size 1024K, 2 young (2048K), 2 survivors (2048K)
 Metaspace       used 866K, committed 960K, reserved 323584K
  class space    used 66K, committed 128K, reserved 315392K
}
Event: 1.470 GC heap before
{Heap before GC invocations=1 (full 0):
 garbage-first heap   total 262144K, used 39678K [0x00000000e0000000, 0x0000000100000000)
  region size 1024K, 36 young (36864K), 2 survivors (2048K)
 Metaspace       used 4410K, committed 4608K, reserved 323584K
  class space    used 551K, committed 640K, reserved 315392K
}
Event: 1.472 GC heap after
{Heap after GC invocations=2 (full 0):
 garbage-first heap   total 262144K, used 10831K [0x00000000e0000000, 0x0000000100000000)
  region size 1024K, 5 young (5120K), 5 survivors (5120K)
 Metaspace       used 4410K, committed 4608K, reserved 323584K
  class space    used 551K, committed 640K, reserved 315392K
}
Event: 2.912 GC heap before
{Heap before GC invocations=2 (full 0):
 garbage-first heap   total 262144K, used 151119K [0x00000000e0000000, 0x0000000100000000)
  region size 1024K, 141 young (144384K), 5 survivors (5120K)
 Metaspace       used 17019K, committed 17344K, reserved 331776K
  class space    used 2408K, committed 2560K, reserved 315392K
}
Event: 2.917 GC heap after
{Heap after GC invocations=3 (full 0):
 garbage-first heap   total 262144K, used 21181K [0x00000000e0000000, 0x0000000100000000)
  region size 1024K, 15 young (15360K), 15 survivors (15360K)
 Metaspace       used 17019K, committed 17344K, reserved 331776K
  class space    used 2408K, committed 2560K, reserved 315392K
}
Event: 3.168 GC heap before
{Heap before GC invocations=3 (full 0):
 garbage-first heap   total 262144K, used 59069K [0x00000000e0000000, 0x0000000100000000)
  region size 1024K, 53 young (54272K), 15 survivors (15360K)
 Metaspace       used 21150K, committed 21504K, reserved 339968K
  class space    used 3071K, committed 3264K, reserved 315392K
}
Event: 3.172 GC heap after
{Heap after GC invocations=4 (full 0):
 garbage-first heap   total 262144K, used 23924K [0x00000000e0000000, 0x0000000100000000)
  region size 1024K, 12 young (12288K), 12 survivors (12288K)
 Metaspace       used 21150K, committed 21504K, reserved 339968K
  class space    used 3071K, committed 3264K, reserved 315392K
}
Event: 4.084 GC heap before
{Heap before GC invocations=5 (full 0):
 garbage-first heap   total 262144K, used 144756K [0x00000000e0000000, 0x0000000100000000)
  region size 1024K, 127 young (130048K), 12 survivors (12288K)
 Metaspace       used 35534K, committed 35968K, reserved 348160K
  class space    used 4925K, committed 5120K, reserved 315392K
}
Event: 4.089 GC heap after
{Heap after GC invocations=6 (full 0):
 garbage-first heap   total 262144K, used 32697K [0x00000000e0000000, 0x0000000100000000)
  region size 1024K, 12 young (12288K), 12 survivors (12288K)
 Metaspace       used 35534K, committed 35968K, reserved 348160K
  class space    used 4925K, committed 5120K, reserved 315392K
}
Event: 4.967 GC heap before
{Heap before GC invocations=7 (full 0):
 garbage-first heap   total 262144K, used 178105K [0x00000000e0000000, 0x0000000100000000)
  region size 1024K, 153 young (156672K), 12 survivors (12288K)
 Metaspace       used 48620K, committed 49152K, reserved 364544K
  class space    used 6845K, committed 7104K, reserved 315392K
}
Event: 4.974 GC heap after
{Heap after GC invocations=8 (full 0):
 garbage-first heap   total 262144K, used 39690K [0x00000000e0000000, 0x0000000100000000)
  region size 1024K, 16 young (16384K), 16 survivors (16384K)
 Metaspace       used 48620K, committed 49152K, reserved 364544K
  class space    used 6845K, committed 7104K, reserved 315392K
}

Deoptimization events (20 events):
Event: 5.537 Thread 0x000002b1546b1670 Uncommon trap: trap_request=0xffffff45 fr.pc=0x000002b14529e900 relative=0x00000000000010c0
Event: 5.537 Thread 0x000002b1546b1670 Uncommon trap: reason=unstable_if action=reinterpret pc=0x000002b14529e900 method=java.util.concurrent.ConcurrentHashMap.putVal(Ljava/lang/Object;Ljava/lang/Object;Z)Ljava/lang/Object; @ 97 c2
Event: 5.537 Thread 0x000002b1546b1670 DEOPT PACKING pc=0x000002b14529e900 sp=0x000000b77c4f5a60
Event: 5.537 Thread 0x000002b1546b1670 DEOPT UNPACKING pc=0x000002b13d5e23a3 sp=0x000000b77c4f59e8 mode 2
Event: 5.537 Thread 0x000002b1546b1670 Uncommon trap: trap_request=0xffffff45 fr.pc=0x000002b1453525b4 relative=0x0000000000000194
Event: 5.537 Thread 0x000002b1546b1670 Uncommon trap: reason=unstable_if action=reinterpret pc=0x000002b1453525b4 method=java.lang.invoke.MethodType.equals(Ljava/lang/Object;)Z @ 11 c2
Event: 5.537 Thread 0x000002b1546b1670 DEOPT PACKING pc=0x000002b1453525b4 sp=0x000000b77c4f5930
Event: 5.537 Thread 0x000002b1546b1670 DEOPT UNPACKING pc=0x000002b13d5e23a3 sp=0x000000b77c4f58f8 mode 2
Event: 5.537 Thread 0x000002b1546b1670 Uncommon trap: trap_request=0xffffff54 fr.pc=0x000002b1452e7a68 relative=0x0000000000004c88
Event: 5.537 Thread 0x000002b1546b1670 Uncommon trap: reason=speculate_null_assert action=make_not_entrant pc=0x000002b1452e7a68 method=java.lang.invoke.MethodType$ConcurrentWeakInternSet.add(Ljava/lang/Object;)Ljava/lang/Object; @ 47 c2
Event: 5.537 Thread 0x000002b1546b1670 DEOPT PACKING pc=0x000002b1452e7a68 sp=0x000000b77c4f5b10
Event: 5.537 Thread 0x000002b1546b1670 DEOPT UNPACKING pc=0x000002b13d5e23a3 sp=0x000000b77c4f5aa8 mode 2
Event: 5.540 Thread 0x000002b1546b1670 Uncommon trap: trap_request=0xffffff45 fr.pc=0x000002b14539d360 relative=0x0000000000000060
Event: 5.540 Thread 0x000002b1546b1670 Uncommon trap: reason=unstable_if action=reinterpret pc=0x000002b14539d360 method=java.util.HashMap$KeySpliterator.characteristics()I @ 4 c2
Event: 5.540 Thread 0x000002b1546b1670 DEOPT PACKING pc=0x000002b14539d360 sp=0x000000b77c4f84f0
Event: 5.540 Thread 0x000002b1546b1670 DEOPT UNPACKING pc=0x000002b13d5e23a3 sp=0x000000b77c4f8488 mode 2
Event: 5.573 Thread 0x000002b15681bd70 Uncommon trap: trap_request=0xffffffde fr.pc=0x000002b145318ed8 relative=0x0000000000000858
Event: 5.573 Thread 0x000002b15681bd70 Uncommon trap: reason=class_check action=maybe_recompile pc=0x000002b145318ed8 method=java.io.BufferedInputStream.read1([BII)I @ 39 c2
Event: 5.573 Thread 0x000002b15681bd70 DEOPT PACKING pc=0x000002b145318ed8 sp=0x000000b702bff190
Event: 5.573 Thread 0x000002b15681bd70 DEOPT UNPACKING pc=0x000002b13d5e23a3 sp=0x000000b702bff0a8 mode 2

Classes unloaded (0 events):
No events

Classes redefined (0 events):
No events

Internal exceptions (20 events):
Event: 5.491 Thread 0x000002b1546b1670 Exception <a 'java/lang/ClassNotFoundException'{0x00000000eb3cda78}: org/gradle/api/tasks/testing/Test_DecoratedBeanInfo> (0x00000000eb3cda78) 
thrown [t:\workspace\open\src\hotspot\share\classfile\systemDictionary.cpp, line 256]
Event: 5.492 Thread 0x000002b1546b1670 Exception <a 'java/lang/ClassNotFoundException'{0x00000000eb3dc0d0}: org/gradle/api/tasks/testing/TestBeanInfo> (0x00000000eb3dc0d0) 
thrown [t:\workspace\open\src\hotspot\share\classfile\systemDictionary.cpp, line 256]
Event: 5.492 Thread 0x000002b1546b1670 Exception <a 'java/lang/ClassNotFoundException'{0x00000000eb3ea998}: org/gradle/api/tasks/testing/AbstractTestTaskBeanInfo> (0x00000000eb3ea998) 
thrown [t:\workspace\open\src\hotspot\share\classfile\systemDictionary.cpp, line 256]
Event: 5.492 Thread 0x000002b1546b1670 Exception <a 'java/lang/ClassNotFoundException'{0x00000000eb3f6d10}: org/gradle/api/internal/ConventionTaskBeanInfo> (0x00000000eb3f6d10) 
thrown [t:\workspace\open\src\hotspot\share\classfile\systemDictionary.cpp, line 256]
Event: 5.492 Thread 0x000002b1546b1670 Exception <a 'java/lang/ClassNotFoundException'{0x00000000eb203328}: org/gradle/api/DefaultTaskBeanInfo> (0x00000000eb203328) 
thrown [t:\workspace\open\src\hotspot\share\classfile\systemDictionary.cpp, line 256]
Event: 5.492 Thread 0x000002b1546b1670 Exception <a 'java/lang/ClassNotFoundException'{0x00000000eb20f680}: org/gradle/api/internal/AbstractTaskBeanInfo> (0x00000000eb20f680) 
thrown [t:\workspace\open\src\hotspot\share\classfile\systemDictionary.cpp, line 256]
Event: 5.493 Thread 0x000002b1546b1670 Exception <a 'java/lang/ClassNotFoundException'{0x00000000eb21b9c8}: org/gradle/api/internal/AbstractTaskCustomizer> (0x00000000eb21b9c8) 
thrown [t:\workspace\open\src\hotspot\share\classfile\systemDictionary.cpp, line 256]
Event: 5.494 Thread 0x000002b1546b1670 Exception <a 'java/lang/ClassNotFoundException'{0x00000000eb27a130}: org/gradle/api/DefaultTaskCustomizer> (0x00000000eb27a130) 
thrown [t:\workspace\open\src\hotspot\share\classfile\systemDictionary.cpp, line 256]
Event: 5.495 Thread 0x000002b1546b1670 Exception <a 'java/lang/ClassNotFoundException'{0x00000000eb2e32f8}: org/gradle/api/internal/ConventionTaskCustomizer> (0x00000000eb2e32f8) 
thrown [t:\workspace\open\src\hotspot\share\classfile\systemDictionary.cpp, line 256]
Event: 5.495 Thread 0x000002b1546b1670 Exception <a 'java/lang/ClassNotFoundException'{0x00000000eb1016b8}: org/gradle/api/tasks/testing/AbstractTestTaskCustomizer> (0x00000000eb1016b8) 
thrown [t:\workspace\open\src\hotspot\share\classfile\systemDictionary.cpp, line 256]
Event: 5.496 Thread 0x000002b1546b1670 Exception <a 'java/lang/ClassNotFoundException'{0x00000000eb12d010}: org/gradle/api/tasks/testing/TestCustomizer> (0x00000000eb12d010) 
thrown [t:\workspace\open\src\hotspot\share\classfile\systemDictionary.cpp, line 256]
Event: 5.499 Thread 0x000002b1546b1670 Exception <a 'java/lang/ClassNotFoundException'{0x00000000eb1c5520}: org/gradle/api/tasks/testing/Test_DecoratedCustomizer> (0x00000000eb1c5520) 
thrown [t:\workspace\open\src\hotspot\share\classfile\systemDictionary.cpp, line 256]
Event: 5.526 Thread 0x000002b1546b1670 Exception <a 'java/lang/NoSuchMethodError'{0x00000000eae78908}: 'java.lang.Object java.lang.invoke.DirectMethodHandle$Holder.newInvokeSpecial(java.lang.Object, java.lang.Object, java.lang.Object, java.lang.Object, java.lang.Object, java.lang.Object, int)'> (0x00000000eae78908) 
thrown [t:\workspace\open\src\hotspot\share\interpreter\linkResolver.cpp, line 766]
Event: 5.526 Thread 0x000002b1546b1670 Exception <a 'java/lang/NoSuchMethodError'{0x00000000eae7e310}: 'java.lang.Object java.lang.invoke.DirectMethodHandle$Holder.invokeSpecial(java.lang.Object, java.lang.Object, java.lang.Object, java.lang.Object, java.lang.Object, java.lang.Object, java.lang.Object, int)'> (0x00000000eae7e310) 
thrown [t:\workspace\open\src\hotspot\share\interpreter\linkResolver.cpp, line 766]
Event: 5.526 Thread 0x000002b1546b1670 Exception <a 'java/lang/NoSuchMethodError'{0x00000000eae83938}: 'java.lang.Object java.lang.invoke.Invokers$Holder.linkToTargetMethod(java.lang.Object, java.lang.Object, java.lang.Object, java.lang.Object, java.lang.Object, int, java.lang.Object)'> (0x00000000eae83938) 
thrown [t:\workspace\open\src\hotspot\share\interpreter\linkResolver.cpp, line 766]
Event: 5.533 Thread 0x000002b156814ec0 Implicit null exception at 0x000002b1451668dd to 0x000002b145166974
Event: 5.535 Thread 0x000002b156814ec0 Implicit null exception at 0x000002b14539d04b to 0x000002b14539d070
Event: 5.568 Thread 0x000002b156817a10 Exception <a 'java/lang/NoSuchMethodError'{0x00000000eab6ea68}: 'void java.lang.invoke.DirectMethodHandle$Holder.invokeStatic(java.lang.Object, long)'> (0x00000000eab6ea68) 
thrown [t:\workspace\open\src\hotspot\share\interpreter\linkResolver.cpp, line 766]
Event: 5.569 Thread 0x000002b156817a10 Exception <a 'java/lang/NoSuchMethodError'{0x00000000eab90948}: 'java.lang.Object java.lang.invoke.DirectMethodHandle$Holder.invokeStatic(java.lang.Object, java.lang.Object, long, java.lang.Object)'> (0x00000000eab90948) 
thrown [t:\workspace\open\src\hotspot\share\interpreter\linkResolver.cpp, line 766]
Event: 5.569 Thread 0x000002b156817a10 Exception <a 'java/lang/NoSuchMethodError'{0x00000000eab94120}: 'java.lang.Object java.lang.invoke.DirectMethodHandle$Holder.invokeStaticInit(java.lang.Object, java.lang.Object, long, java.lang.Object)'> (0x00000000eab94120) 
thrown [t:\workspace\open\src\hotspot\share\interpreter\linkResolver.cpp, line 766]

VM Operations (20 events):
Event: 4.868 Executing VM operation: ICBufferFull
Event: 4.868 Executing VM operation: ICBufferFull done
Event: 4.868 Executing VM operation: ICBufferFull
Event: 4.868 Executing VM operation: ICBufferFull done
Event: 4.874 Executing VM operation: ICBufferFull
Event: 4.874 Executing VM operation: ICBufferFull done
Event: 4.879 Executing VM operation: ICBufferFull
Event: 4.879 Executing VM operation: ICBufferFull done
Event: 4.888 Executing VM operation: ICBufferFull
Event: 4.888 Executing VM operation: ICBufferFull done
Event: 4.967 Executing VM operation: G1CollectForAllocation
Event: 4.974 Executing VM operation: G1CollectForAllocation done
Event: 5.296 Executing VM operation: ICBufferFull
Event: 5.296 Executing VM operation: ICBufferFull done
Event: 5.396 Executing VM operation: ICBufferFull
Event: 5.396 Executing VM operation: ICBufferFull done
Event: 5.553 Executing VM operation: ICBufferFull
Event: 5.554 Executing VM operation: ICBufferFull done
Event: 5.571 Executing VM operation: HandshakeAllThreads
Event: 5.571 Executing VM operation: HandshakeAllThreads done

Events (20 events):
Event: 5.534 Thread 0x000002b156817ee0 Thread added: 0x000002b156817ee0
Event: 5.534 Thread 0x000002b1568149f0 Thread added: 0x000002b1568149f0
Event: 5.534 Thread 0x000002b15681aa30 Thread added: 0x000002b15681aa30
Event: 5.553 Thread 0x000002b156817a10 Thread added: 0x000002b156817a10
Event: 5.553 Thread 0x000002b156817540 Thread added: 0x000002b156817540
Event: 5.554 loading class java/lang/ProcessImpl
Event: 5.555 loading class java/lang/ProcessImpl done
Event: 5.568 loading class java/lang/ProcessHandleImpl
Event: 5.568 loading class java/lang/ProcessHandleImpl done
Event: 5.570 loading class java/lang/ProcessImpl$2
Event: 5.570 loading class java/lang/ProcessImpl$2 done
Event: 5.570 loading class java/lang/Process$PipeInputStream
Event: 5.570 loading class java/lang/Process$PipeInputStream done
Event: 5.571 loading class jdk/internal/event/ProcessStartEvent
Event: 5.571 loading class jdk/internal/event/Event
Event: 5.571 loading class jdk/internal/event/Event done
Event: 5.571 loading class jdk/internal/event/ProcessStartEvent done
Event: 5.573 Thread 0x000002b1568166d0 Thread added: 0x000002b1568166d0
Event: 5.573 Thread 0x000002b156816ba0 Thread added: 0x000002b156816ba0
Event: 5.573 Thread 0x000002b15681bd70 Thread added: 0x000002b15681bd70


Dynamic libraries:
0x00007ff62f4f0000 - 0x00007ff62f4fe000 	C:\Program Files\Java\jdk17\jdk-17\bin\java.exe
0x00007ff80a670000 - 0x00007ff80a868000 	C:\WINDOWS\SYSTEM32\ntdll.dll
0x00007ff809740000 - 0x00007ff809802000 	C:\WINDOWS\System32\KERNEL32.DLL
0x00007ff807db0000 - 0x00007ff8080a7000 	C:\WINDOWS\System32\KERNELBASE.dll
0x00007ff8083e0000 - 0x00007ff8084e0000 	C:\WINDOWS\System32\ucrtbase.dll
0x00007fffc94d0000 - 0x00007fffc94e8000 	C:\Program Files\Java\jdk17\jdk-17\bin\jli.dll
0x00007fffc8330000 - 0x00007fffc834a000 	C:\Program Files\Java\jdk17\jdk-17\bin\VCRUNTIME140.dll
0x00007ff80a230000 - 0x00007ff80a3cd000 	C:\WINDOWS\System32\USER32.dll
0x00007ff807d80000 - 0x00007ff807da2000 	C:\WINDOWS\System32\win32u.dll
0x00007ffff0f20000 - 0x00007ffff11ba000 	C:\WINDOWS\WinSxS\amd64_microsoft.windows.common-controls_6595b64144ccf1df_6.0.19041.5915_none_60b4b9d171f9c7c7\COMCTL32.dll
0x00007ff8089b0000 - 0x00007ff8089db000 	C:\WINDOWS\System32\GDI32.dll
0x00007ff808290000 - 0x00007ff8083a9000 	C:\WINDOWS\System32\gdi32full.dll
0x00007ff8087c0000 - 0x00007ff80885e000 	C:\WINDOWS\System32\msvcrt.dll
0x00007ff8080b0000 - 0x00007ff80814d000 	C:\WINDOWS\System32\msvcp_win.dll
0x00007ff808980000 - 0x00007ff8089af000 	C:\WINDOWS\System32\IMM32.DLL
0x00007fffd7760000 - 0x00007fffd776c000 	C:\Program Files\Java\jdk17\jdk-17\bin\vcruntime140_1.dll
0x00007fffb1e80000 - 0x00007fffb1f0d000 	C:\Program Files\Java\jdk17\jdk-17\bin\msvcp140.dll
0x00007fffa6070000 - 0x00007fffa6c2e000 	C:\Program Files\Java\jdk17\jdk-17\bin\server\jvm.dll
0x00007ff808fc0000 - 0x00007ff809071000 	C:\WINDOWS\System32\ADVAPI32.dll
0x00007ff809810000 - 0x00007ff8098af000 	C:\WINDOWS\System32\sechost.dll
0x00007ff808b30000 - 0x00007ff808c56000 	C:\WINDOWS\System32\RPCRT4.dll
0x00007ff8083b0000 - 0x00007ff8083d7000 	C:\WINDOWS\System32\bcrypt.dll
0x00007ff8098b0000 - 0x00007ff8098b8000 	C:\WINDOWS\System32\PSAPI.DLL
0x00007ffff5af0000 - 0x00007ffff5b17000 	C:\WINDOWS\SYSTEM32\WINMM.dll
0x00007ffff9740000 - 0x00007ffff9749000 	C:\WINDOWS\SYSTEM32\WSOCK32.dll
0x00007ffffc6b0000 - 0x00007ffffc6ba000 	C:\WINDOWS\SYSTEM32\VERSION.dll
0x00007ff809100000 - 0x00007ff80916b000 	C:\WINDOWS\System32\WS2_32.dll
0x00007ff806520000 - 0x00007ff806532000 	C:\WINDOWS\SYSTEM32\kernel.appcore.dll
0x00007fffcee30000 - 0x00007fffcee3a000 	C:\Program Files\Java\jdk17\jdk-17\bin\jimage.dll
0x00007ff805070000 - 0x00007ff805271000 	C:\WINDOWS\SYSTEM32\DBGHELP.DLL
0x00007ffffb970000 - 0x00007ffffb9a4000 	C:\WINDOWS\SYSTEM32\dbgcore.DLL
0x00007ff808200000 - 0x00007ff808282000 	C:\WINDOWS\System32\bcryptPrimitives.dll
0x00007fffc95f0000 - 0x00007fffc95fe000 	C:\Program Files\Java\jdk17\jdk-17\bin\instrument.dll
0x00007fffb8920000 - 0x00007fffb8945000 	C:\Program Files\Java\jdk17\jdk-17\bin\java.dll
0x00007fffadca0000 - 0x00007fffadd76000 	C:\Program Files\Java\jdk17\jdk-17\bin\svml.dll
0x00007ff809a60000 - 0x00007ff80a1ce000 	C:\WINDOWS\System32\SHELL32.dll
0x00007ff805d60000 - 0x00007ff806504000 	C:\WINDOWS\SYSTEM32\windows.storage.dll
0x00007ff808c60000 - 0x00007ff808fb3000 	C:\WINDOWS\System32\combase.dll
0x00007ff807730000 - 0x00007ff80775b000 	C:\WINDOWS\SYSTEM32\Wldp.dll
0x00007ff808a60000 - 0x00007ff808b2d000 	C:\WINDOWS\System32\OLEAUT32.dll
0x00007ff80a580000 - 0x00007ff80a62d000 	C:\WINDOWS\System32\SHCORE.dll
0x00007ff8096d0000 - 0x00007ff80972b000 	C:\WINDOWS\System32\shlwapi.dll
0x00007ff807c30000 - 0x00007ff807c54000 	C:\WINDOWS\SYSTEM32\profapi.dll
0x00007fffbefc0000 - 0x00007fffbefd8000 	C:\Program Files\Java\jdk17\jdk-17\bin\zip.dll
0x00007fffc0110000 - 0x00007fffc0129000 	C:\Program Files\Java\jdk17\jdk-17\bin\net.dll
0x00007ff801530000 - 0x00007ff80163a000 	C:\WINDOWS\SYSTEM32\WINHTTP.dll
0x00007ff807490000 - 0x00007ff8074fa000 	C:\WINDOWS\system32\mswsock.dll
0x00007fffbf160000 - 0x00007fffbf175000 	C:\Program Files\Java\jdk17\jdk-17\bin\nio.dll
0x00007fffc9d30000 - 0x00007fffc9d40000 	C:\Program Files\Java\jdk17\jdk-17\bin\verify.dll
0x00007fffb8970000 - 0x00007fffb8997000 	C:\Users\ysw\.gradle\native\1def1411415f61bf3af743bc5b6707747c0891f09f0c88961ee8f79bc544acac\windows-amd64\native-platform.dll
0x00007fffb2700000 - 0x00007fffb2778000 	C:\Users\ysw\.gradle\native\0.2.7\x86_64-windows-gnu\gradle-fileevents.dll
0x00007fffc94c0000 - 0x00007fffc94c9000 	C:\Program Files\Java\jdk17\jdk-17\bin\management.dll
0x00007fffc91d0000 - 0x00007fffc91db000 	C:\Program Files\Java\jdk17\jdk-17\bin\management_ext.dll
0x00007ff807120000 - 0x00007ff80715b000 	C:\WINDOWS\SYSTEM32\IPHLPAPI.DLL
0x00007ff809730000 - 0x00007ff809738000 	C:\WINDOWS\System32\NSI.dll
0x00007ff800030000 - 0x00007ff800047000 	C:\WINDOWS\SYSTEM32\dhcpcsvc6.DLL
0x00007ff800010000 - 0x00007ff80002d000 	C:\WINDOWS\SYSTEM32\dhcpcsvc.DLL
0x00007ff807160000 - 0x00007ff80722a000 	C:\WINDOWS\SYSTEM32\DNSAPI.dll
0x00007ff807690000 - 0x00007ff8076a8000 	C:\WINDOWS\SYSTEM32\CRYPTSP.dll
0x00007ff806d40000 - 0x00007ff806d78000 	C:\WINDOWS\system32\rsaenh.dll
0x00007ff807bf0000 - 0x00007ff807c1e000 	C:\WINDOWS\SYSTEM32\USERENV.dll
0x00007ff807680000 - 0x00007ff80768c000 	C:\WINDOWS\SYSTEM32\CRYPTBASE.dll
0x00007fffc8e60000 - 0x00007fffc8e6e000 	C:\Program Files\Java\jdk17\jdk-17\bin\sunmscapi.dll
0x00007ff8084e0000 - 0x00007ff80863d000 	C:\WINDOWS\System32\CRYPT32.dll
0x00007ff8077a0000 - 0x00007ff8077c7000 	C:\WINDOWS\SYSTEM32\ncrypt.dll
0x00007ff807760000 - 0x00007ff80779b000 	C:\WINDOWS\SYSTEM32\NTASN1.dll
0x00007fffefcf0000 - 0x00007fffefcf7000 	C:\WINDOWS\system32\wshunix.dll

dbghelp: loaded successfully - version: 4.0.5 - missing functions: none
symbol engine: initialized successfully - sym options: 0x614 - pdb path: .;C:\Program Files\Java\jdk17\jdk-17\bin;C:\WINDOWS\SYSTEM32;C:\WINDOWS\WinSxS\amd64_microsoft.windows.common-controls_6595b64144ccf1df_6.0.19041.5915_none_60b4b9d171f9c7c7;C:\Program Files\Java\jdk17\jdk-17\bin\server;C:\Users\ysw\.gradle\native\1def1411415f61bf3af743bc5b6707747c0891f09f0c88961ee8f79bc544acac\windows-amd64;C:\Users\ysw\.gradle\native\0.2.7\x86_64-windows-gnu

VM Arguments:
jvm_args: --add-opens=java.base/java.lang=ALL-UNNAMED --add-opens=java.base/java.lang.invoke=ALL-UNNAMED --add-opens=java.base/java.util=ALL-UNNAMED --add-opens=java.prefs/java.util.prefs=ALL-UNNAMED --add-exports=jdk.compiler/com.sun.tools.javac.api=ALL-UNNAMED --add-exports=jdk.compiler/com.sun.tools.javac.util=ALL-UNNAMED --add-opens=java.base/java.util=ALL-UNNAMED --add-opens=java.prefs/java.util.prefs=ALL-UNNAMED --add-opens=java.base/java.nio.charset=ALL-UNNAMED --add-opens=java.base/java.net=ALL-UNNAMED --add-opens=java.base/java.util.concurrent.atomic=ALL-UNNAMED --add-opens=java.xml/javax.xml.namespace=ALL-UNNAMED -XX:MaxMetaspaceSize=384m -XX:+HeapDumpOnOutOfMemoryError -Xms256m -Xmx512m -Dfile.encoding=UTF-8 -Duser.country=KR -Duser.language=ko -Duser.variant -javaagent:C:\Users\ysw\.gradle\wrapper\dists\gradle-8.14.3-bin\cv11ve7ro1n3o1j4so8xd9n66\gradle-8.14.3\lib\agents\gradle-instrumentation-agent-8.14.3.jar 
java_command: org.gradle.launcher.daemon.bootstrap.GradleDaemon 8.14.3
java_class_path (initial): C:\Users\ysw\.gradle\wrapper\dists\gradle-8.14.3-bin\cv11ve7ro1n3o1j4so8xd9n66\gradle-8.14.3\lib\gradle-daemon-main-8.14.3.jar
Launcher Type: SUN_STANDARD

[Global flags]
     intx CICompilerCount                          = 12                                        {product} {ergonomic}
   size_t CompressedClassSpaceSize                 = 322961408                                 {product} {ergonomic}
     uint ConcGCThreads                            = 3                                         {product} {ergonomic}
     uint G1ConcRefinementThreads                  = 13                                        {product} {ergonomic}
   size_t G1HeapRegionSize                         = 1048576                                   {product} {ergonomic}
    uintx GCDrainStackTargetSize                   = 64                                        {product} {ergonomic}
     bool HeapDumpOnOutOfMemoryError               = true                                   {manageable} {command line}
   size_t InitialHeapSize                          = 268435456                                 {product} {command line}
   size_t MarkStackSize                            = 4194304                                   {product} {ergonomic}
   size_t MaxHeapSize                              = 536870912                                 {product} {command line}
   size_t MaxMetaspaceSize                         = 402653184                                 {product} {command line}
   size_t MaxNewSize                               = 321912832                                 {product} {ergonomic}
   size_t MinHeapDeltaBytes                        = 1048576                                   {product} {ergonomic}
   size_t MinHeapSize                              = 268435456                                 {product} {command line}
    uintx NonNMethodCodeHeapSize                   = 7602480                                {pd product} {ergonomic}
    uintx NonProfiledCodeHeapSize                  = 122027880                              {pd product} {ergonomic}
    uintx ProfiledCodeHeapSize                     = 122027880                              {pd product} {ergonomic}
    uintx ReservedCodeCacheSize                    = 251658240                              {pd product} {ergonomic}
     bool SegmentedCodeCache                       = true                                      {product} {ergonomic}
   size_t SoftMaxHeapSize                          = 536870912                              {manageable} {ergonomic}
     bool UseCompressedClassPointers               = true                           {product lp64_product} {ergonomic}
     bool UseCompressedOops                        = true                           {product lp64_product} {ergonomic}
     bool UseG1GC                                  = true                                      {product} {ergonomic}
     bool UseLargePagesIndividualAllocation        = false                                  {pd product} {ergonomic}

Logging:
Log output configuration:
 #0: stdout all=warning uptime,level,tags
 #1: stderr all=off uptime,level,tags

Environment Variables:
JAVA_HOME=C:\Program Files\Java\jdk-11.0.0.2
CLASSPATH=.;C:\PROGRA~1\IBM\IBMDAT~1\java\db2jcc4.jar;C:\PROGRA~1\IBM\IBMDAT~1\java\sqlj4.zip;C:\PROGRA~1\IBM\IBMDAT~1\bin
PATH=C:\Program Files (x86)\VMware\VMware Player\bin\;C:\app\ysw\product\11.2.0\client_1\bin;D:\NST\jdk\jdk.1.7.0_80\bin%;C:\program\WINDOWS.X64_193000_db_home\bin;C:\Program Files\Microsoft\jdk-11.0.16.101-hotspot\bin;C:\Program Files (x86)\Common Files\Oracle\Java\javapath;C:\Windows\system32;C:\Windows;C:\Windows\System32\Wbem;C:\Windows\System32\WindowsPowerShell\v1.0\;C:\Windows\System32\OpenSSH\;C:\Program Files (x86)\NVIDIA Corporation\PhysX\Common;C:\Program Files\NVIDIA Corporation\NVIDIA NvDLISR;C:\WINDOWS\system32;C:\WINDOWS;C:\WINDOWS\System32\Wbem;C:\WINDOWS\System32\WindowsPowerShell\v1.0\;C:\WINDOWS\System32\OpenSSH\;c:\Program Files (x86)\Microsoft SQL Server\100\Tools\Binn\;c:\Program Files\Microsoft SQL Server\100\Tools\Binn\;c:\Program Files\Microsoft SQL Server\100\DTS\Binn\;c:\Program Files (x86)\Microsoft SQL Server\100\Tools\Binn\VSShell\Common7\IDE\;c:\Program Files (x86)\Microsoft SQL Server\100\DTS\Binn\;c:\Program Files (x86)\Microsoft SQL Server\90\Tools\binn\;C:\Program Files\Bandizip\;C:\Program Files\TortoiseSVN\bin;C:\Program Files (x86)\Microsoft SQL Server\Client SDK\ODBC\130\Tools\Binn\;C:\Program Files (x86)\Microsoft SQL Server\140\Tools\Binn\;C:\Program Files (x86)\Microsoft SQL Server\140\DTS\Binn\;C:\Program Files (x86)\Microsoft SQL Server\140\Tools\Binn\ManagementStudio\;C:\Program Files\Microsoft SQL Server\150\Tools\Binn\;C:\Program Files\dotnet\;C:\Program Files\VisualSVN Server\bin;C:\PROGRA~1\IBM\IBMDAT~1\BIN;C:\Program Files (x86)\Microsoft SQL Server\160\DTS\Binn\;C:\Program Files\Azure Data Studio\bin;C:\Program Files\Git\cmd;C:\Users\ysw\AppData\Local\Microsoft\WindowsApps;C:\Users\ysw\AppData\Local\Programs\Microsoft VS Code\bin;C:\Program Files\Azure Data Studio\bin;C:\Program Files\JetBrains\IntelliJ IDEA 2023.1.6\bin;;D:\Programs\cursor\resources\app\bin
USERNAME=ysw
OS=Windows_NT
PROCESSOR_IDENTIFIER=Intel64 Family 6 Model 186 Stepping 2, GenuineIntel



---------------  S Y S T E M  ---------------

OS:
 Windows 10 , 64 bit Build 19041 (10.0.19041.5915)
OS uptime: 19 days 4:34 hours

CPU: total 16 (initial active 16) (8 cores per cpu, 2 threads per core) family 6 model 186 stepping 2 microcode 0x4119, cx8, cmov, fxsr, ht, mmx, 3dnowpref, sse, sse2, sse3, ssse3, sse4.1, sse4.2, popcnt, lzcnt, tsc, tscinvbit, avx, avx2, aes, erms, clmul, bmi1, bmi2, adx, sha, fma, vzeroupper, clflush, clflushopt, clwb

Memory: 4k page, system-wide physical 16024M (1144M free)
TotalPageFile size 28824M (AvailPageFile size 22M)
current process WorkingSet (physical memory assigned to process): 412M, peak: 435M
current process commit charge ("private bytes"): 532M, peak: 555M

vm_info: OpenJDK 64-Bit Server VM (17+35-2724) for windows-amd64 JRE (17+35-2724), built on Aug  5 2021 23:26:02 by "mach5one" with MS VC++ 16.8 (VS2019)

END.
