#
# There is insufficient memory for the Java Runtime Environment to continue.
# Native memory allocation (mmap) failed to map 264241152 bytes for G1 virtual space
# Possible reasons:
#   The system is out of physical RAM or swap space
#   The process is running with CompressedOops enabled, and the Java Heap may be blocking the growth of the native heap
# Possible solutions:
#   Reduce memory load on the system
#   Increase physical memory or swap space
#   Check if swap backing store is full
#   Decrease Java heap size (-Xmx/-Xms)
#   Decrease number of Java threads
#   Decrease Java thread stack sizes (-Xss)
#   Set larger code cache with -XX:ReservedCodeCacheSize=
#   JVM is running with Unscaled Compressed Oops mode in which the Java heap is
#     placed in the first 4GB address space. The Java Heap base address is the
#     maximum limit for the native heap growth. Please use -XX:HeapBaseMinAddress
#     to set the Java Heap base and to place the Java Heap above 4GB virtual address.
# This output file may be truncated or incomplete.
#
#  Out of Memory Error (os_windows.cpp:3469), pid=2680, tid=26924
#
# JRE version:  (17.0+35) (build )
# Java VM: OpenJDK 64-Bit Server VM (17+35-2724, mixed mode, sharing, tiered, compressed oops, compressed class ptrs, g1 gc, windows-amd64)
# No core dump will be written. Minidumps are not enabled by default on client versions of Windows
#

---------------  S U M M A R Y ------------

Command Line: -Dorg.gradle.internal.worker.tmpdir=D:\javaWork\gittest\springBootRestProjectFileUpload_20250909\build\tmp\test\work -agentlib:jdwp=transport=dt_socket,server=n,suspend=y,address=127.0.0.1:63508 -Xmx512m -Dfile.encoding=UTF-8 -Duser.country=KR -Duser.language=ko -Duser.variant -ea worker.org.gradle.process.internal.worker.GradleWorkerMain 'Gradle Test Executor 23'

Host: 13th Gen Intel(R) Core(TM) i5-13500H, 16 cores, 15G,  Windows 10 , 64 bit Build 19041 (10.0.19041.5915)
Time: Wed Sep 10 13:32:53 2025  Windows 10 , 64 bit Build 19041 (10.0.19041.5915) elapsed time: 0.006577 seconds (0d 0h 0m 0s)

---------------  T H R E A D  ---------------

Current thread (0x0000021689007ea0):  JavaThread "Unknown thread" [_thread_in_vm, id=26924, stack(0x0000009830f00000,0x0000009831000000)]

Stack: [0x0000009830f00000,0x0000009831000000]
Native frames: (J=compiled Java code, j=interpreted, Vv=VM code, C=native code)
V  [jvm.dll+0x66f8ea]
V  [jvm.dll+0x7ce224]
V  [jvm.dll+0x7cf9ce]
V  [jvm.dll+0x7d0033]
V  [jvm.dll+0x242bb5]
V  [jvm.dll+0x66c909]
V  [jvm.dll+0x6613d2]
V  [jvm.dll+0x30082b]
V  [jvm.dll+0x307db6]
V  [jvm.dll+0x357a0e]
V  [jvm.dll+0x357c3f]
V  [jvm.dll+0x2d7ae8]
V  [jvm.dll+0x2d8a54]
V  [jvm.dll+0x7a00a1]
V  [jvm.dll+0x365781]
V  [jvm.dll+0x77f59c]
V  [jvm.dll+0x3e805f]
V  [jvm.dll+0x3e9b01]
C  [jli.dll+0x527b]
C  [ucrtbase.dll+0x21bb2]
C  [KERNEL32.DLL+0x17374]
C  [ntdll.dll+0x4cc91]


---------------  P R O C E S S  ---------------

Threads class SMR info:
_java_thread_list=0x00007fffa6b07818, length=0, elements={
}

Java Threads: ( => current thread )

Other Threads:
  0x0000021689030870 GCTaskThread "GC Thread#0" [stack: 0x0000009831000000,0x0000009831100000] [id=9896]
  0x00000216890366d0 ConcurrentGCThread "G1 Main Marker" [stack: 0x0000009831100000,0x0000009831200000] [id=12764]
  0x0000021689037790 ConcurrentGCThread "G1 Conc#0" [stack: 0x0000009831200000,0x0000009831300000] [id=3008]

[error occurred during error reporting (printing all threads), id 0xc0000005, EXCEPTION_ACCESS_VIOLATION (0xc0000005) at pc=0x00007fffa63584c7]

VM state: not at safepoint (not fully initialized)

VM Mutex/Monitor currently owned by a thread:  ([mutex/lock_event])
[0x0000021686e8d430] Heap_lock - owner thread: 0x0000021689007ea0

Heap address: 0x00000000e0000000, size: 512 MB, Compressed Oops mode: 32-bit

CDS archive(s) mapped at: [0x0000000000000000-0x0000000000000000-0x0000000000000000), size 0, SharedBaseAddress: 0x0000000800000000, ArchiveRelocationMode: 0.
Narrow klass base: 0x0000000000000000, Narrow klass shift: 0, Narrow klass range: 0x0

GC Precious Log:
<Empty>

Heap:
 garbage-first heap   total 0K, used 0K [0x00000000e0000000, 0x0000000100000000)
  region size 1024K, 0 young (0K), 0 survivors (0K)

[error occurred during error reporting (printing heap information), id 0xc0000005, EXCEPTION_ACCESS_VIOLATION (0xc0000005) at pc=0x00007fffa6738c59]

GC Heap History (0 events):
No events

Deoptimization events (0 events):
No events

Classes unloaded (0 events):
No events

Classes redefined (0 events):
No events

Internal exceptions (0 events):
No events

VM Operations (0 events):
No events

Events (1 events):
Event: 0.004 Loaded shared library C:\Program Files\Java\jdk17\jdk-17\bin\java.dll


Dynamic libraries:
0x00007ff62f4f0000 - 0x00007ff62f4fe000 	C:\Program Files\Java\jdk17\jdk-17\bin\java.exe
0x00007ff80a670000 - 0x00007ff80a868000 	C:\WINDOWS\SYSTEM32\ntdll.dll
0x00007ff809740000 - 0x00007ff809802000 	C:\WINDOWS\System32\KERNEL32.DLL
0x00007ff807db0000 - 0x00007ff8080a7000 	C:\WINDOWS\System32\KERNELBASE.dll
0x00007ff8083e0000 - 0x00007ff8084e0000 	C:\WINDOWS\System32\ucrtbase.dll
0x00007fffc94d0000 - 0x00007fffc94e8000 	C:\Program Files\Java\jdk17\jdk-17\bin\jli.dll
0x00007fffc8330000 - 0x00007fffc834a000 	C:\Program Files\Java\jdk17\jdk-17\bin\VCRUNTIME140.dll
0x00007ff80a230000 - 0x00007ff80a3cd000 	C:\WINDOWS\System32\USER32.dll
0x00007ff807d80000 - 0x00007ff807da2000 	C:\WINDOWS\System32\win32u.dll
0x00007ff8089b0000 - 0x00007ff8089db000 	C:\WINDOWS\System32\GDI32.dll
0x00007ffff0f20000 - 0x00007ffff11ba000 	C:\WINDOWS\WinSxS\amd64_microsoft.windows.common-controls_6595b64144ccf1df_6.0.19041.5915_none_60b4b9d171f9c7c7\COMCTL32.dll
0x00007ff808290000 - 0x00007ff8083a9000 	C:\WINDOWS\System32\gdi32full.dll
0x00007ff8087c0000 - 0x00007ff80885e000 	C:\WINDOWS\System32\msvcrt.dll
0x00007ff8080b0000 - 0x00007ff80814d000 	C:\WINDOWS\System32\msvcp_win.dll
0x00007ff808980000 - 0x00007ff8089af000 	C:\WINDOWS\System32\IMM32.DLL
0x00007fffd7760000 - 0x00007fffd776c000 	C:\Program Files\Java\jdk17\jdk-17\bin\vcruntime140_1.dll
0x00007fffb1e80000 - 0x00007fffb1f0d000 	C:\Program Files\Java\jdk17\jdk-17\bin\msvcp140.dll
0x00007fffa6070000 - 0x00007fffa6c2e000 	C:\Program Files\Java\jdk17\jdk-17\bin\server\jvm.dll
0x00007ff808fc0000 - 0x00007ff809071000 	C:\WINDOWS\System32\ADVAPI32.dll
0x00007ff809810000 - 0x00007ff8098af000 	C:\WINDOWS\System32\sechost.dll
0x00007ff808b30000 - 0x00007ff808c56000 	C:\WINDOWS\System32\RPCRT4.dll
0x00007ff8083b0000 - 0x00007ff8083d7000 	C:\WINDOWS\System32\bcrypt.dll
0x00007ff8098b0000 - 0x00007ff8098b8000 	C:\WINDOWS\System32\PSAPI.DLL
0x00007ffff5af0000 - 0x00007ffff5b17000 	C:\WINDOWS\SYSTEM32\WINMM.dll
0x00007ffff9740000 - 0x00007ffff9749000 	C:\WINDOWS\SYSTEM32\WSOCK32.dll
0x00007ff809100000 - 0x00007ff80916b000 	C:\WINDOWS\System32\WS2_32.dll
0x00007ffffc6b0000 - 0x00007ffffc6ba000 	C:\WINDOWS\SYSTEM32\VERSION.dll
0x00007ff806520000 - 0x00007ff806532000 	C:\WINDOWS\SYSTEM32\kernel.appcore.dll
0x00007fffcee30000 - 0x00007fffcee3a000 	C:\Program Files\Java\jdk17\jdk-17\bin\jimage.dll
0x00007ff805070000 - 0x00007ff805271000 	C:\WINDOWS\SYSTEM32\DBGHELP.DLL
0x00007ffffb970000 - 0x00007ffffb9a4000 	C:\WINDOWS\SYSTEM32\dbgcore.DLL
0x00007ff808200000 - 0x00007ff808282000 	C:\WINDOWS\System32\bcryptPrimitives.dll
0x00007fffb3ad0000 - 0x00007fffb3b0b000 	C:\Program Files\Java\jdk17\jdk-17\bin\jdwp.dll
0x00007fffb8920000 - 0x00007fffb8945000 	C:\Program Files\Java\jdk17\jdk-17\bin\java.dll

dbghelp: loaded successfully - version: 4.0.5 - missing functions: none
symbol engine: initialized successfully - sym options: 0x614 - pdb path: .;C:\Program Files\Java\jdk17\jdk-17\bin;C:\WINDOWS\SYSTEM32;C:\WINDOWS\WinSxS\amd64_microsoft.windows.common-controls_6595b64144ccf1df_6.0.19041.5915_none_60b4b9d171f9c7c7;C:\Program Files\Java\jdk17\jdk-17\bin\server

VM Arguments:
jvm_args: -Dorg.gradle.internal.worker.tmpdir=D:\javaWork\gittest\springBootRestProjectFileUpload_20250909\build\tmp\test\work -agentlib:jdwp=transport=dt_socket,server=n,suspend=y,address=127.0.0.1:63508 -Xmx512m -Dfile.encoding=UTF-8 -Duser.country=KR -Duser.language=ko -Duser.variant -ea 
java_command: worker.org.gradle.process.internal.worker.GradleWorkerMain 'Gradle Test Executor 23'
java_class_path (initial): C:\\Users\\ysw\\.gradle\\caches\\8.14.3\\workerMain\\gradle-worker.jar;D:\\javaWork\\gittest\\springBootRestProjectFileUpload_20250909\\build\\classes\\java\\test;D:\\javaWork\\gittest\\springBootRestProjectFileUpload_20250909\\build\\classes\\java\\main;D:\\javaWork\\gittest\\springBootRestProjectFileUpload_20250909\\build\\resources\\main;C:\\Users\\ysw\\.gradle\\caches\\modules-2\\files-2.1\\org.springframework.boot\\spring-boot-starter-data-jpa\\3.5.5\\1b0c807e0f584dcf2c8fe7360c07ff18faeacf30\\spring-boot-starter-data-jpa-3.5.5.jar;C:\\Users\\ysw\\.gradle\\caches\\modules-2\\files-2.1\\org.springframework.boot\\spring-boot-starter-thymeleaf\\3.5.5\\c29eca2ec435a68ff89db1b2effba18ff513c7e7\\spring-boot-starter-thymeleaf-3.5.5.jar;C:\\Users\\ysw\\.gradle\\caches\\modules-2\\files-2.1\\org.springframework.boot\\spring-boot-starter-web\\3.5.5\\b9039cd5aa1feda2cfbd487233e343f66627f78f\\spring-boot-starter-web-3.5.5.jar;C:\\Users\\ysw\\.gradle\\caches\\modules-2\\files-2.1\\nz.net.ultraq.thymeleaf\\thymeleaf-layout-dialect\\3.1.0\\a3f0e5a1c458b104c0e90efb1cb513e3eaf99d71\\thymeleaf-layout-dialect-3.1.0.jar;C:\\Users\\ysw\\.gradle\\caches\\modules-2\\files-2.1\\com.querydsl\\querydsl-jpa\\5.0.0\\2a653852848dee41b967d3520be3339f0f92f1ea\\querydsl-jpa-5.0.0-jakarta.jar;C:\\Users\\ysw\\.gradle\\caches\\modules-2\\files-2.1\\org.modelmapper\\modelmapper\\3.1.1\\6636e94590e9d98e5e7db7e4fafcc15e9390e18d\\modelmapper-3.1.1.jar;C:\\Users\\ysw\\.gradle\\caches\\modules-2\\files-2.1\\org.springframework.boot\\spring-boot-starter-validation\\3.5.5\\5510bd155652ef231976f1ff1ca1bb1d9698829c\\spring-boot-starter-validation-3.5.5.jar;C:\\Users\\ysw\\.gradle\\caches\\modules-2\\files-2.1\\org.springdoc\\springdoc-openapi-starter-webmvc-ui\\2.8.4\\f96c8341b77ed4a113bdbf8a525dccefb53495d4\\springdoc-openapi-starter-webmvc-ui-2.8.4.jar;C:\\Users\\ysw\\.gradle\\caches\\modules-2\\files-2.1\\net.coobird\\thumbnailator\\0.4.20\\fe6fe3fe8606c44ecd1832c77d30345212
Launcher Type: SUN_STANDARD

[Global flags]
     intx CICompilerCount                          = 12                                        {product} {ergonomic}
     uint ConcGCThreads                            = 3                                         {product} {ergonomic}
     uint G1ConcRefinementThreads                  = 13                                        {product} {ergonomic}
   size_t G1HeapRegionSize                         = 1048576                                   {product} {ergonomic}
    uintx GCDrainStackTargetSize                   = 64                                        {product} {ergonomic}
   size_t InitialHeapSize                          = 264241152                                 {product} {ergonomic}
   size_t MarkStackSize                            = 4194304                                   {product} {ergonomic}
   size_t MaxHeapSize                              = 536870912                                 {product} {command line}
   size_t MinHeapDeltaBytes                        = 1048576                                   {product} {ergonomic}
   size_t MinHeapSize                              = 8388608                                   {product} {ergonomic}
    uintx NonNMethodCodeHeapSize                   = 7602480                                {pd product} {ergonomic}
    uintx NonProfiledCodeHeapSize                  = 122027880                              {pd product} {ergonomic}
    uintx ProfiledCodeHeapSize                     = 122027880                              {pd product} {ergonomic}
    uintx ReservedCodeCacheSize                    = 251658240                              {pd product} {ergonomic}
     bool SegmentedCodeCache                       = true                                      {product} {ergonomic}
   size_t SoftMaxHeapSize                          = 536870912                              {manageable} {ergonomic}
     bool UseCompressedClassPointers               = true                           {product lp64_product} {ergonomic}
     bool UseCompressedOops                        = true                           {product lp64_product} {ergonomic}
     bool UseG1GC                                  = true                                      {product} {ergonomic}
     bool UseLargePagesIndividualAllocation        = false                                  {pd product} {ergonomic}

Logging:
Log output configuration:
 #0: stdout all=warning uptime,level,tags
 #1: stderr all=off uptime,level,tags

Environment Variables:
JAVA_HOME=C:\Program Files\Java\jdk-11.0.0.2
CLASSPATH=.;C:\PROGRA~1\IBM\IBMDAT~1\java\db2jcc4.jar;C:\PROGRA~1\IBM\IBMDAT~1\java\sqlj4.zip;C:\PROGRA~1\IBM\IBMDAT~1\bin
PATH=C:\Program Files (x86)\VMware\VMware Player\bin\;C:\app\ysw\product\11.2.0\client_1\bin;D:\NST\jdk\jdk.1.7.0_80\bin%;C:\program\WINDOWS.X64_193000_db_home\bin;C:\Program Files\Microsoft\jdk-11.0.16.101-hotspot\bin;C:\Program Files (x86)\Common Files\Oracle\Java\javapath;C:\Windows\system32;C:\Windows;C:\Windows\System32\Wbem;C:\Windows\System32\WindowsPowerShell\v1.0\;C:\Windows\System32\OpenSSH\;C:\Program Files (x86)\NVIDIA Corporation\PhysX\Common;C:\Program Files\NVIDIA Corporation\NVIDIA NvDLISR;C:\WINDOWS\system32;C:\WINDOWS;C:\WINDOWS\System32\Wbem;C:\WINDOWS\System32\WindowsPowerShell\v1.0\;C:\WINDOWS\System32\OpenSSH\;c:\Program Files (x86)\Microsoft SQL Server\100\Tools\Binn\;c:\Program Files\Microsoft SQL Server\100\Tools\Binn\;c:\Program Files\Microsoft SQL Server\100\DTS\Binn\;c:\Program Files (x86)\Microsoft SQL Server\100\Tools\Binn\VSShell\Common7\IDE\;c:\Program Files (x86)\Microsoft SQL Server\100\DTS\Binn\;c:\Program Files (x86)\Microsoft SQL Server\90\Tools\binn\;C:\Program Files\Bandizip\;C:\Program Files\TortoiseSVN\bin;C:\Program Files (x86)\Microsoft SQL Server\Client SDK\ODBC\130\Tools\Binn\;C:\Program Files (x86)\Microsoft SQL Server\140\Tools\Binn\;C:\Program Files (x86)\Microsoft SQL Server\140\DTS\Binn\;C:\Program Files (x86)\Microsoft SQL Server\140\Tools\Binn\ManagementStudio\;C:\Program Files\Microsoft SQL Server\150\Tools\Binn\;C:\Program Files\dotnet\;C:\Program Files\VisualSVN Server\bin;C:\PROGRA~1\IBM\IBMDAT~1\BIN;C:\Program Files (x86)\Microsoft SQL Server\160\DTS\Binn\;C:\Program Files\Azure Data Studio\bin;C:\Program Files\Git\cmd;C:\Users\ysw\AppData\Local\Microsoft\WindowsApps;C:\Users\ysw\AppData\Local\Programs\Microsoft VS Code\bin;C:\Program Files\Azure Data Studio\bin;C:\Program Files\JetBrains\IntelliJ IDEA 2023.1.6\bin;;D:\Programs\cursor\resources\app\bin
USERNAME=ysw
OS=Windows_NT
PROCESSOR_IDENTIFIER=Intel64 Family 6 Model 186 Stepping 2, GenuineIntel



---------------  S Y S T E M  ---------------

OS:
 Windows 10 , 64 bit Build 19041 (10.0.19041.5915)
OS uptime: 19 days 4:37 hours

CPU: total 16 (initial active 16) (8 cores per cpu, 2 threads per core) family 6 model 186 stepping 2 microcode 0x4119, cx8, cmov, fxsr, ht, mmx, 3dnowpref, sse, sse2, sse3, ssse3, sse4.1, sse4.2, popcnt, lzcnt, tsc, tscinvbit, avx, avx2, aes, erms, clmul, bmi1, bmi2, adx, sha, fma, vzeroupper, clflush, clflushopt, clwb

Memory: 4k page, system-wide physical 16024M (1145M free)
TotalPageFile size 28824M (AvailPageFile size 19M)
current process WorkingSet (physical memory assigned to process): 11M, peak: 11M
current process commit charge ("private bytes"): 70M, peak: 322M

vm_info: OpenJDK 64-Bit Server VM (17+35-2724) for windows-amd64 JRE (17+35-2724), built on Aug  5 2021 23:26:02 by "mach5one" with MS VC++ 16.8 (VS2019)

END.
