1757471797982|1|statement|connection 0|url jdbc:p6spy:mariadb://localhost:3306/webdb|SELECT @@character_set_database, @@sql_mode|SELECT @@character_set_database, @@sql_mode
1757471798653|0|statement|connection 0|url jdbc:p6spy:mariadb://localhost:3306/webdb|select table_name from information_schema.TABLES where table_schema=database() and table_type='SEQUENCE'|select table_name from information_schema.TABLES where table_schema=database() and table_type='SEQUENCE'
1757471798675|0|statement|connection 0|url jdbc:p6spy:mariadb://localhost:3306/webdb|select * from `webdb`.`board` where 1=0|select * from `webdb`.`board` where 1=0
1757471798678|0|statement|connection 0|url jdbc:p6spy:mariadb://localhost:3306/webdb|select * from `webdb`.`board` where 1=0|select * from `webdb`.`board` where 1=0
1757471800873|0|statement|connection 0|url jdbc:p6spy:mariadb://localhost:3306/webdb|select b1_0.bno,b1_0.content,b1_0.moddate,b1_0.regdate,b1_0.title,b1_0.writer from board b1_0 where b1_0.bno=?|select b1_0.bno,b1_0.content,b1_0.moddate,b1_0.regdate,b1_0.title,b1_0.writer from board b1_0 where b1_0.bno=1
1757471800932|0|statement|connection 0|url jdbc:p6spy:mariadb://localhost:3306/webdb|select is1_0.board_bno,is1_0.uuid,is1_0.file_name,is1_0.ord from board_image is1_0 where is1_0.board_bno=?|select is1_0.board_bno,is1_0.uuid,is1_0.file_name,is1_0.ord from board_image is1_0 where is1_0.board_bno=1
1757471800949|0|rollback|connection 0|url jdbc:p6spy:mariadb://localhost:3306/webdb||
1757471855831|1|statement|connection 0|url jdbc:p6spy:mariadb://localhost:3306/webdb|SELECT @@character_set_database, @@sql_mode|SELECT @@character_set_database, @@sql_mode
1757471856512|0|statement|connection 0|url jdbc:p6spy:mariadb://localhost:3306/webdb|select table_name from information_schema.TABLES where table_schema=database() and table_type='SEQUENCE'|select table_name from information_schema.TABLES where table_schema=database() and table_type='SEQUENCE'
1757471856530|0|statement|connection 0|url jdbc:p6spy:mariadb://localhost:3306/webdb|select * from `webdb`.`board` where 1=0|select * from `webdb`.`board` where 1=0
1757471856533|0|statement|connection 0|url jdbc:p6spy:mariadb://localhost:3306/webdb|select * from `webdb`.`board` where 1=0|select * from `webdb`.`board` where 1=0
1757471858433|0|statement|connection 0|url jdbc:p6spy:mariadb://localhost:3306/webdb|select b1_0.bno,b1_0.content,b1_0.moddate,b1_0.regdate,b1_0.title,b1_0.writer from board b1_0 where b1_0.bno=?|select b1_0.bno,b1_0.content,b1_0.moddate,b1_0.regdate,b1_0.title,b1_0.writer from board b1_0 where b1_0.bno=1
1757471858479|0|statement|connection 0|url jdbc:p6spy:mariadb://localhost:3306/webdb|select is1_0.board_bno,is1_0.uuid,is1_0.file_name,is1_0.ord from board_image is1_0 where is1_0.board_bno=?|select is1_0.board_bno,is1_0.uuid,is1_0.file_name,is1_0.ord from board_image is1_0 where is1_0.board_bno=1
1757471858491|0|rollback|connection 0|url jdbc:p6spy:mariadb://localhost:3306/webdb||
1757471907219|1|statement|connection 0|url jdbc:p6spy:mariadb://localhost:3306/webdb|SELECT @@character_set_database, @@sql_mode|SELECT @@character_set_database, @@sql_mode
1757471907886|1|statement|connection 0|url jdbc:p6spy:mariadb://localhost:3306/webdb|select table_name from information_schema.TABLES where table_schema=database() and table_type='SEQUENCE'|select table_name from information_schema.TABLES where table_schema=database() and table_type='SEQUENCE'
1757471907908|0|statement|connection 0|url jdbc:p6spy:mariadb://localhost:3306/webdb|select * from `webdb`.`board` where 1=0|select * from `webdb`.`board` where 1=0
1757471907911|0|statement|connection 0|url jdbc:p6spy:mariadb://localhost:3306/webdb|select * from `webdb`.`board` where 1=0|select * from `webdb`.`board` where 1=0
1757471910168|0|statement|connection 0|url jdbc:p6spy:mariadb://localhost:3306/webdb|select b1_0.bno,b1_0.content,b1_0.moddate,b1_0.regdate,b1_0.title,b1_0.writer from board b1_0 where b1_0.bno=?|select b1_0.bno,b1_0.content,b1_0.moddate,b1_0.regdate,b1_0.title,b1_0.writer from board b1_0 where b1_0.bno=1
1757471910198|0|statement|connection 0|url jdbc:p6spy:mariadb://localhost:3306/webdb|select is1_0.board_bno,is1_0.uuid,is1_0.file_name,is1_0.ord from board_image is1_0 where is1_0.board_bno=?|select is1_0.board_bno,is1_0.uuid,is1_0.file_name,is1_0.ord from board_image is1_0 where is1_0.board_bno=1
1757471910207|0|rollback|connection 0|url jdbc:p6spy:mariadb://localhost:3306/webdb||
